#
# A fatal error has been detected by the Java Runtime Environment:
#
#  EXCEPTION_ACCESS_VIOLATION (0xc0000005) at pc=0x00007ffa891fe006, pid=9664, tid=5196
#
# JRE version: OpenJDK Runtime Environment AdoptOpenJDK (11.0.10+9) (build 11.0.10+9)
# Java VM: OpenJDK 64-Bit Server VM AdoptOpenJDK (11.0.10+9, mixed mode, tiered, compressed oops, g1 gc, windows-amd64)
# Problematic frame:
# V  [jvm.dll+0x18e006]
#
# No core dump will be written. Minidumps are not enabled by default on client versions of Windows
#
# If you would like to submit a bug report, please visit:
#   https://github.com/AdoptOpenJDK/openjdk-support/issues
#

---------------  S U M M A R Y ------------

Command Line: -Dhttps.protocols=TLSv1,TLSv1.1,TLSv1.2 bluej.Boot T:\Angelina Pilkenrodt\Schule\Info\Bankanwendung-copy\package.bluej

Host: Intel(R) Pentium(R) CPU G4400 @ 3.30GHz, 2 cores, 3G,  Windows 10 , 64 bit Build 19041 (10.0.19041.1741)
Time: Fri Jun 24 10:26:16 2022 Mitteleuropäische Sommerzeit elapsed time: 9.531918 seconds (0d 0h 0m 9s)

---------------  T H R E A D  ---------------

Current thread (0x000001b285290000):  ConcurrentGCThread "G1 Conc#0" [stack: 0x0000007b9d800000,0x0000007b9d900000] [id=5196]

Stack: [0x0000007b9d800000,0x0000007b9d900000],  sp=0x0000007b9d8ff5e8,  free space=1021k
Native frames: (J=compiled Java code, j=interpreted, Vv=VM code, C=native code)
V  [jvm.dll+0x18e006]


siginfo: EXCEPTION_ACCESS_VIOLATION (0xc0000005), reading address 0x000000062c8be988


Register to memory mapping:

RIP=0x00007ffa891fe006 jvm.dll
RAX=0x0000840000000000 is an unknown value
RBX=0x0000840000000000 is an unknown value
RCX=0x00000000c5a25df8 is pointing into object: java.util.LinkedHashMap$Entry 
{0x00000000c5a25df0} - klass: 'java/util/LinkedHashMap$Entry'
RDX=0x00000000c5a25df8 is pointing into object: java.util.LinkedHashMap$Entry 
{0x00000000c5a25df0} - klass: 'java/util/LinkedHashMap$Entry'
RSP=0x0000007b9d8ff5e8 points into unknown readable memory: 0x00007ffa8934a89d | 9d a8 34 89 fa 7f 00 00
RBP=0x0 is NULL
RSI=0x8000000000000001 is an unknown value
RDI=0x00000000c5a25df8 is pointing into object: java.util.LinkedHashMap$Entry 
{0x00000000c5a25df0} - klass: 'java/util/LinkedHashMap$Entry'
R8 =0x0000840000000000 is an unknown value
R9 =0x000000062c8be980 is an unknown value
R10=0x000001b2a3c590d0 points into unknown readable memory: 0x00007ffa898fb0c0 | c0 b0 8f 89 fa 7f 00 00
R11=0x00007ffa89a77170 jvm.dll
R12=0x0 is NULL
R13=0x0 is NULL
R14=0x000001b29fba8970 points into unknown readable memory: 0x8000840000000000 | 00 00 00 00 00 84 00 80
R15=0x000001b2852885b0 points into unknown readable memory: 0x000001b28528d000 | 00 d0 28 85 b2 01 00 00


Registers:
RAX=0x0000840000000000, RBX=0x0000840000000000, RCX=0x00000000c5a25df8, RDX=0x00000000c5a25df8
RSP=0x0000007b9d8ff5e8, RBP=0x0000000000000000, RSI=0x8000000000000001, RDI=0x00000000c5a25df8
R8 =0x0000840000000000, R9 =0x000000062c8be980, R10=0x000001b2a3c590d0, R11=0x00007ffa89a77170
R12=0x0000000000000000, R13=0x0000000000000000, R14=0x000001b29fba8970, R15=0x000001b2852885b0
RIP=0x00007ffa891fe006, EFLAGS=0x0000000000010202

Top of Stack: (sp=0x0000007b9d8ff5e8)
0x0000007b9d8ff5e8:   00007ffa8934a89d 0000000000000000
0x0000007b9d8ff5f8:   0000000000000001 0000000000000000
0x0000007b9d8ff608:   00007ffa8934a89d 000001b285290c01
0x0000007b9d8ff618:   000001b2852920e0 00000000c5a25df8
0x0000007b9d8ff628:   00007ffa8934a682 000001b285291fa0
0x0000007b9d8ff638:   0000007b9d8ff808 000001b285288600
0x0000007b9d8ff648:   00000000c58f00f8 00000000c58f40f8
0x0000007b9d8ff658:   00007ffa8934394d 00000000c58a2a38
0x0000007b9d8ff668:   00000000c58f1c9c 00000000c58a1e18
0x0000007b9d8ff678:   00007ffa8934263d 00000000c58f00f8
0x0000007b9d8ff688:   0000000000000800 000001b285291fa0
0x0000007b9d8ff698:   00007ffa8935689f 00000000c58f00f8
0x0000007b9d8ff6a8:   0000007b9d8ff7b0 0000000000000800
0x0000007b9d8ff6b8:   00007ffa893568ea 00000000c58f00f8
0x0000007b9d8ff6c8:   0000000000000800 000001b285290c01
0x0000007b9d8ff6d8:   0000007b9d8ff7b0 00000000c58f00f8 

Instructions: (pc=0x00007ffa891fe006)
0x00007ffa891fdf06:   eb 04 48 8b 43 08 81 78 08 00 00 00 c0 73 7d 48
0x00007ffa891fdf16:   8b 4f 38 48 8b d3 48 8b 01 ff 50 20 84 c0 75 6c
0x00007ffa891fdf26:   38 05 35 12 8e 00 74 15 8b 53 08 8b 0d e1 64 89
0x00007ffa891fdf36:   00 48 d3 e2 48 03 15 cf 64 89 00 eb 04 48 8b 53
0x00007ffa891fdf46:   08 48 8b cb 48 89 5c 24 20 e8 ac 00 00 00 80 7f
0x00007ffa891fdf56:   30 00 48 63 c8 48 89 4c 24 28 0f 28 44 24 20 74
0x00007ffa891fdf66:   17 0f 11 86 98 03 00 00 48 8b 5c 24 40 48 8b 74
0x00007ffa891fdf76:   24 48 48 83 c4 30 5f c3 48 8b 07 48 8d 54 24 20
0x00007ffa891fdf86:   48 8b cf 66 0f 7f 44 24 20 ff 50 38 48 8b 5c 24
0x00007ffa891fdf96:   40 48 8b 74 24 48 48 83 c4 30 5f c3 cc cc cc cc
0x00007ffa891fdfa6:   cc cc cc cc cc cc cc cc cc cc 48 8b 49 38 48 8b
0x00007ffa891fdfb6:   01 48 ff 60 28 cc cc cc cc cc 80 3d 9a 11 8e 00
0x00007ffa891fdfc6:   00 48 8b c1 74 1b 8b 51 08 8b 0d 43 64 89 00 48
0x00007ffa891fdfd6:   d3 e2 48 8b c8 48 03 15 2e 64 89 00 e9 19 00 00
0x00007ffa891fdfe6:   00 48 8b 51 08 48 8b c8 e9 0d 00 00 00 cc cc cc
0x00007ffa891fdff6:   cc cc cc cc cc cc cc cc cc cc 4c 8b ca 48 8b d1
0x00007ffa891fe006:   45 8b 41 08 45 85 c0 7e 0e 41 f6 c0 01 75 56 41
0x00007ffa891fe016:   c1 f8 03 41 8b c0 c3 79 4c 80 3d 3b 11 8e 00 00
0x00007ffa891fe026:   b8 0c 00 00 00 b9 10 00 00 00 0f 45 c8 8b 05 2b
0x00007ffa891fe036:   96 87 00 ff c8 4c 63 c8 48 63 14 11 41 8b c8 83
0x00007ffa891fe046:   e1 3f 48 d3 e2 41 8b c8 48 c1 f9 10 0f b6 c1 49
0x00007ffa891fe056:   8d 0c 11 49 f7 d1 48 03 c1 49 c1 e9 03 48 c1 e8
0x00007ffa891fe066:   03 41 23 c1 c3 49 8b 01 49 8b c9 48 ff a0 10 01
0x00007ffa891fe076:   00 00 cc cc cc cc cc cc cc cc 48 8b c2 c3 cc cc
0x00007ffa891fe086:   cc cc cc cc cc cc cc cc cc cc 48 83 ec 38 0f 10
0x00007ffa891fe096:   02 48 8b 49 38 48 8d 54 24 20 0f 29 44 24 20 e8
0x00007ffa891fe0a6:   16 f0 ff ff 48 83 c4 38 c3 cc 48 83 ec 38 0f 10
0x00007ffa891fe0b6:   02 48 8b 01 48 8d 54 24 20 0f 29 44 24 20 ff 50
0x00007ffa891fe0c6:   38 48 83 c4 38 c3 cc cc cc cc 48 89 5c 24 08 55
0x00007ffa891fe0d6:   56 57 41 54 41 55 41 56 41 57 48 8d 6c 24 e0 48
0x00007ffa891fe0e6:   81 ec 20 01 00 00 48 8b 05 85 e9 8a 00 48 33 c4
0x00007ffa891fe0f6:   48 89 45 10 48 8b 05 4f 7e 8d 00 45 33 ed 4c 8b 


Stack slot to memory mapping:
stack at sp + 0 slots: 0x00007ffa8934a89d jvm.dll
stack at sp + 1 slots: 0x0 is NULL
stack at sp + 2 slots: 0x0000000000000001 is an unknown value
stack at sp + 3 slots: 0x0 is NULL
stack at sp + 4 slots: 0x00007ffa8934a89d jvm.dll
stack at sp + 5 slots: 0x000001b285290c01 points into unknown readable memory: 00 00 00 00 00 00 00
stack at sp + 6 slots: 0x000001b2852920e0 points into unknown readable memory: 0x00007ffa89934300 | 00 43 93 89 fa 7f 00 00
stack at sp + 7 slots: 0x00000000c5a25df8 is pointing into object: java.util.LinkedHashMap$Entry 
{0x00000000c5a25df0} - klass: 'java/util/LinkedHashMap$Entry'


---------------  P R O C E S S  ---------------

Threads class SMR info:
_java_thread_list=0x000001b2a3ad5ec0, length=35, elements={
0x000001b285254000, 0x000001b2a35bc800, 0x000001b2a35c6000, 0x000001b2a35d9000,
0x000001b2a35da000, 0x000001b2a35dc800, 0x000001b2a35de800, 0x000001b2a3630000,
0x000001b2a37b3000, 0x000001b2a3902800, 0x000001b2a399f000, 0x000001b2a3c5c000,
0x000001b2a3d3a000, 0x000001b2a3d14000, 0x000001b2a3ef6000, 0x000001b2a3ec9800,
0x000001b2a931a000, 0x000001b2a954b800, 0x000001b2aafe7000, 0x000001b2abb4a000,
0x000001b2abb49000, 0x000001b2adaa6000, 0x000001b2adaa5000, 0x000001b2adaa0800,
0x000001b2adaa2000, 0x000001b2adaa2800, 0x000001b2adaa8800, 0x000001b2adaaf000,
0x000001b2adaa1000, 0x000001b2adaaa000, 0x000001b2adaa7800, 0x000001b2adaa9800,
0x000001b2adaab000, 0x000001b2adaa7000, 0x000001b2adaab800
}

Java Threads: ( => current thread )
  0x000001b285254000 JavaThread "main" [_thread_blocked, id=8112, stack(0x0000007b9d500000,0x0000007b9d600000)]
  0x000001b2a35bc800 JavaThread "Reference Handler" daemon [_thread_blocked, id=7240, stack(0x0000007b9dc00000,0x0000007b9dd00000)]
  0x000001b2a35c6000 JavaThread "Finalizer" daemon [_thread_blocked, id=9784, stack(0x0000007b9dd00000,0x0000007b9de00000)]
  0x000001b2a35d9000 JavaThread "Signal Dispatcher" daemon [_thread_blocked, id=2604, stack(0x0000007b9de00000,0x0000007b9df00000)]
  0x000001b2a35da000 JavaThread "Attach Listener" daemon [_thread_blocked, id=2628, stack(0x0000007b9df00000,0x0000007b9e000000)]
  0x000001b2a35dc800 JavaThread "Service Thread" daemon [_thread_blocked, id=10524, stack(0x0000007b9e000000,0x0000007b9e100000)]
  0x000001b2a35de800 JavaThread "C2 CompilerThread0" daemon [_thread_blocked, id=10488, stack(0x0000007b9e100000,0x0000007b9e200000)]
  0x000001b2a3630000 JavaThread "C1 CompilerThread0" daemon [_thread_in_native_trans, id=3544, stack(0x0000007b9e200000,0x0000007b9e300000)]
  0x000001b2a37b3000 JavaThread "Sweeper thread" daemon [_thread_blocked, id=11020, stack(0x0000007b9e300000,0x0000007b9e400000)]
  0x000001b2a3902800 JavaThread "Common-Cleaner" daemon [_thread_blocked, id=2012, stack(0x0000007b9e500000,0x0000007b9e600000)]
  0x000001b2a399f000 JavaThread "JavaFX-Launcher" [_thread_blocked, id=10812, stack(0x0000007b9e600000,0x0000007b9e700000)]
  0x000001b2a3c5c000 JavaThread "QuantumRenderer-0" daemon [_thread_blocked, id=2560, stack(0x0000007b9e700000,0x0000007b9e800000)]
  0x000001b2a3d3a000 JavaThread "InvokeLaterDispatcher" daemon [_thread_blocked, id=9016, stack(0x0000007b9e900000,0x0000007b9ea00000)]
  0x000001b2a3d14000 JavaThread "JavaFX Application Thread" [_thread_in_vm_trans, id=8464, stack(0x0000007b9ea00000,0x0000007b9eb00000)]
  0x000001b2a3ef6000 JavaThread "Thread-2" daemon [_thread_in_native, id=10032, stack(0x0000007b9ed00000,0x0000007b9ee00000)]
  0x000001b2a3ec9800 JavaThread "subMain thread" [_thread_blocked, id=2176, stack(0x0000007b9ee00000,0x0000007b9ef00000)]
  0x000001b2a931a000 JavaThread "Java2D Disposer" daemon [_thread_blocked, id=1252, stack(0x0000007b9f200000,0x0000007b9f300000)]
  0x000001b2a954b800 JavaThread "AWT-Shutdown" [_thread_blocked, id=6972, stack(0x0000007b9f300000,0x0000007b9f400000)]
  0x000001b2aafe7000 JavaThread "AWT-Windows" daemon [_thread_in_native, id=2400, stack(0x0000007b9f400000,0x0000007b9f500000)]
  0x000001b2abb4a000 JavaThread "Keep-Alive-Timer" daemon [_thread_blocked, id=7708, stack(0x0000007b9f700000,0x0000007b9f800000)]
  0x000001b2abb49000 JavaThread "AWT-EventQueue-0" [_thread_blocked, id=6132, stack(0x0000007b9f800000,0x0000007b9f900000)]
  0x000001b2adaa6000 JavaThread "SwingNode Disposer" daemon [_thread_blocked, id=4880, stack(0x0000007b9fa00000,0x0000007b9fb00000)]
  0x000001b2adaa5000 JavaThread "Prism Font Disposer" daemon [_thread_blocked, id=9356, stack(0x0000007b9f500000,0x0000007b9f600000)]
  0x000001b2adaa0800 JavaThread "Machine Loader" [_thread_blocked, id=300, stack(0x0000007b9f600000,0x0000007b9f700000)]
  0x000001b2adaa2000 JavaThread "pool-2-thread-1" [_thread_blocked, id=5060, stack(0x0000007b9fb00000,0x0000007b9fc00000)]
  0x000001b2adaa2800 JavaThread "Disposer" daemon [_thread_blocked, id=8364, stack(0x0000007b9fd00000,0x0000007b9fe00000)]
  0x000001b2adaa8800 JavaThread "BlueJ Compiler Thread" [_thread_blocked, id=9760, stack(0x0000007ba0600000,0x0000007ba0700000)]
  0x000001b2adaaf000 JavaThread "Cleaner-0" daemon [_thread_blocked, id=6092, stack(0x0000007ba0700000,0x0000007ba0800000)]
  0x000001b2adaa1000 JavaThread "JDI Internal Event Handler" daemon [_thread_blocked, id=5796, stack(0x0000007ba0000000,0x0000007ba0100000)]
  0x000001b2adaaa000 JavaThread "JDI Target VM Interface" daemon [_thread_in_native, id=9992, stack(0x0000007ba0200000,0x0000007ba0300000)]
  0x000001b2adaa7800 JavaThread "BlueJ I/O Handler" [_thread_in_native, id=7972, stack(0x0000007b9ff00000,0x0000007ba0000000)]
  0x000001b2adaa9800 JavaThread "BlueJ I/O Handler" [_thread_in_native, id=7804, stack(0x0000007ba0100000,0x0000007ba0200000)]
  0x000001b2adaab000 JavaThread "BlueJ I/O Handler" [_thread_blocked, id=7040, stack(0x0000007ba0300000,0x0000007ba0400000)]
  0x000001b2adaa7000 JavaThread "VM Event Handler Helper" [_thread_blocked, id=11000, stack(0x0000007ba0500000,0x0000007ba0600000)]
  0x000001b2adaab800 JavaThread "vm-event-handler" [_thread_blocked, id=8608, stack(0x0000007ba0800000,0x0000007ba0900000)]

Other Threads:
  0x000001b2a3596000 VMThread "VM Thread" [stack: 0x0000007b9db00000,0x0000007b9dc00000] [id=8756]
  0x000001b2a38f7000 WatcherThread [stack: 0x0000007b9e400000,0x0000007b9e500000] [id=8672]
  0x000001b28526d000 GCTaskThread "GC Thread#0" [stack: 0x0000007b9d600000,0x0000007b9d700000] [id=10684]
  0x000001b2a3d08000 GCTaskThread "GC Thread#1" [stack: 0x0000007b9e800000,0x0000007b9e900000] [id=7748]
  0x000001b28528d000 ConcurrentGCThread "G1 Main Marker" [stack: 0x0000007b9d700000,0x0000007b9d800000] [id=7772]
=>0x000001b285290000 ConcurrentGCThread "G1 Conc#0" [stack: 0x0000007b9d800000,0x0000007b9d900000] [id=5196]
  0x000001b2852dd000 ConcurrentGCThread "G1 Refine#0" [stack: 0x0000007b9d900000,0x0000007b9da00000] [id=5572]
  0x000001b2852df000 ConcurrentGCThread "G1 Young RemSet Sampling" [stack: 0x0000007b9da00000,0x0000007b9db00000] [id=9440]

Threads with active compile tasks:
C1 CompilerThread0   9796 7745       3       sun.util.locale.provider.LocaleProviderAdapter::getAdapter (177 bytes)

VM state:not at safepoint (normal execution)

VM Mutex/Monitor currently owned by a thread: None

Heap address: 0x00000000c1800000, size: 1000 MB, Compressed Oops mode: 32-bit
Narrow klass base: 0x0000000000000000, Narrow klass shift: 3
Compressed class space size: 1073741824 Address: 0x0000000100000000

Heap:
 garbage-first heap   total 310272K, used 70108K [0x00000000c1800000, 0x0000000100000000)
  region size 1024K, 7 young (7168K), 3 survivors (3072K)
 Metaspace       used 65812K, capacity 68739K, committed 69040K, reserved 1107968K
  class space    used 8684K, capacity 9905K, committed 9984K, reserved 1048576K
Heap Regions: E=young(eden), S=young(survivor), O=old, HS=humongous(starts), HC=humongous(continues), CS=collection set, F=free, A=archive, TAMS=top-at-mark-start (previous, next)
|   0|0x00000000c1800000, 0x00000000c1900000, 0x00000000c1900000|100%| O|  |TAMS 0x00000000c1900000, 0x00000000c1900000| Untracked 
|   1|0x00000000c1900000, 0x00000000c1a00000, 0x00000000c1a00000|100%| O|  |TAMS 0x00000000c1a00000, 0x00000000c1a00000| Untracked 
|   2|0x00000000c1a00000, 0x00000000c1b00000, 0x00000000c1b00000|100%| O|  |TAMS 0x00000000c1b00000, 0x00000000c1b00000| Untracked 
|   3|0x00000000c1b00000, 0x00000000c1c00000, 0x00000000c1c00000|100%| O|  |TAMS 0x00000000c1c00000, 0x00000000c1c00000| Untracked 
|   4|0x00000000c1c00000, 0x00000000c1d00000, 0x00000000c1d00000|100%| O|  |TAMS 0x00000000c1d00000, 0x00000000c1d00000| Untracked 
|   5|0x00000000c1d00000, 0x00000000c1e00000, 0x00000000c1e00000|100%| O|  |TAMS 0x00000000c1e00000, 0x00000000c1e00000| Untracked 
|   6|0x00000000c1e00000, 0x00000000c1f00000, 0x00000000c1f00000|100%| O|  |TAMS 0x00000000c1f00000, 0x00000000c1f00000| Untracked 
|   7|0x00000000c1f00000, 0x00000000c2000000, 0x00000000c2000000|100%| O|  |TAMS 0x00000000c2000000, 0x00000000c2000000| Untracked 
|   8|0x00000000c2000000, 0x00000000c2100000, 0x00000000c2100000|100%| O|  |TAMS 0x00000000c2100000, 0x00000000c2100000| Untracked 
|   9|0x00000000c2100000, 0x00000000c2200000, 0x00000000c2200000|100%| O|  |TAMS 0x00000000c2200000, 0x00000000c2200000| Untracked 
|  10|0x00000000c2200000, 0x00000000c2300000, 0x00000000c2300000|100%| O|  |TAMS 0x00000000c2300000, 0x00000000c2300000| Untracked 
|  11|0x00000000c2300000, 0x00000000c2400000, 0x00000000c2400000|100%| O|  |TAMS 0x00000000c2400000, 0x00000000c2400000| Untracked 
|  12|0x00000000c2400000, 0x00000000c2500000, 0x00000000c2500000|100%| O|  |TAMS 0x00000000c2500000, 0x00000000c2500000| Untracked 
|  13|0x00000000c2500000, 0x00000000c2600000, 0x00000000c2600000|100%| O|  |TAMS 0x00000000c2600000, 0x00000000c2600000| Untracked 
|  14|0x00000000c2600000, 0x00000000c2700000, 0x00000000c2700000|100%| O|  |TAMS 0x00000000c2700000, 0x00000000c2700000| Untracked 
|  15|0x00000000c2700000, 0x00000000c2800000, 0x00000000c2800000|100%| O|  |TAMS 0x00000000c2800000, 0x00000000c2800000| Untracked 
|  16|0x00000000c2800000, 0x00000000c2900000, 0x00000000c2900000|100%| O|  |TAMS 0x00000000c2900000, 0x00000000c2900000| Untracked 
|  17|0x00000000c2900000, 0x00000000c2a00000, 0x00000000c2a00000|100%| O|  |TAMS 0x00000000c2a00000, 0x00000000c2a00000| Untracked 
|  18|0x00000000c2a00000, 0x00000000c2b00000, 0x00000000c2b00000|100%| O|  |TAMS 0x00000000c2b00000, 0x00000000c2b00000| Untracked 
|  19|0x00000000c2b00000, 0x00000000c2c00000, 0x00000000c2c00000|100%| O|  |TAMS 0x00000000c2c00000, 0x00000000c2c00000| Untracked 
|  20|0x00000000c2c00000, 0x00000000c2d00000, 0x00000000c2d00000|100%|HS|  |TAMS 0x00000000c2d00000, 0x00000000c2d00000| Complete 
|  21|0x00000000c2d00000, 0x00000000c2e00000, 0x00000000c2e00000|100%|HC|  |TAMS 0x00000000c2e00000, 0x00000000c2e00000| Complete 
|  22|0x00000000c2e00000, 0x00000000c2f00000, 0x00000000c2f00000|100%| O|  |TAMS 0x00000000c2f00000, 0x00000000c2f00000| Untracked 
|  23|0x00000000c2f00000, 0x00000000c3000000, 0x00000000c3000000|100%| O|  |TAMS 0x00000000c3000000, 0x00000000c3000000| Untracked 
|  24|0x00000000c3000000, 0x00000000c3100000, 0x00000000c3100000|100%| O|  |TAMS 0x00000000c3100000, 0x00000000c3100000| Untracked 
|  25|0x00000000c3100000, 0x00000000c3200000, 0x00000000c3200000|100%| O|  |TAMS 0x00000000c3200000, 0x00000000c3200000| Untracked 
|  26|0x00000000c3200000, 0x00000000c3300000, 0x00000000c3300000|100%| O|  |TAMS 0x00000000c3300000, 0x00000000c3300000| Untracked 
|  27|0x00000000c3300000, 0x00000000c3400000, 0x00000000c3400000|100%| O|  |TAMS 0x00000000c3300000, 0x00000000c3400000| Untracked 
|  28|0x00000000c3400000, 0x00000000c3400000, 0x00000000c3500000|  0%| F|  |TAMS 0x00000000c3400000, 0x00000000c3400000| Untracked 
|  29|0x00000000c3500000, 0x00000000c3500000, 0x00000000c3600000|  0%| F|  |TAMS 0x00000000c3500000, 0x00000000c3500000| Untracked 
|  30|0x00000000c3600000, 0x00000000c3700000, 0x00000000c3700000|100%| O|  |TAMS 0x00000000c3700000, 0x00000000c3700000| Untracked 
|  31|0x00000000c3700000, 0x00000000c3800000, 0x00000000c3800000|100%| O|  |TAMS 0x00000000c3800000, 0x00000000c3800000| Untracked 
|  32|0x00000000c3800000, 0x00000000c3900000, 0x00000000c3900000|100%| O|  |TAMS 0x00000000c3900000, 0x00000000c3900000| Untracked 
|  33|0x00000000c3900000, 0x00000000c3900000, 0x00000000c3a00000|  0%| F|  |TAMS 0x00000000c3900000, 0x00000000c3900000| Untracked 
|  34|0x00000000c3a00000, 0x00000000c3a00000, 0x00000000c3b00000|  0%| F|  |TAMS 0x00000000c3a00000, 0x00000000c3a00000| Untracked 
|  35|0x00000000c3b00000, 0x00000000c3c00000, 0x00000000c3c00000|100%| O|  |TAMS 0x00000000c3c00000, 0x00000000c3c00000| Untracked 
|  36|0x00000000c3c00000, 0x00000000c3c00000, 0x00000000c3d00000|  0%| F|  |TAMS 0x00000000c3c00000, 0x00000000c3c00000| Untracked 
|  37|0x00000000c3d00000, 0x00000000c3e00000, 0x00000000c3e00000|100%| O|  |TAMS 0x00000000c3e00000, 0x00000000c3e00000| Untracked 
|  38|0x00000000c3e00000, 0x00000000c3f00000, 0x00000000c3f00000|100%| O|  |TAMS 0x00000000c3f00000, 0x00000000c3f00000| Untracked 
|  39|0x00000000c3f00000, 0x00000000c4000000, 0x00000000c4000000|100%| O|  |TAMS 0x00000000c4000000, 0x00000000c4000000| Untracked 
|  40|0x00000000c4000000, 0x00000000c4100000, 0x00000000c4100000|100%| O|  |TAMS 0x00000000c4100000, 0x00000000c4100000| Untracked 
|  41|0x00000000c4100000, 0x00000000c4200000, 0x00000000c4200000|100%|HS|  |TAMS 0x00000000c4100000, 0x00000000c4100000| Complete 
|  42|0x00000000c4200000, 0x00000000c4300000, 0x00000000c4300000|100%|HC|  |TAMS 0x00000000c4200000, 0x00000000c4200000| Complete 
|  43|0x00000000c4300000, 0x00000000c4400000, 0x00000000c4400000|100%|HC|  |TAMS 0x00000000c4300000, 0x00000000c4300000| Complete 
|  44|0x00000000c4400000, 0x00000000c4500000, 0x00000000c4500000|100%| O|  |TAMS 0x00000000c4400000, 0x00000000c4500000| Untracked 
|  45|0x00000000c4500000, 0x00000000c4600000, 0x00000000c4600000|100%| O|  |TAMS 0x00000000c4600000, 0x00000000c4600000| Untracked 
|  46|0x00000000c4600000, 0x00000000c4700000, 0x00000000c4700000|100%| O|  |TAMS 0x00000000c4700000, 0x00000000c4700000| Untracked 
|  47|0x00000000c4700000, 0x00000000c4800000, 0x00000000c4800000|100%| O|  |TAMS 0x00000000c4800000, 0x00000000c4800000| Untracked 
|  48|0x00000000c4800000, 0x00000000c4900000, 0x00000000c4900000|100%| O|  |TAMS 0x00000000c4900000, 0x00000000c4900000| Untracked 
|  49|0x00000000c4900000, 0x00000000c4a00000, 0x00000000c4a00000|100%| O|  |TAMS 0x00000000c4a00000, 0x00000000c4a00000| Untracked 
|  50|0x00000000c4a00000, 0x00000000c4b00000, 0x00000000c4b00000|100%| O|  |TAMS 0x00000000c4b00000, 0x00000000c4b00000| Untracked 
|  51|0x00000000c4b00000, 0x00000000c4c00000, 0x00000000c4c00000|100%| O|  |TAMS 0x00000000c4c00000, 0x00000000c4c00000| Untracked 
|  52|0x00000000c4c00000, 0x00000000c4d00000, 0x00000000c4d00000|100%| O|  |TAMS 0x00000000c4d00000, 0x00000000c4d00000| Untracked 
|  53|0x00000000c4d00000, 0x00000000c4e00000, 0x00000000c4e00000|100%| O|  |TAMS 0x00000000c4e00000, 0x00000000c4e00000| Untracked 
|  54|0x00000000c4e00000, 0x00000000c4f00000, 0x00000000c4f00000|100%| O|  |TAMS 0x00000000c4f00000, 0x00000000c4f00000| Untracked 
|  55|0x00000000c4f00000, 0x00000000c5000000, 0x00000000c5000000|100%| O|  |TAMS 0x00000000c5000000, 0x00000000c5000000| Untracked 
|  56|0x00000000c5000000, 0x00000000c5100000, 0x00000000c5100000|100%| O|  |TAMS 0x00000000c5100000, 0x00000000c5100000| Untracked 
|  57|0x00000000c5100000, 0x00000000c5200000, 0x00000000c5200000|100%| O|  |TAMS 0x00000000c5200000, 0x00000000c5200000| Untracked 
|  58|0x00000000c5200000, 0x00000000c5200000, 0x00000000c5300000|  0%| F|  |TAMS 0x00000000c5200000, 0x00000000c5200000| Untracked 
|  59|0x00000000c5300000, 0x00000000c5400000, 0x00000000c5400000|100%| O|  |TAMS 0x00000000c5300000, 0x00000000c5400000| Untracked 
|  60|0x00000000c5400000, 0x00000000c5500000, 0x00000000c5500000|100%|HS|  |TAMS 0x00000000c5400000, 0x00000000c5400000| Complete 
|  61|0x00000000c5500000, 0x00000000c5600000, 0x00000000c5600000|100%|HC|  |TAMS 0x00000000c5500000, 0x00000000c5500000| Complete 
|  62|0x00000000c5600000, 0x00000000c5700000, 0x00000000c5700000|100%|HC|  |TAMS 0x00000000c5600000, 0x00000000c5600000| Complete 
|  63|0x00000000c5700000, 0x00000000c5700000, 0x00000000c5800000|  0%| F|  |TAMS 0x00000000c5700000, 0x00000000c5700000| Untracked 
|  64|0x00000000c5800000, 0x00000000c5900000, 0x00000000c5900000|100%| O|  |TAMS 0x00000000c5800000, 0x00000000c5900000| Untracked 
|  65|0x00000000c5900000, 0x00000000c5a00000, 0x00000000c5a00000|100%| O|  |TAMS 0x00000000c5900000, 0x00000000c5a00000| Untracked 
|  66|0x00000000c5a00000, 0x00000000c5b00000, 0x00000000c5b00000|100%| O|  |TAMS 0x00000000c5a00000, 0x00000000c5b00000| Untracked 
|  67|0x00000000c5b00000, 0x00000000c5c00000, 0x00000000c5c00000|100%| O|  |TAMS 0x00000000c5b00000, 0x00000000c5c00000| Untracked 
|  68|0x00000000c5c00000, 0x00000000c5c42200, 0x00000000c5d00000| 25%| O|  |TAMS 0x00000000c5c00000, 0x00000000c5c42200| Untracked 
|  69|0x00000000c5d00000, 0x00000000c5e00000, 0x00000000c5e00000|100%|HS|  |TAMS 0x00000000c5d00000, 0x00000000c5d00000| Complete 
|  70|0x00000000c5e00000, 0x00000000c5f00000, 0x00000000c5f00000|100%|HC|  |TAMS 0x00000000c5e00000, 0x00000000c5e00000| Complete 
|  71|0x00000000c5f00000, 0x00000000c6000000, 0x00000000c6000000|100%|HC|  |TAMS 0x00000000c5f00000, 0x00000000c5f00000| Complete 
|  72|0x00000000c6000000, 0x00000000c6000000, 0x00000000c6100000|  0%| F|  |TAMS 0x00000000c6000000, 0x00000000c6000000| Untracked 
|  73|0x00000000c6100000, 0x00000000c6100000, 0x00000000c6200000|  0%| F|  |TAMS 0x00000000c6100000, 0x00000000c6100000| Untracked 
|  74|0x00000000c6200000, 0x00000000c6200000, 0x00000000c6300000|  0%| F|  |TAMS 0x00000000c6200000, 0x00000000c6200000| Untracked 
|  75|0x00000000c6300000, 0x00000000c6300000, 0x00000000c6400000|  0%| F|  |TAMS 0x00000000c6300000, 0x00000000c6300000| Untracked 
|  76|0x00000000c6400000, 0x00000000c6400000, 0x00000000c6500000|  0%| F|  |TAMS 0x00000000c6400000, 0x00000000c6400000| Untracked 
|  77|0x00000000c6500000, 0x00000000c6500000, 0x00000000c6600000|  0%| F|  |TAMS 0x00000000c6500000, 0x00000000c6500000| Untracked 
|  78|0x00000000c6600000, 0x00000000c6600000, 0x00000000c6700000|  0%| F|  |TAMS 0x00000000c6600000, 0x00000000c6600000| Untracked 
|  79|0x00000000c6700000, 0x00000000c6700000, 0x00000000c6800000|  0%| F|  |TAMS 0x00000000c6700000, 0x00000000c6700000| Untracked 
|  80|0x00000000c6800000, 0x00000000c6800000, 0x00000000c6900000|  0%| F|  |TAMS 0x00000000c6800000, 0x00000000c6800000| Untracked 
|  81|0x00000000c6900000, 0x00000000c6900000, 0x00000000c6a00000|  0%| F|  |TAMS 0x00000000c6900000, 0x00000000c6900000| Untracked 
|  82|0x00000000c6a00000, 0x00000000c6a00000, 0x00000000c6b00000|  0%| F|  |TAMS 0x00000000c6a00000, 0x00000000c6a00000| Untracked 
|  83|0x00000000c6b00000, 0x00000000c6b00000, 0x00000000c6c00000|  0%| F|  |TAMS 0x00000000c6b00000, 0x00000000c6b00000| Untracked 
|  84|0x00000000c6c00000, 0x00000000c6c00000, 0x00000000c6d00000|  0%| F|  |TAMS 0x00000000c6c00000, 0x00000000c6c00000| Untracked 
|  85|0x00000000c6d00000, 0x00000000c6d00000, 0x00000000c6e00000|  0%| F|  |TAMS 0x00000000c6d00000, 0x00000000c6d00000| Untracked 
|  86|0x00000000c6e00000, 0x00000000c6e00000, 0x00000000c6f00000|  0%| F|  |TAMS 0x00000000c6e00000, 0x00000000c6e00000| Untracked 
|  87|0x00000000c6f00000, 0x00000000c6f00000, 0x00000000c7000000|  0%| F|  |TAMS 0x00000000c6f00000, 0x00000000c6f00000| Untracked 
|  88|0x00000000c7000000, 0x00000000c7000000, 0x00000000c7100000|  0%| F|  |TAMS 0x00000000c7000000, 0x00000000c7000000| Untracked 
|  89|0x00000000c7100000, 0x00000000c7100000, 0x00000000c7200000|  0%| F|  |TAMS 0x00000000c7100000, 0x00000000c7100000| Untracked 
|  90|0x00000000c7200000, 0x00000000c7200000, 0x00000000c7300000|  0%| F|  |TAMS 0x00000000c7200000, 0x00000000c7200000| Untracked 
|  91|0x00000000c7300000, 0x00000000c7300000, 0x00000000c7400000|  0%| F|  |TAMS 0x00000000c7300000, 0x00000000c7300000| Untracked 
|  92|0x00000000c7400000, 0x00000000c7400000, 0x00000000c7500000|  0%| F|  |TAMS 0x00000000c7400000, 0x00000000c7400000| Untracked 
|  93|0x00000000c7500000, 0x00000000c7500000, 0x00000000c7600000|  0%| F|  |TAMS 0x00000000c7500000, 0x00000000c7500000| Untracked 
|  94|0x00000000c7600000, 0x00000000c7600000, 0x00000000c7700000|  0%| F|  |TAMS 0x00000000c7600000, 0x00000000c7600000| Untracked 
|  95|0x00000000c7700000, 0x00000000c7700000, 0x00000000c7800000|  0%| F|  |TAMS 0x00000000c7700000, 0x00000000c7700000| Untracked 
|  96|0x00000000c7800000, 0x00000000c7800000, 0x00000000c7900000|  0%| F|  |TAMS 0x00000000c7800000, 0x00000000c7800000| Untracked 
|  97|0x00000000c7900000, 0x00000000c7900000, 0x00000000c7a00000|  0%| F|  |TAMS 0x00000000c7900000, 0x00000000c7900000| Untracked 
|  98|0x00000000c7a00000, 0x00000000c7a00000, 0x00000000c7b00000|  0%| F|  |TAMS 0x00000000c7a00000, 0x00000000c7a00000| Untracked 
|  99|0x00000000c7b00000, 0x00000000c7b00000, 0x00000000c7c00000|  0%| F|  |TAMS 0x00000000c7b00000, 0x00000000c7b00000| Untracked 
| 100|0x00000000c7c00000, 0x00000000c7c00000, 0x00000000c7d00000|  0%| F|  |TAMS 0x00000000c7c00000, 0x00000000c7c00000| Untracked 
| 101|0x00000000c7d00000, 0x00000000c7d00000, 0x00000000c7e00000|  0%| F|  |TAMS 0x00000000c7d00000, 0x00000000c7d00000| Untracked 
| 102|0x00000000c7e00000, 0x00000000c7e00000, 0x00000000c7f00000|  0%| F|  |TAMS 0x00000000c7e00000, 0x00000000c7e00000| Untracked 
| 103|0x00000000c7f00000, 0x00000000c7f00000, 0x00000000c8000000|  0%| F|  |TAMS 0x00000000c7f00000, 0x00000000c7f00000| Untracked 
| 104|0x00000000c8000000, 0x00000000c8000000, 0x00000000c8100000|  0%| F|  |TAMS 0x00000000c8000000, 0x00000000c8000000| Untracked 
| 105|0x00000000c8100000, 0x00000000c8100000, 0x00000000c8200000|  0%| F|  |TAMS 0x00000000c8100000, 0x00000000c8100000| Untracked 
| 106|0x00000000c8200000, 0x00000000c8200000, 0x00000000c8300000|  0%| F|  |TAMS 0x00000000c8200000, 0x00000000c8200000| Untracked 
| 107|0x00000000c8300000, 0x00000000c8300000, 0x00000000c8400000|  0%| F|  |TAMS 0x00000000c8300000, 0x00000000c8300000| Untracked 
| 108|0x00000000c8400000, 0x00000000c8400000, 0x00000000c8500000|  0%| F|  |TAMS 0x00000000c8400000, 0x00000000c8400000| Untracked 
| 109|0x00000000c8500000, 0x00000000c8500000, 0x00000000c8600000|  0%| F|  |TAMS 0x00000000c8500000, 0x00000000c8500000| Untracked 
| 110|0x00000000c8600000, 0x00000000c8600000, 0x00000000c8700000|  0%| F|  |TAMS 0x00000000c8600000, 0x00000000c8600000| Untracked 
| 111|0x00000000c8700000, 0x00000000c8700000, 0x00000000c8800000|  0%| F|  |TAMS 0x00000000c8700000, 0x00000000c8700000| Untracked 
| 112|0x00000000c8800000, 0x00000000c8800000, 0x00000000c8900000|  0%| F|  |TAMS 0x00000000c8800000, 0x00000000c8800000| Untracked 
| 113|0x00000000c8900000, 0x00000000c8900000, 0x00000000c8a00000|  0%| F|  |TAMS 0x00000000c8900000, 0x00000000c8900000| Untracked 
| 114|0x00000000c8a00000, 0x00000000c8a00000, 0x00000000c8b00000|  0%| F|  |TAMS 0x00000000c8a00000, 0x00000000c8a00000| Untracked 
| 115|0x00000000c8b00000, 0x00000000c8b00000, 0x00000000c8c00000|  0%| F|  |TAMS 0x00000000c8b00000, 0x00000000c8b00000| Untracked 
| 116|0x00000000c8c00000, 0x00000000c8c00000, 0x00000000c8d00000|  0%| F|  |TAMS 0x00000000c8c00000, 0x00000000c8c00000| Untracked 
| 117|0x00000000c8d00000, 0x00000000c8d00000, 0x00000000c8e00000|  0%| F|  |TAMS 0x00000000c8d00000, 0x00000000c8d00000| Untracked 
| 118|0x00000000c8e00000, 0x00000000c8e00000, 0x00000000c8f00000|  0%| F|  |TAMS 0x00000000c8e00000, 0x00000000c8e00000| Untracked 
| 119|0x00000000c8f00000, 0x00000000c8f00000, 0x00000000c9000000|  0%| F|  |TAMS 0x00000000c8f00000, 0x00000000c8f00000| Untracked 
| 120|0x00000000c9000000, 0x00000000c9000000, 0x00000000c9100000|  0%| F|  |TAMS 0x00000000c9000000, 0x00000000c9000000| Untracked 
| 121|0x00000000c9100000, 0x00000000c9100000, 0x00000000c9200000|  0%| F|  |TAMS 0x00000000c9100000, 0x00000000c9100000| Untracked 
| 122|0x00000000c9200000, 0x00000000c9200000, 0x00000000c9300000|  0%| F|  |TAMS 0x00000000c9200000, 0x00000000c9200000| Untracked 
| 123|0x00000000c9300000, 0x00000000c9300000, 0x00000000c9400000|  0%| F|  |TAMS 0x00000000c9300000, 0x00000000c9300000| Untracked 
| 124|0x00000000c9400000, 0x00000000c9400000, 0x00000000c9500000|  0%| F|  |TAMS 0x00000000c9400000, 0x00000000c9400000| Untracked 
| 125|0x00000000c9500000, 0x00000000c9500000, 0x00000000c9600000|  0%| F|  |TAMS 0x00000000c9500000, 0x00000000c9500000| Untracked 
| 126|0x00000000c9600000, 0x00000000c9600000, 0x00000000c9700000|  0%| F|  |TAMS 0x00000000c9600000, 0x00000000c9600000| Untracked 
| 127|0x00000000c9700000, 0x00000000c9700000, 0x00000000c9800000|  0%| F|  |TAMS 0x00000000c9700000, 0x00000000c9700000| Untracked 
| 128|0x00000000c9800000, 0x00000000c9800000, 0x00000000c9900000|  0%| F|  |TAMS 0x00000000c9800000, 0x00000000c9800000| Untracked 
| 129|0x00000000c9900000, 0x00000000c9900000, 0x00000000c9a00000|  0%| F|  |TAMS 0x00000000c9900000, 0x00000000c9900000| Untracked 
| 130|0x00000000c9a00000, 0x00000000c9a00000, 0x00000000c9b00000|  0%| F|  |TAMS 0x00000000c9a00000, 0x00000000c9a00000| Untracked 
| 131|0x00000000c9b00000, 0x00000000c9b00000, 0x00000000c9c00000|  0%| F|  |TAMS 0x00000000c9b00000, 0x00000000c9b00000| Untracked 
| 132|0x00000000c9c00000, 0x00000000c9c00000, 0x00000000c9d00000|  0%| F|  |TAMS 0x00000000c9c00000, 0x00000000c9c00000| Untracked 
| 133|0x00000000c9d00000, 0x00000000c9d00000, 0x00000000c9e00000|  0%| F|  |TAMS 0x00000000c9d00000, 0x00000000c9d00000| Untracked 
| 134|0x00000000c9e00000, 0x00000000c9e00000, 0x00000000c9f00000|  0%| F|  |TAMS 0x00000000c9e00000, 0x00000000c9e00000| Untracked 
| 135|0x00000000c9f00000, 0x00000000c9f00000, 0x00000000ca000000|  0%| F|  |TAMS 0x00000000c9f00000, 0x00000000c9f00000| Untracked 
| 136|0x00000000ca000000, 0x00000000ca000000, 0x00000000ca100000|  0%| F|  |TAMS 0x00000000ca000000, 0x00000000ca000000| Untracked 
| 137|0x00000000ca100000, 0x00000000ca100000, 0x00000000ca200000|  0%| F|  |TAMS 0x00000000ca100000, 0x00000000ca100000| Untracked 
| 138|0x00000000ca200000, 0x00000000ca200000, 0x00000000ca300000|  0%| F|  |TAMS 0x00000000ca200000, 0x00000000ca200000| Untracked 
| 139|0x00000000ca300000, 0x00000000ca300000, 0x00000000ca400000|  0%| F|  |TAMS 0x00000000ca300000, 0x00000000ca300000| Untracked 
| 140|0x00000000ca400000, 0x00000000ca400000, 0x00000000ca500000|  0%| F|  |TAMS 0x00000000ca400000, 0x00000000ca400000| Untracked 
| 141|0x00000000ca500000, 0x00000000ca500000, 0x00000000ca600000|  0%| F|  |TAMS 0x00000000ca500000, 0x00000000ca500000| Untracked 
| 142|0x00000000ca600000, 0x00000000ca600000, 0x00000000ca700000|  0%| F|  |TAMS 0x00000000ca600000, 0x00000000ca600000| Untracked 
| 143|0x00000000ca700000, 0x00000000ca700000, 0x00000000ca800000|  0%| F|  |TAMS 0x00000000ca700000, 0x00000000ca700000| Untracked 
| 144|0x00000000ca800000, 0x00000000ca800000, 0x00000000ca900000|  0%| F|  |TAMS 0x00000000ca800000, 0x00000000ca800000| Untracked 
| 145|0x00000000ca900000, 0x00000000ca900000, 0x00000000caa00000|  0%| F|  |TAMS 0x00000000ca900000, 0x00000000ca900000| Untracked 
| 146|0x00000000caa00000, 0x00000000caa00000, 0x00000000cab00000|  0%| F|  |TAMS 0x00000000caa00000, 0x00000000caa00000| Untracked 
| 147|0x00000000cab00000, 0x00000000cab00000, 0x00000000cac00000|  0%| F|  |TAMS 0x00000000cab00000, 0x00000000cab00000| Untracked 
| 148|0x00000000cac00000, 0x00000000cac00000, 0x00000000cad00000|  0%| F|  |TAMS 0x00000000cac00000, 0x00000000cac00000| Untracked 
| 149|0x00000000cad00000, 0x00000000cad00000, 0x00000000cae00000|  0%| F|  |TAMS 0x00000000cad00000, 0x00000000cad00000| Untracked 
| 150|0x00000000cae00000, 0x00000000cae00000, 0x00000000caf00000|  0%| F|  |TAMS 0x00000000cae00000, 0x00000000cae00000| Untracked 
| 151|0x00000000caf00000, 0x00000000caf00000, 0x00000000cb000000|  0%| F|  |TAMS 0x00000000caf00000, 0x00000000caf00000| Untracked 
| 152|0x00000000cb000000, 0x00000000cb000000, 0x00000000cb100000|  0%| F|  |TAMS 0x00000000cb000000, 0x00000000cb000000| Untracked 
| 153|0x00000000cb100000, 0x00000000cb100000, 0x00000000cb200000|  0%| F|  |TAMS 0x00000000cb100000, 0x00000000cb100000| Untracked 
| 154|0x00000000cb200000, 0x00000000cb200000, 0x00000000cb300000|  0%| F|  |TAMS 0x00000000cb200000, 0x00000000cb200000| Untracked 
| 155|0x00000000cb300000, 0x00000000cb300000, 0x00000000cb400000|  0%| F|  |TAMS 0x00000000cb300000, 0x00000000cb300000| Untracked 
| 156|0x00000000cb400000, 0x00000000cb400000, 0x00000000cb500000|  0%| F|  |TAMS 0x00000000cb400000, 0x00000000cb400000| Untracked 
| 157|0x00000000cb500000, 0x00000000cb500000, 0x00000000cb600000|  0%| F|  |TAMS 0x00000000cb500000, 0x00000000cb500000| Untracked 
| 158|0x00000000cb600000, 0x00000000cb600000, 0x00000000cb700000|  0%| F|  |TAMS 0x00000000cb600000, 0x00000000cb600000| Untracked 
| 159|0x00000000cb700000, 0x00000000cb700000, 0x00000000cb800000|  0%| F|  |TAMS 0x00000000cb700000, 0x00000000cb700000| Untracked 
| 160|0x00000000cb800000, 0x00000000cb800000, 0x00000000cb900000|  0%| F|  |TAMS 0x00000000cb800000, 0x00000000cb800000| Untracked 
| 161|0x00000000cb900000, 0x00000000cb900000, 0x00000000cba00000|  0%| F|  |TAMS 0x00000000cb900000, 0x00000000cb900000| Untracked 
| 162|0x00000000cba00000, 0x00000000cba00000, 0x00000000cbb00000|  0%| F|  |TAMS 0x00000000cba00000, 0x00000000cba00000| Untracked 
| 163|0x00000000cbb00000, 0x00000000cbb00000, 0x00000000cbc00000|  0%| F|  |TAMS 0x00000000cbb00000, 0x00000000cbb00000| Untracked 
| 164|0x00000000cbc00000, 0x00000000cbc00000, 0x00000000cbd00000|  0%| F|  |TAMS 0x00000000cbc00000, 0x00000000cbc00000| Untracked 
| 165|0x00000000cbd00000, 0x00000000cbd00000, 0x00000000cbe00000|  0%| F|  |TAMS 0x00000000cbd00000, 0x00000000cbd00000| Untracked 
| 166|0x00000000cbe00000, 0x00000000cbe00000, 0x00000000cbf00000|  0%| F|  |TAMS 0x00000000cbe00000, 0x00000000cbe00000| Untracked 
| 167|0x00000000cbf00000, 0x00000000cbf00000, 0x00000000cc000000|  0%| F|  |TAMS 0x00000000cbf00000, 0x00000000cbf00000| Untracked 
| 168|0x00000000cc000000, 0x00000000cc000000, 0x00000000cc100000|  0%| F|  |TAMS 0x00000000cc000000, 0x00000000cc000000| Untracked 
| 169|0x00000000cc100000, 0x00000000cc100000, 0x00000000cc200000|  0%| F|  |TAMS 0x00000000cc100000, 0x00000000cc100000| Untracked 
| 170|0x00000000cc200000, 0x00000000cc200000, 0x00000000cc300000|  0%| F|  |TAMS 0x00000000cc200000, 0x00000000cc200000| Untracked 
| 171|0x00000000cc300000, 0x00000000cc300000, 0x00000000cc400000|  0%| F|  |TAMS 0x00000000cc300000, 0x00000000cc300000| Untracked 
| 172|0x00000000cc400000, 0x00000000cc400000, 0x00000000cc500000|  0%| F|  |TAMS 0x00000000cc400000, 0x00000000cc400000| Untracked 
| 173|0x00000000cc500000, 0x00000000cc500000, 0x00000000cc600000|  0%| F|  |TAMS 0x00000000cc500000, 0x00000000cc500000| Untracked 
| 174|0x00000000cc600000, 0x00000000cc600000, 0x00000000cc700000|  0%| F|  |TAMS 0x00000000cc600000, 0x00000000cc600000| Untracked 
| 175|0x00000000cc700000, 0x00000000cc700000, 0x00000000cc800000|  0%| F|  |TAMS 0x00000000cc700000, 0x00000000cc700000| Untracked 
| 176|0x00000000cc800000, 0x00000000cc800000, 0x00000000cc900000|  0%| F|  |TAMS 0x00000000cc800000, 0x00000000cc800000| Untracked 
| 177|0x00000000cc900000, 0x00000000cc900000, 0x00000000cca00000|  0%| F|  |TAMS 0x00000000cc900000, 0x00000000cc900000| Untracked 
| 178|0x00000000cca00000, 0x00000000cca00000, 0x00000000ccb00000|  0%| F|  |TAMS 0x00000000cca00000, 0x00000000cca00000| Untracked 
| 179|0x00000000ccb00000, 0x00000000ccb00000, 0x00000000ccc00000|  0%| F|  |TAMS 0x00000000ccb00000, 0x00000000ccb00000| Untracked 
| 180|0x00000000ccc00000, 0x00000000ccc00000, 0x00000000ccd00000|  0%| F|  |TAMS 0x00000000ccc00000, 0x00000000ccc00000| Untracked 
| 181|0x00000000ccd00000, 0x00000000ccd00000, 0x00000000cce00000|  0%| F|  |TAMS 0x00000000ccd00000, 0x00000000ccd00000| Untracked 
| 182|0x00000000cce00000, 0x00000000cce00000, 0x00000000ccf00000|  0%| F|  |TAMS 0x00000000cce00000, 0x00000000cce00000| Untracked 
| 183|0x00000000ccf00000, 0x00000000ccf00000, 0x00000000cd000000|  0%| F|  |TAMS 0x00000000ccf00000, 0x00000000ccf00000| Untracked 
| 184|0x00000000cd000000, 0x00000000cd000000, 0x00000000cd100000|  0%| F|  |TAMS 0x00000000cd000000, 0x00000000cd000000| Untracked 
| 185|0x00000000cd100000, 0x00000000cd100000, 0x00000000cd200000|  0%| F|  |TAMS 0x00000000cd100000, 0x00000000cd100000| Untracked 
| 186|0x00000000cd200000, 0x00000000cd200000, 0x00000000cd300000|  0%| F|  |TAMS 0x00000000cd200000, 0x00000000cd200000| Untracked 
| 187|0x00000000cd300000, 0x00000000cd300000, 0x00000000cd400000|  0%| F|  |TAMS 0x00000000cd300000, 0x00000000cd300000| Untracked 
| 188|0x00000000cd400000, 0x00000000cd400000, 0x00000000cd500000|  0%| F|  |TAMS 0x00000000cd400000, 0x00000000cd400000| Untracked 
| 189|0x00000000cd500000, 0x00000000cd500000, 0x00000000cd600000|  0%| F|  |TAMS 0x00000000cd500000, 0x00000000cd500000| Untracked 
| 190|0x00000000cd600000, 0x00000000cd600000, 0x00000000cd700000|  0%| F|  |TAMS 0x00000000cd600000, 0x00000000cd600000| Untracked 
| 191|0x00000000cd700000, 0x00000000cd700000, 0x00000000cd800000|  0%| F|  |TAMS 0x00000000cd700000, 0x00000000cd700000| Untracked 
| 192|0x00000000cd800000, 0x00000000cd800000, 0x00000000cd900000|  0%| F|  |TAMS 0x00000000cd800000, 0x00000000cd800000| Untracked 
| 193|0x00000000cd900000, 0x00000000cd900000, 0x00000000cda00000|  0%| F|  |TAMS 0x00000000cd900000, 0x00000000cd900000| Untracked 
| 194|0x00000000cda00000, 0x00000000cda00000, 0x00000000cdb00000|  0%| F|  |TAMS 0x00000000cda00000, 0x00000000cda00000| Untracked 
| 195|0x00000000cdb00000, 0x00000000cdb00000, 0x00000000cdc00000|  0%| F|  |TAMS 0x00000000cdb00000, 0x00000000cdb00000| Untracked 
| 196|0x00000000cdc00000, 0x00000000cdc00000, 0x00000000cdd00000|  0%| F|  |TAMS 0x00000000cdc00000, 0x00000000cdc00000| Untracked 
| 197|0x00000000cdd00000, 0x00000000cdd00000, 0x00000000cde00000|  0%| F|  |TAMS 0x00000000cdd00000, 0x00000000cdd00000| Untracked 
| 198|0x00000000cde00000, 0x00000000cde00000, 0x00000000cdf00000|  0%| F|  |TAMS 0x00000000cde00000, 0x00000000cde00000| Untracked 
| 199|0x00000000cdf00000, 0x00000000cdf00000, 0x00000000ce000000|  0%| F|  |TAMS 0x00000000cdf00000, 0x00000000cdf00000| Untracked 
| 200|0x00000000ce000000, 0x00000000ce000000, 0x00000000ce100000|  0%| F|  |TAMS 0x00000000ce000000, 0x00000000ce000000| Untracked 
| 201|0x00000000ce100000, 0x00000000ce100000, 0x00000000ce200000|  0%| F|  |TAMS 0x00000000ce100000, 0x00000000ce100000| Untracked 
| 202|0x00000000ce200000, 0x00000000ce200000, 0x00000000ce300000|  0%| F|  |TAMS 0x00000000ce200000, 0x00000000ce200000| Untracked 
| 203|0x00000000ce300000, 0x00000000ce300000, 0x00000000ce400000|  0%| F|  |TAMS 0x00000000ce300000, 0x00000000ce300000| Untracked 
| 204|0x00000000ce400000, 0x00000000ce400000, 0x00000000ce500000|  0%| F|  |TAMS 0x00000000ce400000, 0x00000000ce400000| Untracked 
| 205|0x00000000ce500000, 0x00000000ce500000, 0x00000000ce600000|  0%| F|  |TAMS 0x00000000ce500000, 0x00000000ce500000| Untracked 
| 206|0x00000000ce600000, 0x00000000ce600000, 0x00000000ce700000|  0%| F|  |TAMS 0x00000000ce600000, 0x00000000ce600000| Untracked 
| 207|0x00000000ce700000, 0x00000000ce700000, 0x00000000ce800000|  0%| F|  |TAMS 0x00000000ce700000, 0x00000000ce700000| Untracked 
| 208|0x00000000ce800000, 0x00000000ce800000, 0x00000000ce900000|  0%| F|  |TAMS 0x00000000ce800000, 0x00000000ce800000| Untracked 
| 209|0x00000000ce900000, 0x00000000ce900000, 0x00000000cea00000|  0%| F|  |TAMS 0x00000000ce900000, 0x00000000ce900000| Untracked 
| 210|0x00000000cea00000, 0x00000000cea00000, 0x00000000ceb00000|  0%| F|  |TAMS 0x00000000cea00000, 0x00000000cea00000| Untracked 
| 211|0x00000000ceb00000, 0x00000000ceb00000, 0x00000000cec00000|  0%| F|  |TAMS 0x00000000ceb00000, 0x00000000ceb00000| Untracked 
| 212|0x00000000cec00000, 0x00000000cec00000, 0x00000000ced00000|  0%| F|  |TAMS 0x00000000cec00000, 0x00000000cec00000| Untracked 
| 213|0x00000000ced00000, 0x00000000ced00000, 0x00000000cee00000|  0%| F|  |TAMS 0x00000000ced00000, 0x00000000ced00000| Untracked 
| 214|0x00000000cee00000, 0x00000000cee00000, 0x00000000cef00000|  0%| F|  |TAMS 0x00000000cee00000, 0x00000000cee00000| Untracked 
| 215|0x00000000cef00000, 0x00000000cef00000, 0x00000000cf000000|  0%| F|  |TAMS 0x00000000cef00000, 0x00000000cef00000| Untracked 
| 216|0x00000000cf000000, 0x00000000cf000000, 0x00000000cf100000|  0%| F|  |TAMS 0x00000000cf000000, 0x00000000cf000000| Untracked 
| 217|0x00000000cf100000, 0x00000000cf100000, 0x00000000cf200000|  0%| F|  |TAMS 0x00000000cf100000, 0x00000000cf100000| Untracked 
| 218|0x00000000cf200000, 0x00000000cf200000, 0x00000000cf300000|  0%| F|  |TAMS 0x00000000cf200000, 0x00000000cf200000| Untracked 
| 219|0x00000000cf300000, 0x00000000cf300000, 0x00000000cf400000|  0%| F|  |TAMS 0x00000000cf300000, 0x00000000cf300000| Untracked 
| 220|0x00000000cf400000, 0x00000000cf400000, 0x00000000cf500000|  0%| F|  |TAMS 0x00000000cf400000, 0x00000000cf400000| Untracked 
| 221|0x00000000cf500000, 0x00000000cf500000, 0x00000000cf600000|  0%| F|  |TAMS 0x00000000cf500000, 0x00000000cf500000| Untracked 
| 222|0x00000000cf600000, 0x00000000cf600000, 0x00000000cf700000|  0%| F|  |TAMS 0x00000000cf600000, 0x00000000cf600000| Untracked 
| 223|0x00000000cf700000, 0x00000000cf700000, 0x00000000cf800000|  0%| F|  |TAMS 0x00000000cf700000, 0x00000000cf700000| Untracked 
| 224|0x00000000cf800000, 0x00000000cf800000, 0x00000000cf900000|  0%| F|  |TAMS 0x00000000cf800000, 0x00000000cf800000| Untracked 
| 225|0x00000000cf900000, 0x00000000cf900000, 0x00000000cfa00000|  0%| F|  |TAMS 0x00000000cf900000, 0x00000000cf900000| Untracked 
| 226|0x00000000cfa00000, 0x00000000cfa00000, 0x00000000cfb00000|  0%| F|  |TAMS 0x00000000cfa00000, 0x00000000cfa00000| Untracked 
| 227|0x00000000cfb00000, 0x00000000cfb00000, 0x00000000cfc00000|  0%| F|  |TAMS 0x00000000cfb00000, 0x00000000cfb00000| Untracked 
| 228|0x00000000cfc00000, 0x00000000cfc00000, 0x00000000cfd00000|  0%| F|  |TAMS 0x00000000cfc00000, 0x00000000cfc00000| Untracked 
| 229|0x00000000cfd00000, 0x00000000cfd00000, 0x00000000cfe00000|  0%| F|  |TAMS 0x00000000cfd00000, 0x00000000cfd00000| Untracked 
| 230|0x00000000cfe00000, 0x00000000cfe00000, 0x00000000cff00000|  0%| F|  |TAMS 0x00000000cfe00000, 0x00000000cfe00000| Untracked 
| 231|0x00000000cff00000, 0x00000000cff00000, 0x00000000d0000000|  0%| F|  |TAMS 0x00000000cff00000, 0x00000000cff00000| Untracked 
| 232|0x00000000d0000000, 0x00000000d0000000, 0x00000000d0100000|  0%| F|  |TAMS 0x00000000d0000000, 0x00000000d0000000| Untracked 
| 233|0x00000000d0100000, 0x00000000d0100000, 0x00000000d0200000|  0%| F|  |TAMS 0x00000000d0100000, 0x00000000d0100000| Untracked 
| 234|0x00000000d0200000, 0x00000000d0200000, 0x00000000d0300000|  0%| F|  |TAMS 0x00000000d0200000, 0x00000000d0200000| Untracked 
| 235|0x00000000d0300000, 0x00000000d0300000, 0x00000000d0400000|  0%| F|  |TAMS 0x00000000d0300000, 0x00000000d0300000| Untracked 
| 236|0x00000000d0400000, 0x00000000d0400000, 0x00000000d0500000|  0%| F|  |TAMS 0x00000000d0400000, 0x00000000d0400000| Untracked 
| 237|0x00000000d0500000, 0x00000000d0500000, 0x00000000d0600000|  0%| F|  |TAMS 0x00000000d0500000, 0x00000000d0500000| Untracked 
| 238|0x00000000d0600000, 0x00000000d0600000, 0x00000000d0700000|  0%| F|  |TAMS 0x00000000d0600000, 0x00000000d0600000| Untracked 
| 239|0x00000000d0700000, 0x00000000d0700000, 0x00000000d0800000|  0%| F|  |TAMS 0x00000000d0700000, 0x00000000d0700000| Untracked 
| 240|0x00000000d0800000, 0x00000000d0800000, 0x00000000d0900000|  0%| F|  |TAMS 0x00000000d0800000, 0x00000000d0800000| Untracked 
| 241|0x00000000d0900000, 0x00000000d0900000, 0x00000000d0a00000|  0%| F|  |TAMS 0x00000000d0900000, 0x00000000d0900000| Untracked 
| 242|0x00000000d0a00000, 0x00000000d0a00000, 0x00000000d0b00000|  0%| F|  |TAMS 0x00000000d0a00000, 0x00000000d0a00000| Untracked 
| 243|0x00000000d0b00000, 0x00000000d0b00000, 0x00000000d0c00000|  0%| F|  |TAMS 0x00000000d0b00000, 0x00000000d0b00000| Untracked 
| 244|0x00000000d0c00000, 0x00000000d0c00000, 0x00000000d0d00000|  0%| F|  |TAMS 0x00000000d0c00000, 0x00000000d0c00000| Untracked 
| 245|0x00000000d0d00000, 0x00000000d0d00000, 0x00000000d0e00000|  0%| F|  |TAMS 0x00000000d0d00000, 0x00000000d0d00000| Untracked 
| 246|0x00000000d0e00000, 0x00000000d0e00000, 0x00000000d0f00000|  0%| F|  |TAMS 0x00000000d0e00000, 0x00000000d0e00000| Untracked 
| 247|0x00000000d0f00000, 0x00000000d0f00000, 0x00000000d1000000|  0%| F|  |TAMS 0x00000000d0f00000, 0x00000000d0f00000| Untracked 
| 248|0x00000000d1000000, 0x00000000d1000000, 0x00000000d1100000|  0%| F|  |TAMS 0x00000000d1000000, 0x00000000d1000000| Untracked 
| 249|0x00000000d1100000, 0x00000000d1100000, 0x00000000d1200000|  0%| F|  |TAMS 0x00000000d1100000, 0x00000000d1100000| Untracked 
| 250|0x00000000d1200000, 0x00000000d1200000, 0x00000000d1300000|  0%| F|  |TAMS 0x00000000d1200000, 0x00000000d1200000| Untracked 
| 251|0x00000000d1300000, 0x00000000d1300000, 0x00000000d1400000|  0%| F|  |TAMS 0x00000000d1300000, 0x00000000d1300000| Untracked 
| 252|0x00000000d1400000, 0x00000000d1400000, 0x00000000d1500000|  0%| F|  |TAMS 0x00000000d1400000, 0x00000000d1400000| Untracked 
| 253|0x00000000d1500000, 0x00000000d1500000, 0x00000000d1600000|  0%| F|  |TAMS 0x00000000d1500000, 0x00000000d1500000| Untracked 
| 254|0x00000000d1600000, 0x00000000d1600000, 0x00000000d1700000|  0%| F|  |TAMS 0x00000000d1600000, 0x00000000d1600000| Untracked 
| 255|0x00000000d1700000, 0x00000000d1700000, 0x00000000d1800000|  0%| F|  |TAMS 0x00000000d1700000, 0x00000000d1700000| Untracked 
| 256|0x00000000d1800000, 0x00000000d1800000, 0x00000000d1900000|  0%| F|  |TAMS 0x00000000d1800000, 0x00000000d1800000| Untracked 
| 257|0x00000000d1900000, 0x00000000d1900000, 0x00000000d1a00000|  0%| F|  |TAMS 0x00000000d1900000, 0x00000000d1900000| Untracked 
| 258|0x00000000d1a00000, 0x00000000d1a00000, 0x00000000d1b00000|  0%| F|  |TAMS 0x00000000d1a00000, 0x00000000d1a00000| Untracked 
| 259|0x00000000d1b00000, 0x00000000d1b00000, 0x00000000d1c00000|  0%| F|  |TAMS 0x00000000d1b00000, 0x00000000d1b00000| Untracked 
| 260|0x00000000d1c00000, 0x00000000d1c00000, 0x00000000d1d00000|  0%| F|  |TAMS 0x00000000d1c00000, 0x00000000d1c00000| Untracked 
| 261|0x00000000d1d00000, 0x00000000d1d00000, 0x00000000d1e00000|  0%| F|  |TAMS 0x00000000d1d00000, 0x00000000d1d00000| Untracked 
| 262|0x00000000d1e00000, 0x00000000d1e00000, 0x00000000d1f00000|  0%| F|  |TAMS 0x00000000d1e00000, 0x00000000d1e00000| Untracked 
| 263|0x00000000d1f00000, 0x00000000d1f00000, 0x00000000d2000000|  0%| F|  |TAMS 0x00000000d1f00000, 0x00000000d1f00000| Untracked 
| 264|0x00000000d2000000, 0x00000000d2000000, 0x00000000d2100000|  0%| F|  |TAMS 0x00000000d2000000, 0x00000000d2000000| Untracked 
| 265|0x00000000d2100000, 0x00000000d2100000, 0x00000000d2200000|  0%| F|  |TAMS 0x00000000d2100000, 0x00000000d2100000| Untracked 
| 266|0x00000000d2200000, 0x00000000d2200000, 0x00000000d2300000|  0%| F|  |TAMS 0x00000000d2200000, 0x00000000d2200000| Untracked 
| 267|0x00000000d2300000, 0x00000000d2300000, 0x00000000d2400000|  0%| F|  |TAMS 0x00000000d2300000, 0x00000000d2300000| Untracked 
| 268|0x00000000d2400000, 0x00000000d2400000, 0x00000000d2500000|  0%| F|  |TAMS 0x00000000d2400000, 0x00000000d2400000| Untracked 
| 269|0x00000000d2500000, 0x00000000d2500000, 0x00000000d2600000|  0%| F|  |TAMS 0x00000000d2500000, 0x00000000d2500000| Untracked 
| 270|0x00000000d2600000, 0x00000000d2600000, 0x00000000d2700000|  0%| F|  |TAMS 0x00000000d2600000, 0x00000000d2600000| Untracked 
| 271|0x00000000d2700000, 0x00000000d2700000, 0x00000000d2800000|  0%| F|  |TAMS 0x00000000d2700000, 0x00000000d2700000| Untracked 
| 272|0x00000000d2800000, 0x00000000d2800000, 0x00000000d2900000|  0%| F|  |TAMS 0x00000000d2800000, 0x00000000d2800000| Untracked 
| 273|0x00000000d2900000, 0x00000000d2900000, 0x00000000d2a00000|  0%| F|  |TAMS 0x00000000d2900000, 0x00000000d2900000| Untracked 
| 274|0x00000000d2a00000, 0x00000000d2a00000, 0x00000000d2b00000|  0%| F|  |TAMS 0x00000000d2a00000, 0x00000000d2a00000| Untracked 
| 275|0x00000000d2b00000, 0x00000000d2b00000, 0x00000000d2c00000|  0%| F|  |TAMS 0x00000000d2b00000, 0x00000000d2b00000| Untracked 
| 276|0x00000000d2c00000, 0x00000000d2c35098, 0x00000000d2d00000| 20%| S|CS|TAMS 0x00000000d2c00000, 0x00000000d2c00000| Complete 
| 277|0x00000000d2d00000, 0x00000000d2e00000, 0x00000000d2e00000|100%| S|CS|TAMS 0x00000000d2d00000, 0x00000000d2d00000| Complete 
| 278|0x00000000d2e00000, 0x00000000d2f00000, 0x00000000d2f00000|100%| S|CS|TAMS 0x00000000d2e00000, 0x00000000d2e00000| Complete 
| 279|0x00000000d2f00000, 0x00000000d2f00000, 0x00000000d3000000|  0%| F|  |TAMS 0x00000000d2f00000, 0x00000000d2f00000| Untracked 
| 280|0x00000000d3000000, 0x00000000d3000000, 0x00000000d3100000|  0%| F|  |TAMS 0x00000000d3000000, 0x00000000d3000000| Untracked 
| 281|0x00000000d3100000, 0x00000000d3100000, 0x00000000d3200000|  0%| F|  |TAMS 0x00000000d3100000, 0x00000000d3100000| Untracked 
| 282|0x00000000d3200000, 0x00000000d3200000, 0x00000000d3300000|  0%| F|  |TAMS 0x00000000d3200000, 0x00000000d3200000| Untracked 
| 283|0x00000000d3300000, 0x00000000d3300000, 0x00000000d3400000|  0%| F|  |TAMS 0x00000000d3300000, 0x00000000d3300000| Untracked 
| 284|0x00000000d3400000, 0x00000000d3400000, 0x00000000d3500000|  0%| F|  |TAMS 0x00000000d3400000, 0x00000000d3400000| Untracked 
| 285|0x00000000d3500000, 0x00000000d3500000, 0x00000000d3600000|  0%| F|  |TAMS 0x00000000d3500000, 0x00000000d3500000| Untracked 
| 286|0x00000000d3600000, 0x00000000d3600000, 0x00000000d3700000|  0%| F|  |TAMS 0x00000000d3600000, 0x00000000d3600000| Untracked 
| 287|0x00000000d3700000, 0x00000000d3700000, 0x00000000d3800000|  0%| F|  |TAMS 0x00000000d3700000, 0x00000000d3700000| Untracked 
| 288|0x00000000d3800000, 0x00000000d3800000, 0x00000000d3900000|  0%| F|  |TAMS 0x00000000d3800000, 0x00000000d3800000| Untracked 
| 289|0x00000000d3900000, 0x00000000d3900000, 0x00000000d3a00000|  0%| F|  |TAMS 0x00000000d3900000, 0x00000000d3900000| Untracked 
| 290|0x00000000d3a00000, 0x00000000d3a00000, 0x00000000d3b00000|  0%| F|  |TAMS 0x00000000d3a00000, 0x00000000d3a00000| Untracked 
| 291|0x00000000d3b00000, 0x00000000d3b00000, 0x00000000d3c00000|  0%| F|  |TAMS 0x00000000d3b00000, 0x00000000d3b00000| Untracked 
| 292|0x00000000d3c00000, 0x00000000d3c00000, 0x00000000d3d00000|  0%| F|  |TAMS 0x00000000d3c00000, 0x00000000d3c00000| Untracked 
| 293|0x00000000d3d00000, 0x00000000d3d00000, 0x00000000d3e00000|  0%| F|  |TAMS 0x00000000d3d00000, 0x00000000d3d00000| Untracked 
| 294|0x00000000d3e00000, 0x00000000d3e00000, 0x00000000d3f00000|  0%| F|  |TAMS 0x00000000d3e00000, 0x00000000d3e00000| Untracked 
| 295|0x00000000d3f00000, 0x00000000d3f00000, 0x00000000d4000000|  0%| F|  |TAMS 0x00000000d3f00000, 0x00000000d3f00000| Untracked 
| 296|0x00000000d4000000, 0x00000000d4000000, 0x00000000d4100000|  0%| F|  |TAMS 0x00000000d4000000, 0x00000000d4000000| Untracked 
| 297|0x00000000d4100000, 0x00000000d4100000, 0x00000000d4200000|  0%| F|  |TAMS 0x00000000d4100000, 0x00000000d4100000| Untracked 
| 298|0x00000000d4200000, 0x00000000d423e4e0, 0x00000000d4300000| 24%| E|  |TAMS 0x00000000d4200000, 0x00000000d4200000| Complete 
| 299|0x00000000d4300000, 0x00000000d4400000, 0x00000000d4400000|100%| E|CS|TAMS 0x00000000d4300000, 0x00000000d4300000| Complete 
| 300|0x00000000d4400000, 0x00000000d4500000, 0x00000000d4500000|100%| E|  |TAMS 0x00000000d4400000, 0x00000000d4400000| Complete 
| 301|0x00000000d4500000, 0x00000000d4600000, 0x00000000d4600000|100%| E|CS|TAMS 0x00000000d4500000, 0x00000000d4500000| Complete 
| 302|0x00000000d4600000, 0x00000000d4700000, 0x00000000d4700000|100%| E|CS|TAMS 0x00000000d4600000, 0x00000000d4600000| Complete 

Card table byte_map: [0x000001b29e700000,0x000001b29e900000] _byte_map_base: 0x000001b29e0f4000

Marking Bits (Prev, Next): (CMBitMap*) 0x000001b2852885c8, (CMBitMap*) 0x000001b285288600
 Prev Bits: [0x000001b29eb00000, 0x000001b29faa0000)
 Next Bits: [0x000001b29faa0000, 0x000001b2a0a40000)

Polling page: 0x000001b2850d0000

Metaspace:

Usage:
  Non-class:     57.46 MB capacity,    55.79 MB ( 97%) used,     1.34 MB (  2%) free+waste,   331.69 KB ( <1%) overhead. 
      Class:      9.67 MB capacity,     8.48 MB ( 88%) used,     1.03 MB ( 11%) free+waste,   167.44 KB (  2%) overhead. 
       Both:     67.13 MB capacity,    64.27 MB ( 96%) used,     2.37 MB (  4%) free+waste,   499.13 KB ( <1%) overhead. 

Virtual space:
  Non-class space:       58.00 MB reserved,      57.67 MB (>99%) committed 
      Class space:        1.00 GB reserved,       9.75 MB ( <1%) committed 
             Both:        1.06 GB reserved,      67.42 MB (  6%) committed 

Chunk freelists:
   Non-Class:  28.00 KB
       Class:  14.00 KB
        Both:  42.00 KB

MaxMetaspaceSize: 17179869184.00 GB
CompressedClassSpaceSize: 1.00 GB

CodeHeap 'non-profiled nmethods': size=120064Kb used=3356Kb max_used=3356Kb free=116707Kb
 bounds [0x000001b296bc0000, 0x000001b296f10000, 0x000001b29e100000]
CodeHeap 'profiled nmethods': size=120000Kb used=16212Kb max_used=16212Kb free=103787Kb
 bounds [0x000001b28f690000, 0x000001b290670000, 0x000001b296bc0000]
CodeHeap 'non-nmethods': size=5696Kb used=1525Kb max_used=1561Kb free=4170Kb
 bounds [0x000001b28f100000, 0x000001b28f370000, 0x000001b28f690000]
 total_blobs=8765 nmethods=7690 adapters=987
 compilation: enabled
              stopped_count=0, restarted_count=0
 full_count=0

Compilation events (20 events):
Event: 9.448 Thread 0x000001b2a3630000 7630       2       com.sun.marlin.DRenderer::init (12 bytes)
Event: 9.448 Thread 0x000001b2a3630000 nmethod 7630 0x000001b290623510 code [0x000001b2906236c0, 0x000001b2906237c8]
Event: 9.448 Thread 0x000001b2a3630000 7631       2       com.sun.marlin.DTransformingPathConsumer2D$CurveClipSplitter::init (63 bytes)
Event: 9.449 Thread 0x000001b2a3630000 nmethod 7631 0x000001b290623890 code [0x000001b290623a60, 0x000001b290623bb8]
Event: 9.449 Thread 0x000001b2a3630000 7632       2       com.sun.marlin.FloatMath::max (11 bytes)
Event: 9.449 Thread 0x000001b2a3630000 nmethod 7632 0x000001b290623c90 code [0x000001b290623e40, 0x000001b290623f18]
Event: 9.449 Thread 0x000001b2a3630000 7633       2       com.sun.marlin.DRenderer::addLine (533 bytes)
Event: 9.449 Thread 0x000001b2a3630000 nmethod 7633 0x000001b290623f90 code [0x000001b2906241c0, 0x000001b2906248b8]
Event: 9.450 Thread 0x000001b2a3630000 7634       2       com.sun.marlin.DRenderer::pathDone (9 bytes)
Event: 9.451 Thread 0x000001b2a3630000 nmethod 7634 0x000001b290624b10 code [0x000001b290624ce0, 0x000001b290624e18]
Event: 9.451 Thread 0x000001b2a3630000 7635       2       com.sun.marlin.DRenderer::dispose (356 bytes)
Event: 9.451 Thread 0x000001b2a3630000 nmethod 7635 0x000001b290624f10 code [0x000001b290625180, 0x000001b290625988]
Event: 9.451 Thread 0x000001b2a3630000 7636       2       com.sun.marlin.DMarlinRenderingEngine::returnRendererContext (12 bytes)
Event: 9.452 Thread 0x000001b2a3630000 nmethod 7636 0x000001b290625d90 code [0x000001b290625f60, 0x000001b290626108]
Event: 9.452 Thread 0x000001b2a3630000 7637       2       com.sun.prism.impl.ps.BaseShaderGraphics::renderShape (255 bytes)
Event: 9.453 Thread 0x000001b2a3630000 nmethod 7637 0x000001b290626290 code [0x000001b2906264a0, 0x000001b290626828]
Event: 9.453 Thread 0x000001b2a3630000 7638       2       com.sun.javafx.image.impl.ByteGray::ToByteGrayConverter (19 bytes)
Event: 9.454 Thread 0x000001b2a3630000 nmethod 7638 0x000001b290626c10 code [0x000001b290626de0, 0x000001b290626fc8]
Event: 9.454 Thread 0x000001b2a3630000 7639       2       com.sun.javafx.image.impl.BaseByteToByteConverter$ByteAnyToSameConverter::convert (24 bytes)
Event: 9.454 Thread 0x000001b2a3630000 nmethod 7639 0x000001b290627090 code [0x000001b290627240, 0x000001b2906273e8]

GC Heap History (20 events):
Event: 7.044 GC heap before
{Heap before GC invocations=25 (full 0):
 garbage-first heap   total 205824K, used 140288K [0x00000000c1800000, 0x0000000100000000)
  region size 1024K, 82 young (83968K), 4 survivors (4096K)
 Metaspace       used 56560K, capacity 59120K, committed 59312K, reserved 1099776K
  class space    used 7587K, capacity 8665K, committed 8704K, reserved 1048576K
}
Event: 7.052 GC heap after
{Heap after GC invocations=26 (full 0):
 garbage-first heap   total 205824K, used 62464K [0x00000000c1800000, 0x0000000100000000)
  region size 1024K, 6 young (6144K), 6 survivors (6144K)
 Metaspace       used 56560K, capacity 59120K, committed 59312K, reserved 1099776K
  class space    used 7587K, capacity 8665K, committed 8704K, reserved 1048576K
}
Event: 7.056 GC heap before
{Heap before GC invocations=26 (full 0):
 garbage-first heap   total 205824K, used 65536K [0x00000000c1800000, 0x0000000100000000)
  region size 1024K, 10 young (10240K), 6 survivors (6144K)
 Metaspace       used 56560K, capacity 59120K, committed 59312K, reserved 1099776K
  class space    used 7587K, capacity 8665K, committed 8704K, reserved 1048576K
}
Event: 7.061 GC heap after
{Heap after GC invocations=27 (full 0):
 garbage-first heap   total 205824K, used 58011K [0x00000000c1800000, 0x0000000100000000)
  region size 1024K, 1 young (1024K), 1 survivors (1024K)
 Metaspace       used 56560K, capacity 59120K, committed 59312K, reserved 1099776K
  class space    used 7587K, capacity 8665K, committed 8704K, reserved 1048576K
}
Event: 7.116 GC heap before
{Heap before GC invocations=27 (full 0):
 garbage-first heap   total 205824K, used 144027K [0x00000000c1800000, 0x0000000100000000)
  region size 1024K, 85 young (87040K), 1 survivors (1024K)
 Metaspace       used 56560K, capacity 59120K, committed 59312K, reserved 1099776K
  class space    used 7587K, capacity 8665K, committed 8704K, reserved 1048576K
}
Event: 7.120 GC heap after
{Heap after GC invocations=28 (full 0):
 garbage-first heap   total 205824K, used 59606K [0x00000000c1800000, 0x0000000100000000)
  region size 1024K, 3 young (3072K), 3 survivors (3072K)
 Metaspace       used 56560K, capacity 59120K, committed 59312K, reserved 1099776K
  class space    used 7587K, capacity 8665K, committed 8704K, reserved 1048576K
}
Event: 7.178 GC heap before
{Heap before GC invocations=28 (full 0):
 garbage-first heap   total 205824K, used 155862K [0x00000000c1800000, 0x0000000100000000)
  region size 1024K, 97 young (99328K), 3 survivors (3072K)
 Metaspace       used 56560K, capacity 59120K, committed 59312K, reserved 1099776K
  class space    used 7587K, capacity 8665K, committed 8704K, reserved 1048576K
}
Event: 7.182 GC heap after
{Heap after GC invocations=29 (full 0):
 garbage-first heap   total 205824K, used 62761K [0x00000000c1800000, 0x0000000100000000)
  region size 1024K, 6 young (6144K), 6 survivors (6144K)
 Metaspace       used 56560K, capacity 59120K, committed 59312K, reserved 1099776K
  class space    used 7587K, capacity 8665K, committed 8704K, reserved 1048576K
}
Event: 7.332 GC heap before
{Heap before GC invocations=29 (full 0):
 garbage-first heap   total 205824K, used 160041K [0x00000000c1800000, 0x0000000100000000)
  region size 1024K, 101 young (103424K), 6 survivors (6144K)
 Metaspace       used 56761K, capacity 59344K, committed 59568K, reserved 1099776K
  class space    used 7616K, capacity 8697K, committed 8704K, reserved 1048576K
}
Event: 7.340 GC heap after
{Heap after GC invocations=30 (full 0):
 garbage-first heap   total 205824K, used 66133K [0x00000000c1800000, 0x0000000100000000)
  region size 1024K, 9 young (9216K), 9 survivors (9216K)
 Metaspace       used 56761K, capacity 59344K, committed 59568K, reserved 1099776K
  class space    used 7616K, capacity 8697K, committed 8704K, reserved 1048576K
}
Event: 7.682 GC heap before
{Heap before GC invocations=30 (full 0):
 garbage-first heap   total 205824K, used 162389K [0x00000000c1800000, 0x0000000100000000)
  region size 1024K, 104 young (106496K), 9 survivors (9216K)
 Metaspace       used 59015K, capacity 61603K, committed 61744K, reserved 1101824K
  class space    used 7902K, capacity 9003K, committed 9088K, reserved 1048576K
}
Event: 7.697 GC heap after
{Heap after GC invocations=31 (full 0):
 garbage-first heap   total 271360K, used 67738K [0x00000000c1800000, 0x0000000100000000)
  region size 1024K, 10 young (10240K), 10 survivors (10240K)
 Metaspace       used 59015K, capacity 61603K, committed 61744K, reserved 1101824K
  class space    used 7902K, capacity 9003K, committed 9088K, reserved 1048576K
}
Event: 7.975 GC heap before
{Heap before GC invocations=31 (full 0):
 garbage-first heap   total 271360K, used 149658K [0x00000000c1800000, 0x0000000100000000)
  region size 1024K, 32 young (32768K), 10 survivors (10240K)
 Metaspace       used 60848K, capacity 63491K, committed 63792K, reserved 1103872K
  class space    used 8135K, capacity 9272K, committed 9344K, reserved 1048576K
}
Event: 7.986 GC heap after
{Heap after GC invocations=32 (full 0):
 garbage-first heap   total 271360K, used 67654K [0x00000000c1800000, 0x0000000100000000)
  region size 1024K, 3 young (3072K), 3 survivors (3072K)
 Metaspace       used 60848K, capacity 63491K, committed 63792K, reserved 1103872K
  class space    used 8135K, capacity 9272K, committed 9344K, reserved 1048576K
}
Event: 8.866 GC heap before
{Heap before GC invocations=33 (full 0):
 garbage-first heap   total 302080K, used 301056K [0x00000000c1800000, 0x0000000100000000)
  region size 1024K, 54 young (55296K), 3 survivors (3072K)
 Metaspace       used 64107K, capacity 66984K, committed 67120K, reserved 1105920K
  class space    used 8542K, capacity 9752K, committed 9856K, reserved 1048576K
}
Event: 8.879 GC heap after
{Heap after GC invocations=34 (full 0):
 garbage-first heap   total 310272K, used 70045K [0x00000000c1800000, 0x0000000100000000)
  region size 1024K, 8 young (8192K), 8 survivors (8192K)
 Metaspace       used 64107K, capacity 66984K, committed 67120K, reserved 1105920K
  class space    used 8542K, capacity 9752K, committed 9856K, reserved 1048576K
}
Event: 9.067 GC heap before
{Heap before GC invocations=34 (full 0):
 garbage-first heap   total 310272K, used 79261K [0x00000000c1800000, 0x0000000100000000)
  region size 1024K, 15 young (15360K), 8 survivors (8192K)
 Metaspace       used 64418K, capacity 67229K, committed 67376K, reserved 1107968K
  class space    used 8573K, capacity 9768K, committed 9856K, reserved 1048576K
}
Event: 9.074 GC heap after
{Heap after GC invocations=35 (full 0):
 garbage-first heap   total 310272K, used 58120K [0x00000000c1800000, 0x0000000100000000)
  region size 1024K, 2 young (2048K), 2 survivors (2048K)
 Metaspace       used 64418K, capacity 67229K, committed 67376K, reserved 1107968K
  class space    used 8573K, capacity 9768K, committed 9856K, reserved 1048576K
}
Event: 9.459 GC heap before
{Heap before GC invocations=35 (full 0):
 garbage-first heap   total 310272K, used 158472K [0x00000000c1800000, 0x0000000100000000)
  region size 1024K, 24 young (24576K), 2 survivors (2048K)
 Metaspace       used 65626K, capacity 68524K, committed 68784K, reserved 1107968K
  class space    used 8673K, capacity 9896K, committed 9984K, reserved 1048576K
}
Event: 9.465 GC heap after
{Heap after GC invocations=36 (full 0):
 garbage-first heap   total 310272K, used 58844K [0x00000000c1800000, 0x0000000100000000)
  region size 1024K, 3 young (3072K), 3 survivors (3072K)
 Metaspace       used 65626K, capacity 68524K, committed 68784K, reserved 1107968K
  class space    used 8673K, capacity 9896K, committed 9984K, reserved 1048576K
}

Deoptimization events (20 events):
Event: 9.103 Thread 0x000001b2adaa8800 DEOPT PACKING pc=0x000001b296e3022c sp=0x0000007ba06fec10
Event: 9.103 Thread 0x000001b2adaa8800 DEOPT UNPACKING pc=0x000001b28f126ca9 sp=0x0000007ba06feba8 mode 2
Event: 9.242 Thread 0x000001b2adaa8800 Uncommon trap: trap_request=0xffffffde fr.pc=0x000001b296c848a0 relative=0x00000000000006a0
Event: 9.242 Thread 0x000001b2adaa8800 Uncommon trap: reason=class_check action=maybe_recompile pc=0x000001b296c848a0 method=java.util.HashMap.putVal(ILjava/lang/Object;Ljava/lang/Object;ZZ)Ljava/lang/Object; @ 253 c2
Event: 9.242 Thread 0x000001b2adaa8800 DEOPT PACKING pc=0x000001b296c848a0 sp=0x0000007ba06fef90
Event: 9.242 Thread 0x000001b2adaa8800 DEOPT UNPACKING pc=0x000001b28f126ca9 sp=0x0000007ba06fef10 mode 2
Event: 9.244 Thread 0x000001b2adaa8800 Uncommon trap: trap_request=0xffffffde fr.pc=0x000001b296c848a0 relative=0x00000000000006a0
Event: 9.244 Thread 0x000001b2adaa8800 Uncommon trap: reason=class_check action=maybe_recompile pc=0x000001b296c848a0 method=java.util.HashMap.putVal(ILjava/lang/Object;Ljava/lang/Object;ZZ)Ljava/lang/Object; @ 253 c2
Event: 9.244 Thread 0x000001b2adaa8800 DEOPT PACKING pc=0x000001b296c848a0 sp=0x0000007ba06fef70
Event: 9.244 Thread 0x000001b2adaa8800 DEOPT UNPACKING pc=0x000001b28f126ca9 sp=0x0000007ba06feef0 mode 2
Event: 9.246 Thread 0x000001b2adaa8800 Uncommon trap: trap_request=0xffffffde fr.pc=0x000001b296c848a0 relative=0x00000000000006a0
Event: 9.246 Thread 0x000001b2adaa8800 Uncommon trap: reason=class_check action=maybe_recompile pc=0x000001b296c848a0 method=java.util.HashMap.putVal(ILjava/lang/Object;Ljava/lang/Object;ZZ)Ljava/lang/Object; @ 253 c2
Event: 9.246 Thread 0x000001b2adaa8800 DEOPT PACKING pc=0x000001b296c848a0 sp=0x0000007ba06fef70
Event: 9.246 Thread 0x000001b2adaa8800 DEOPT UNPACKING pc=0x000001b28f126ca9 sp=0x0000007ba06feef0 mode 2
Event: 9.310 Thread 0x000001b2adaa8800 Uncommon trap: trap_request=0xffffffde fr.pc=0x000001b296c848a0 relative=0x00000000000006a0
Event: 9.310 Thread 0x000001b2adaa8800 Uncommon trap: reason=class_check action=maybe_recompile pc=0x000001b296c848a0 method=java.util.HashMap.putVal(ILjava/lang/Object;Ljava/lang/Object;ZZ)Ljava/lang/Object; @ 253 c2
Event: 9.310 Thread 0x000001b2adaa8800 DEOPT PACKING pc=0x000001b296c848a0 sp=0x0000007ba06fef90
Event: 9.310 Thread 0x000001b2adaa8800 DEOPT UNPACKING pc=0x000001b28f126ca9 sp=0x0000007ba06fef10 mode 2
Event: 9.438 Thread 0x000001b2adaa8800 DEOPT PACKING pc=0x000001b29056a974 sp=0x0000007ba06fcba0
Event: 9.438 Thread 0x000001b2adaa8800 DEOPT UNPACKING pc=0x000001b28f126abf sp=0x0000007ba06fc120 mode 0

Classes redefined (0 events):
No events

Internal exceptions (20 events):
Event: 8.183 Thread 0x000001b2adaa8800 Exception <a 'sun/nio/fs/WindowsException'{0x00000000d1e03ea0}> (0x00000000d1e03ea0) thrown at [./src/hotspot/share/prims/jni.cpp, line 615]
Event: 8.183 Thread 0x000001b2adaa8800 Exception <a 'sun/nio/fs/WindowsException'{0x00000000d1e04170}> (0x00000000d1e04170) thrown at [./src/hotspot/share/prims/jni.cpp, line 615]
Event: 8.184 Thread 0x000001b2adaa8800 Exception <a 'sun/nio/fs/WindowsException'{0x00000000d1ec3990}> (0x00000000d1ec3990) thrown at [./src/hotspot/share/prims/jni.cpp, line 615]
Event: 8.184 Thread 0x000001b2adaa8800 Exception <a 'sun/nio/fs/WindowsException'{0x00000000d1ec43b8}> (0x00000000d1ec43b8) thrown at [./src/hotspot/share/prims/jni.cpp, line 615]
Event: 8.184 Thread 0x000001b2adaa8800 Exception <a 'sun/nio/fs/WindowsException'{0x00000000d1ec46e0}> (0x00000000d1ec46e0) thrown at [./src/hotspot/share/prims/jni.cpp, line 615]
Event: 8.359 Thread 0x000001b2adaa8800 Exception <a 'java/lang/NoSuchMethodError'{0x00000000d0e30b30}: 'int java.lang.invoke.DirectMethodHandle$Holder.invokeSpecial(java.lang.Object, java.lang.Object, java.lang.Object, java.lang.Object, java.lang.Object)'> (0x00000000d0e30b30) thrown at [./src/hotspot/share/interpreter/linkResolver.cpp, line 773]
Event: 8.365 Thread 0x000001b2adaa8800 Implicit null exception at 0x000001b296c5282c to 0x000001b296c5295a
Event: 8.554 Thread 0x000001b2a3d14000 Exception <a 'java/io/FileNotFoundException'{0x00000000cfbba6b0}> (0x00000000cfbba6b0) thrown at [./src/hotspot/share/prims/jni.cpp, line 615]
Event: 8.621 Thread 0x000001b2a3d14000 Exception <a 'java/io/FileNotFoundException'{0x00000000cf9c1be0}> (0x00000000cf9c1be0) thrown at [./src/hotspot/share/prims/jni.cpp, line 615]
Event: 8.974 Thread 0x000001b2adaa8800 Exception <a 'sun/nio/fs/WindowsException'{0x00000000d39889f8}> (0x00000000d39889f8) thrown at [./src/hotspot/share/prims/jni.cpp, line 615]
Event: 8.980 Thread 0x000001b2adaa8800 Exception <a 'sun/nio/fs/WindowsException'{0x00000000d38330d8}> (0x00000000d38330d8) thrown at [./src/hotspot/share/prims/jni.cpp, line 615]
Event: 8.991 Thread 0x000001b2adaa8800 Exception <a 'sun/nio/fs/WindowsException'{0x00000000d3868698}> (0x00000000d3868698) thrown at [./src/hotspot/share/prims/jni.cpp, line 615]
Event: 9.058 Thread 0x000001b2adaa8800 Exception <a 'sun/nio/fs/WindowsException'{0x00000000d36b8248}> (0x00000000d36b8248) thrown at [./src/hotspot/share/prims/jni.cpp, line 615]
Event: 9.058 Thread 0x000001b2adaa8800 Exception <a 'sun/nio/fs/WindowsException'{0x00000000d36b8738}> (0x00000000d36b8738) thrown at [./src/hotspot/share/prims/jni.cpp, line 615]
Event: 9.058 Thread 0x000001b2adaa8800 Exception <a 'sun/nio/fs/WindowsException'{0x00000000d36b9bd8}> (0x00000000d36b9bd8) thrown at [./src/hotspot/share/prims/jni.cpp, line 615]
Event: 9.058 Thread 0x000001b2adaa8800 Exception <a 'sun/nio/fs/WindowsException'{0x00000000d36b9e68}> (0x00000000d36b9e68) thrown at [./src/hotspot/share/prims/jni.cpp, line 615]
Event: 9.253 Thread 0x000001b2adaa8800 Exception <a 'sun/nio/fs/WindowsException'{0x00000000d391e350}> (0x00000000d391e350) thrown at [./src/hotspot/share/prims/jni.cpp, line 615]
Event: 9.327 Thread 0x000001b2adaa8800 Exception <a 'sun/nio/fs/WindowsException'{0x00000000d39c01c0}> (0x00000000d39c01c0) thrown at [./src/hotspot/share/prims/jni.cpp, line 615]
Event: 9.399 Thread 0x000001b2adaa8800 Exception <a 'sun/nio/fs/WindowsException'{0x00000000d39ec760}> (0x00000000d39ec760) thrown at [./src/hotspot/share/prims/jni.cpp, line 615]
Event: 9.419 Thread 0x000001b2adaa8800 Exception <a 'sun/nio/fs/WindowsException'{0x00000000d35fa200}> (0x00000000d35fa200) thrown at [./src/hotspot/share/prims/jni.cpp, line 615]

Events (20 events):
Event: 9.270 loading class com/sun/tools/javac/util/JCDiagnostic$DiagnosticPosition
Event: 9.270 loading class com/sun/tools/javac/util/JCDiagnostic$DiagnosticPosition done
Event: 9.270 loading class com/sun/tools/javac/comp/Operators
Event: 9.270 loading class com/sun/tools/javac/comp/Operators done
Event: 9.270 loading class com/sun/tools/javac/code/Type
Event: 9.270 loading class com/sun/tools/javac/code/Type done
Event: 9.270 loading class com/sun/tools/javac/code/Symbol$OperatorSymbol
Event: 9.270 loading class com/sun/tools/javac/code/Symbol$OperatorSymbol done
Event: 9.270 loading class com/sun/tools/javac/comp/Operators$UnaryOperatorHelper
Event: 9.270 loading class com/sun/tools/javac/comp/Operators$UnaryOperatorHelper done
Event: 9.315 Executing VM operation: ICBufferFull
Event: 9.316 Executing VM operation: ICBufferFull done
Event: 9.366 loading class javafx/util/Pair
Event: 9.366 loading class javafx/util/Pair done
Event: 9.366 loading class javafx/util/Pair
Event: 9.366 loading class javafx/util/Pair done
Event: 9.366 loading class javafx/util/Pair
Event: 9.366 loading class javafx/util/Pair done
Event: 9.458 Executing VM operation: G1CollectForAllocation
Event: 9.465 Executing VM operation: G1CollectForAllocation done


Dynamic libraries:
0x00007ff77cdf0000 - 0x00007ff77cdfd000 	C:\Program Files\BlueJ\jdk\bin\javaw.exe
0x00007ffad3850000 - 0x00007ffad3a47000 	C:\Windows\SYSTEM32\ntdll.dll
0x00007ffad2c50000 - 0x00007ffad2d0d000 	C:\Windows\System32\KERNEL32.DLL
0x00007ffad1240000 - 0x00007ffad150d000 	C:\Windows\System32\KERNELBASE.dll
0x00007ffad1780000 - 0x00007ffad1880000 	C:\Windows\System32\ucrtbase.dll
0x00007ffac24b0000 - 0x00007ffac24c7000 	C:\Program Files\BlueJ\jdk\bin\jli.dll
0x00007ffad2aa0000 - 0x00007ffad2c40000 	C:\Windows\System32\USER32.dll
0x00007ffad1670000 - 0x00007ffad1692000 	C:\Windows\System32\win32u.dll
0x00007ffad1e80000 - 0x00007ffad1eaa000 	C:\Windows\System32\GDI32.dll
0x00007ffad0f70000 - 0x00007ffad107b000 	C:\Windows\System32\gdi32full.dll
0x00007ffad11a0000 - 0x00007ffad123d000 	C:\Windows\System32\msvcp_win.dll
0x00007ffabdf20000 - 0x00007ffabdf35000 	C:\Program Files\BlueJ\jdk\bin\VCRUNTIME140.dll
0x00007ffabbc80000 - 0x00007ffabbf1a000 	C:\Windows\WinSxS\amd64_microsoft.windows.common-controls_6595b64144ccf1df_6.0.19041.1110_none_60b5254171f9507e\COMCTL32.dll
0x00007ffad2000000 - 0x00007ffad209e000 	C:\Windows\System32\msvcrt.dll
0x00007ffad23d0000 - 0x00007ffad2400000 	C:\Windows\System32\IMM32.DLL
0x00007ffa89bc0000 - 0x00007ffa89c5b000 	C:\Program Files\BlueJ\jdk\bin\msvcp140.dll
0x00007ffa89070000 - 0x00007ffa89bb3000 	C:\Program Files\BlueJ\jdk\bin\server\jvm.dll
0x00007ffad2320000 - 0x00007ffad23ce000 	C:\Windows\System32\ADVAPI32.dll
0x00007ffad1eb0000 - 0x00007ffad1f4c000 	C:\Windows\System32\sechost.dll
0x00007ffad21f0000 - 0x00007ffad2315000 	C:\Windows\System32\RPCRT4.dll
0x00007ffad21e0000 - 0x00007ffad21e8000 	C:\Windows\System32\PSAPI.DLL
0x00007ffac13d0000 - 0x00007ffac13d9000 	C:\Windows\SYSTEM32\WSOCK32.dll
0x00007ffad1d40000 - 0x00007ffad1dab000 	C:\Windows\System32\WS2_32.dll
0x00007ffabf890000 - 0x00007ffabf8b7000 	C:\Windows\SYSTEM32\WINMM.dll
0x00007ffac9aa0000 - 0x00007ffac9aaa000 	C:\Windows\SYSTEM32\VERSION.dll
0x00007ffacee90000 - 0x00007ffaceea2000 	C:\Windows\SYSTEM32\kernel.appcore.dll
0x00007ffac1220000 - 0x00007ffac1230000 	C:\Program Files\BlueJ\jdk\bin\verify.dll
0x00007fface320000 - 0x00007fface504000 	C:\Windows\SYSTEM32\DBGHELP.DLL
0x00007fface790000 - 0x00007fface7bc000 	C:\Windows\SYSTEM32\dbgcore.DLL
0x00007ffad16a0000 - 0x00007ffad1722000 	C:\Windows\System32\bcryptPrimitives.dll
0x00007ffab04f0000 - 0x00007ffab0518000 	C:\Program Files\BlueJ\jdk\bin\java.dll
0x00007ffaba2d0000 - 0x00007ffaba2da000 	C:\Program Files\BlueJ\jdk\bin\jimage.dll
0x00007ffab04d0000 - 0x00007ffab04e7000 	C:\Program Files\BlueJ\jdk\bin\zip.dll
0x00007ffad30b0000 - 0x00007ffad37f4000 	C:\Windows\System32\SHELL32.dll
0x00007ffacf090000 - 0x00007ffacf824000 	C:\Windows\SYSTEM32\windows.storage.dll
0x00007ffad19e0000 - 0x00007ffad1d34000 	C:\Windows\System32\combase.dll
0x00007ffad0900000 - 0x00007ffad092c000 	C:\Windows\SYSTEM32\Wldp.dll
0x00007ffad1f50000 - 0x00007ffad1ffd000 	C:\Windows\System32\SHCORE.dll
0x00007ffad2ea0000 - 0x00007ffad2ef5000 	C:\Windows\System32\shlwapi.dll
0x00007ffad0eb0000 - 0x00007ffad0ecf000 	C:\Windows\SYSTEM32\profapi.dll
0x00007ffab0150000 - 0x00007ffab0169000 	C:\Program Files\BlueJ\jdk\bin\net.dll
0x00007ffac0af0000 - 0x00007ffac0bfa000 	C:\Windows\SYSTEM32\WINHTTP.dll
0x00007ffad0660000 - 0x00007ffad06ca000 	C:\Windows\system32\mswsock.dll
0x00007ffab0130000 - 0x00007ffab0142000 	C:\Program Files\BlueJ\jdk\bin\nio.dll
0x000001b2a4390000 - 0x000001b2a4393000 	C:\Program Files\BlueJ\lib\javafx\bin\api-ms-win-core-console-l1-1-0.dll
0x000001b2a43a0000 - 0x000001b2a43a3000 	C:\Program Files\BlueJ\lib\javafx\bin\api-ms-win-core-datetime-l1-1-0.dll
0x000001b2a43b0000 - 0x000001b2a43b3000 	C:\Program Files\BlueJ\lib\javafx\bin\api-ms-win-core-debug-l1-1-0.dll
0x000001b2a43c0000 - 0x000001b2a43c3000 	C:\Program Files\BlueJ\lib\javafx\bin\api-ms-win-core-errorhandling-l1-1-0.dll
0x000001b2a43d0000 - 0x000001b2a43d4000 	C:\Program Files\BlueJ\lib\javafx\bin\api-ms-win-core-file-l1-1-0.dll
0x000001b2a43e0000 - 0x000001b2a43e3000 	C:\Program Files\BlueJ\lib\javafx\bin\api-ms-win-core-file-l1-2-0.dll
0x000001b2a43f0000 - 0x000001b2a43f3000 	C:\Program Files\BlueJ\lib\javafx\bin\api-ms-win-core-file-l2-1-0.dll
0x000001b2a4400000 - 0x000001b2a4403000 	C:\Program Files\BlueJ\lib\javafx\bin\api-ms-win-core-handle-l1-1-0.dll
0x000001b2a4410000 - 0x000001b2a4413000 	C:\Program Files\BlueJ\lib\javafx\bin\api-ms-win-core-heap-l1-1-0.dll
0x000001b2a4420000 - 0x000001b2a4423000 	C:\Program Files\BlueJ\lib\javafx\bin\api-ms-win-core-interlocked-l1-1-0.dll
0x000001b2a4430000 - 0x000001b2a4433000 	C:\Program Files\BlueJ\lib\javafx\bin\api-ms-win-core-libraryloader-l1-1-0.dll
0x000001b2a4440000 - 0x000001b2a4443000 	C:\Program Files\BlueJ\lib\javafx\bin\api-ms-win-core-localization-l1-2-0.dll
0x000001b2a4450000 - 0x000001b2a4453000 	C:\Program Files\BlueJ\lib\javafx\bin\api-ms-win-core-memory-l1-1-0.dll
0x000001b2a4460000 - 0x000001b2a4463000 	C:\Program Files\BlueJ\lib\javafx\bin\api-ms-win-core-namedpipe-l1-1-0.dll
0x000001b2a4470000 - 0x000001b2a4473000 	C:\Program Files\BlueJ\lib\javafx\bin\api-ms-win-core-processenvironment-l1-1-0.dll
0x000001b2a4480000 - 0x000001b2a4483000 	C:\Program Files\BlueJ\lib\javafx\bin\api-ms-win-core-processthreads-l1-1-0.dll
0x000001b2a4490000 - 0x000001b2a4493000 	C:\Program Files\BlueJ\lib\javafx\bin\api-ms-win-core-processthreads-l1-1-1.dll
0x000001b2a44a0000 - 0x000001b2a44a3000 	C:\Program Files\BlueJ\lib\javafx\bin\api-ms-win-core-profile-l1-1-0.dll
0x000001b2a44b0000 - 0x000001b2a44b3000 	C:\Program Files\BlueJ\lib\javafx\bin\api-ms-win-core-rtlsupport-l1-1-0.dll
0x000001b2a44c0000 - 0x000001b2a44c3000 	C:\Program Files\BlueJ\lib\javafx\bin\api-ms-win-core-string-l1-1-0.dll
0x000001b2a44d0000 - 0x000001b2a44d3000 	C:\Program Files\BlueJ\lib\javafx\bin\api-ms-win-core-synch-l1-1-0.dll
0x000001b2a44e0000 - 0x000001b2a44e3000 	C:\Program Files\BlueJ\lib\javafx\bin\api-ms-win-core-synch-l1-2-0.dll
0x000001b2a44f0000 - 0x000001b2a44f3000 	C:\Program Files\BlueJ\lib\javafx\bin\api-ms-win-core-sysinfo-l1-1-0.dll
0x000001b2a4500000 - 0x000001b2a4503000 	C:\Program Files\BlueJ\lib\javafx\bin\api-ms-win-core-timezone-l1-1-0.dll
0x000001b2a4510000 - 0x000001b2a4513000 	C:\Program Files\BlueJ\lib\javafx\bin\api-ms-win-core-util-l1-1-0.dll
0x000001b2a4520000 - 0x000001b2a4523000 	C:\Program Files\BlueJ\lib\javafx\bin\api-ms-win-crt-conio-l1-1-0.dll
0x000001b2a4530000 - 0x000001b2a4534000 	C:\Program Files\BlueJ\lib\javafx\bin\api-ms-win-crt-convert-l1-1-0.dll
0x000001b2a4540000 - 0x000001b2a4543000 	C:\Program Files\BlueJ\lib\javafx\bin\api-ms-win-crt-environment-l1-1-0.dll
0x000001b2a4550000 - 0x000001b2a4553000 	C:\Program Files\BlueJ\lib\javafx\bin\api-ms-win-crt-filesystem-l1-1-0.dll
0x000001b2a4560000 - 0x000001b2a4563000 	C:\Program Files\BlueJ\lib\javafx\bin\api-ms-win-crt-heap-l1-1-0.dll
0x000001b2a4570000 - 0x000001b2a4573000 	C:\Program Files\BlueJ\lib\javafx\bin\api-ms-win-crt-locale-l1-1-0.dll
0x000001b2a4580000 - 0x000001b2a4585000 	C:\Program Files\BlueJ\lib\javafx\bin\api-ms-win-crt-math-l1-1-0.dll
0x000001b2a4590000 - 0x000001b2a4595000 	C:\Program Files\BlueJ\lib\javafx\bin\api-ms-win-crt-multibyte-l1-1-0.dll
0x000001b2a45a0000 - 0x000001b2a45b0000 	C:\Program Files\BlueJ\lib\javafx\bin\api-ms-win-crt-private-l1-1-0.dll
0x000001b2a45b0000 - 0x000001b2a45b3000 	C:\Program Files\BlueJ\lib\javafx\bin\api-ms-win-crt-process-l1-1-0.dll
0x000001b2a45c0000 - 0x000001b2a45c4000 	C:\Program Files\BlueJ\lib\javafx\bin\api-ms-win-crt-runtime-l1-1-0.dll
0x000001b2a45d0000 - 0x000001b2a45d4000 	C:\Program Files\BlueJ\lib\javafx\bin\api-ms-win-crt-stdio-l1-1-0.dll
0x000001b2a45e0000 - 0x000001b2a45e4000 	C:\Program Files\BlueJ\lib\javafx\bin\api-ms-win-crt-string-l1-1-0.dll
0x000001b2a45f0000 - 0x000001b2a45f3000 	C:\Program Files\BlueJ\lib\javafx\bin\api-ms-win-crt-time-l1-1-0.dll
0x000001b2a4600000 - 0x000001b2a4603000 	C:\Program Files\BlueJ\lib\javafx\bin\api-ms-win-crt-utility-l1-1-0.dll
0x00007ffa88f70000 - 0x00007ffa8906a000 	C:\Program Files\BlueJ\lib\javafx\bin\ucrtbase.dll
0x00007ffaae2a0000 - 0x00007ffaae2b6000 	C:\Program Files\BlueJ\lib\javafx\bin\vcruntime140.dll
0x00007ffa88ec0000 - 0x00007ffa88f66000 	C:\Program Files\BlueJ\lib\javafx\bin\msvcp140.dll
0x00007ffaadd10000 - 0x00007ffaadd61000 	C:\Program Files\BlueJ\lib\javafx\bin\concrt140.dll
0x00007ffaae270000 - 0x00007ffaae293000 	C:\Program Files\BlueJ\lib\javafx\bin\prism_d3d.dll
0x00007ffaaebc0000 - 0x00007ffaaed8f000 	C:\Windows\system32\d3d9.dll
0x00007ffacec80000 - 0x00007ffacecaf000 	C:\Windows\SYSTEM32\dwmapi.dll
0x00007fface9b0000 - 0x00007ffacea4e000 	C:\Windows\system32\uxtheme.dll
0x00007ffa88d10000 - 0x00007ffa88eb2000 	C:\Windows\System32\DriverStore\FileRepository\iigd_dch.inf_amd64_1dc9fc8d5e442f6a\igdumdim64.dll
0x00007ffad2d70000 - 0x00007ffad2e9a000 	C:\Windows\System32\ole32.dll
0x00007ffad1880000 - 0x00007ffad18a7000 	C:\Windows\System32\bcrypt.dll
0x00007ffa7fb70000 - 0x00007ffa83780000 	C:\Windows\System32\DriverStore\FileRepository\iigd_dch.inf_amd64_1dc9fc8d5e442f6a\igd9dxva64.dll
0x00007ffad1db0000 - 0x00007ffad1e7d000 	C:\Windows\System32\OLEAUT32.dll
0x00007ffad2480000 - 0x00007ffad28ef000 	C:\Windows\System32\SETUPAPI.dll
0x00007ffad1730000 - 0x00007ffad177e000 	C:\Windows\System32\cfgmgr32.dll
0x00007ffac7170000 - 0x00007ffac7537000 	C:\Windows\System32\DriverStore\FileRepository\iigd_dch.inf_amd64_1dc9fc8d5e442f6a\igdgmm64.dll
0x00007ffaa9740000 - 0x00007ffaa9785000 	C:\Program Files\BlueJ\lib\javafx\bin\glass.dll
0x00007ffad20a0000 - 0x00007ffad217b000 	C:\Windows\System32\COMDLG32.dll
0x00007ffad2f00000 - 0x00007ffad3015000 	C:\Windows\System32\MSCTF.dll
0x00007ffa9cce0000 - 0x00007ffa9cd07000 	C:\Windows\System32\DriverStore\FileRepository\iigd_dch.inf_amd64_1dc9fc8d5e442f6a\igdinfo64.dll
0x00007ffac2ee0000 - 0x00007ffac6492000 	C:\Windows\System32\DriverStore\FileRepository\iigd_dch.inf_amd64_1dc9fc8d5e442f6a\igc64.dll
0x00007ffaca2d0000 - 0x00007ffaca30b000 	C:\Windows\SYSTEM32\dxcore.dll
0x00007ffaae190000 - 0x00007ffaae1a4000 	C:\Program Files\BlueJ\lib\javafx\bin\javafx_font.dll
0x00007ffaa6ed0000 - 0x00007ffaa714f000 	C:\Windows\SYSTEM32\dwrite.dll
0x00007ffad1930000 - 0x00007ffad19d9000 	C:\Windows\System32\clbcatq.dll
0x00007ffac9520000 - 0x00007ffac96d4000 	C:\Windows\SYSTEM32\WindowsCodecs.dll
0x00007ffaae890000 - 0x00007ffaae8ce000 	C:\Windows\system32\dataexchange.dll
0x00007ffacd350000 - 0x00007ffacd5b3000 	C:\Windows\system32\d3d11.dll
0x00007ffacdaa0000 - 0x00007ffacdc84000 	C:\Windows\system32\dcomp.dll
0x00007ffacf870000 - 0x00007ffacf963000 	C:\Windows\system32\dxgi.dll
0x00007ffacbff0000 - 0x00007ffacc1f0000 	C:\Windows\system32\twinapi.appcore.dll
0x00007ffaa7800000 - 0x00007ffaa7834000 	C:\Program Files\Common Files\Microsoft Shared\Ink\rtscom.dll
0x00007ffacc490000 - 0x00007ffacc589000 	C:\Windows\SYSTEM32\textinputframework.dll
0x00007ffacdc90000 - 0x00007ffacdfee000 	C:\Windows\System32\CoreUIComponents.dll
0x00007fface060000 - 0x00007fface152000 	C:\Windows\System32\CoreMessaging.dll
0x00007ffacfc70000 - 0x00007ffacfca3000 	C:\Windows\SYSTEM32\ntmarta.dll
0x00007ffacd5c0000 - 0x00007ffacd714000 	C:\Windows\SYSTEM32\wintypes.dll
0x00007ffa85030000 - 0x00007ffa851c9000 	C:\Program Files\BlueJ\jdk\bin\awt.dll
0x00007fface5b0000 - 0x00007fface640000 	C:\Windows\SYSTEM32\apphelp.dll
0x00007ffabf6f0000 - 0x00007ffabf816000 	C:\Windows\system32\opengl32.dll
0x00007ffabe8a0000 - 0x00007ffabe8cc000 	C:\Windows\SYSTEM32\GLU32.dll
0x00007ffad0390000 - 0x00007ffad045b000 	C:\Windows\SYSTEM32\DNSAPI.dll
0x00007ffad0350000 - 0x00007ffad038b000 	C:\Windows\SYSTEM32\IPHLPAPI.DLL
0x00007ffad3800000 - 0x00007ffad3808000 	C:\Windows\System32\NSI.dll

dbghelp: loaded successfully - version: 4.0.5 - missing functions: none
symbol engine: initialized successfully - sym options: 0x614 - pdb path: .;C:\Program Files\BlueJ\jdk\bin;C:\Windows\SYSTEM32;C:\Windows\WinSxS\amd64_microsoft.windows.common-controls_6595b64144ccf1df_6.0.19041.1110_none_60b5254171f9507e;C:\Program Files\BlueJ\jdk\bin\server;C:\Program Files\BlueJ\lib\javafx\bin;C:\Windows\System32\DriverStore\FileRepository\iigd_dch.inf_amd64_1dc9fc8d5e442f6a;C:\Program Files\Common Files\Microsoft Shared\Ink

VM Arguments:
jvm_args: -Dhttps.protocols=TLSv1,TLSv1.1,TLSv1.2 
java_command: bluej.Boot T:\Angelina Pilkenrodt\Schule\Info\Bankanwendung-copy\package.bluej
java_class_path (initial): C:\Program Files\BlueJ\lib\bluej.jar;C:\Program Files\BlueJ\lib\javafx\lib\javafx.base.jar;C:\Program Files\BlueJ\lib\javafx\lib\javafx.controls.jar;C:\Program Files\BlueJ\lib\javafx\lib\javafx.fxml.jar;C:\Program Files\BlueJ\lib\javafx\lib\javafx.graphics.jar;C:\Program Files\BlueJ\lib\javafx\lib\javafx.media.jar;C:\Program Files\BlueJ\lib\javafx\lib\javafx.properties.jar;C:\Program Files\BlueJ\lib\javafx\lib\javafx.swing.jar;C:\Program Files\BlueJ\lib\javafx\lib\javafx.web.jar
Launcher Type: SUN_STANDARD

[Global flags]
     intx CICompilerCount                          = 2                                         {product} {ergonomic}
     uint ConcGCThreads                            = 1                                         {product} {ergonomic}
     uint G1ConcRefinementThreads                  = 2                                         {product} {ergonomic}
   size_t G1HeapRegionSize                         = 1048576                                   {product} {ergonomic}
    uintx GCDrainStackTargetSize                   = 64                                        {product} {ergonomic}
   size_t InitialHeapSize                          = 67108864                                  {product} {ergonomic}
   size_t MarkStackSize                            = 4194304                                   {product} {ergonomic}
   size_t MaxHeapSize                              = 1048576000                                {product} {ergonomic}
   size_t MaxNewSize                               = 629145600                                 {product} {ergonomic}
   size_t MinHeapDeltaBytes                        = 1048576                                   {product} {ergonomic}
    uintx NonNMethodCodeHeapSize                   = 5825164                                {pd product} {ergonomic}
    uintx NonProfiledCodeHeapSize                  = 122916538                              {pd product} {ergonomic}
    uintx ProfiledCodeHeapSize                     = 122916538                              {pd product} {ergonomic}
    uintx ReservedCodeCacheSize                    = 251658240                              {pd product} {ergonomic}
     bool SegmentedCodeCache                       = true                                      {product} {ergonomic}
     bool UseCompressedClassPointers               = true                                 {lp64_product} {ergonomic}
     bool UseCompressedOops                        = true                                 {lp64_product} {ergonomic}
     bool UseG1GC                                  = true                                      {product} {ergonomic}
     bool UseLargePagesIndividualAllocation        = false                                  {pd product} {ergonomic}

Logging:
Log output configuration:
 #0: stdout all=warning uptime,level,tags
 #1: stderr all=off uptime,level,tags

Environment Variables:
JAVA_HOME=c:\Program Files\openJDK\openJDK 11\
JRE_HOME=C:\Program Files\Java\jre1.8\
PATH=C:\Windows\system32;C:\Windows;C:\Windows\System32\Wbem;C:\Windows\System32\WindowsPowerShell\v1.0\;C:\Windows\System32\OpenSSH\;C:\Windows\Microsoft.NET\Framework\v4.0.30319;C:\Program Files (x86)\QT Lite\QTSystem;c:\Program Files (x86)\openJDK\openJDK1.8\bin;c:\Program Files (x86)\openJDK\openJDK1.8\jre\bin;C:\Windows\system32\config\systemprofile\AppData\Local\Microsoft\WindowsApps;C:\Program Files\Java\jre1.8\bin;C:\Program Files (x86)\Windows Live\Shared;c:\Program Files\openJDK\openJDK1.8\jre\bin;c:\Program Files\openJDK\openJDK 11\bin;c:\Program Files\openJDK\openJDK1.8\bin;C:\Users\angelina.pilkenrodt\AppData\Local\Microsoft\WindowsApps;
USERNAME=angelina.pilkenrodt
OS=Windows_NT
PROCESSOR_IDENTIFIER=Intel64 Family 6 Model 94 Stepping 3, GenuineIntel



---------------  S Y S T E M  ---------------

OS: Windows 10 , 64 bit Build 19041 (10.0.19041.1741)
OS uptime: 0 days 1:06 hours

CPU:total 2 (initial active 2) (2 cores per cpu, 1 threads per core) family 6 model 94 stepping 3 microcode 0xcc, cmov, cx8, fxsr, mmx, sse, sse2, sse3, ssse3, sse4.1, sse4.2, popcnt, aes, clmul, erms, 3dnowpref, lzcnt, tsc, tscinvbit

Memory: 4k page, system-wide physical 3999M (726M free)
TotalPageFile size 8607M (AvailPageFile size 1866M)
current process WorkingSet (physical memory assigned to process): 604M, peak: 613M
current process commit charge ("private bytes"): 593M, peak: 601M

vm_info: OpenJDK 64-Bit Server VM (11.0.10+9) for windows-amd64 JRE (11.0.10+9), built on Jan 20 2021 06:07:07 by "" with MS VC++ 15.9 (VS2017)

END.
