#
# A fatal error has been detected by the Java Runtime Environment:
#
#  EXCEPTION_ACCESS_VIOLATION (0xc0000005) at pc=0x00007ffa891fe006, pid=10776, tid=8136
#
# JRE version: OpenJDK Runtime Environment AdoptOpenJDK (11.0.10+9) (build 11.0.10+9)
# Java VM: OpenJDK 64-Bit Server VM AdoptOpenJDK (11.0.10+9, mixed mode, tiered, compressed oops, g1 gc, windows-amd64)
# Problematic frame:
# V  [jvm.dll+0x18e006]
#
# No core dump will be written. Minidumps are not enabled by default on client versions of Windows
#
# If you would like to submit a bug report, please visit:
#   https://github.com/AdoptOpenJDK/openjdk-support/issues
#

---------------  S U M M A R Y ------------

Command Line: -Dhttps.protocols=TLSv1,TLSv1.1,TLSv1.2 bluej.Boot T:\Angelina Pilkenrodt\Schule\Info\Bankanwendung-copy\package.bluej

Host: Intel(R) Pentium(R) CPU G4400 @ 3.30GHz, 2 cores, 3G,  Windows 10 , 64 bit Build 19041 (10.0.19041.1741)
Time: Fri Jun 24 10:26:25 2022 Mitteleuropäische Sommerzeit elapsed time: 6.256543 seconds (0d 0h 0m 6s)

---------------  T H R E A D  ---------------

Current thread (0x000001f8f215f000):  ConcurrentGCThread "G1 Conc#0" [stack: 0x000000a6dd100000,0x000000a6dd200000] [id=8136]

Stack: [0x000000a6dd100000,0x000000a6dd200000],  sp=0x000000a6dd1ff4c8,  free space=1021k
Native frames: (J=compiled Java code, j=interpreted, Vv=VM code, C=native code)
V  [jvm.dll+0x18e006]


siginfo: EXCEPTION_ACCESS_VIOLATION (0xc0000005), reading address 0x0000000000000070


Register to memory mapping:

RIP=0x00007ffa891fe006 jvm.dll
RAX=0x0 is NULL
RBX=0x0 is NULL
RCX=0x00000000c34d69e8 is pointing into object: java.util.concurrent.atomic.AtomicBoolean 
{0x00000000c34d69e0} - klass: 'java/util/concurrent/atomic/AtomicBoolean'
RDX=0x00000000c34d69e8 is pointing into object: java.util.concurrent.atomic.AtomicBoolean 
{0x00000000c34d69e0} - klass: 'java/util/concurrent/atomic/AtomicBoolean'
RSP=0x000000a6dd1ff4c8 points into unknown readable memory: 0x00007ffa8934a89d | 9d a8 34 89 fa 7f 00 00
RBP=0x0 is NULL
RSI=0x2000000000000001 is an unknown value
RDI=0x00000000c34d69e8 is pointing into object: java.util.concurrent.atomic.AtomicBoolean 
{0x00000000c34d69e0} - klass: 'java/util/concurrent/atomic/AtomicBoolean'
R8 =0x0 is NULL
R9 =0x0000000000000068 is an unknown value
R10=0x000001f8f21837d0 points into unknown readable memory: 0x00007ffa898fb0c0 | c0 b0 8f 89 fa 7f 00 00
R11=0x346dc5d63886594b is an unknown value
R12=0x0 is NULL
R13=0x0 is NULL
R14=0x000001f8fc2335a0 points into unknown readable memory: 0x2000000000000000 | 00 00 00 00 00 00 00 20
R15=0x000001f8f2157540 points into unknown readable memory: 0x000001f8f215c000 | 00 c0 15 f2 f8 01 00 00


Registers:
RAX=0x0000000000000000, RBX=0x0000000000000000, RCX=0x00000000c34d69e8, RDX=0x00000000c34d69e8
RSP=0x000000a6dd1ff4c8, RBP=0x0000000000000000, RSI=0x2000000000000001, RDI=0x00000000c34d69e8
R8 =0x0000000000000000, R9 =0x0000000000000068, R10=0x000001f8f21837d0, R11=0x346dc5d63886594b
R12=0x0000000000000000, R13=0x0000000000000000, R14=0x000001f8fc2335a0, R15=0x000001f8f2157540
RIP=0x00007ffa891fe006, EFLAGS=0x0000000000010202

Top of Stack: (sp=0x000000a6dd1ff4c8)
0x000000a6dd1ff4c8:   00007ffa8934a89d 0000000000000000
0x000000a6dd1ff4d8:   00000000000e4e1c 00000000c34d19f0
0x000000a6dd1ff4e8:   000001f8f2161070 000001f8f215fc01
0x000000a6dd1ff4f8:   000001f8f2161070 00000000c34d69e8
0x000000a6dd1ff508:   00007ffa8934a682 000001f8f2160f30
0x000000a6dd1ff518:   00000000c34d3704 000001f8f2157590
0x000000a6dd1ff528:   000000a6dd1ff6b8 000000a6dd1ff6b8
0x000000a6dd1ff538:   00007ffa89342b1d 00000000000003a0
0x000000a6dd1ff548:   00000000c34d1c9c 000001f8f215fc01
0x000000a6dd1ff558:   000001f8f2157590 0000000100013f08
0x000000a6dd1ff568:   00007ffa893421f1 00000000000003a0
0x000000a6dd1ff578:   00000000c34d1a08 00000000c34d19f0
0x000000a6dd1ff588:   000001f8f2160f30 000001f8f2160f30
0x000000a6dd1ff598:   00007ffa8935531e 00000000c34d1a08
0x000000a6dd1ff5a8:   000000a6dd1ff660 000000a6dd1ff660
0x000000a6dd1ff5b8:   00007ffa896cb673 00000000003a0000 

Instructions: (pc=0x00007ffa891fe006)
0x00007ffa891fdf06:   eb 04 48 8b 43 08 81 78 08 00 00 00 c0 73 7d 48
0x00007ffa891fdf16:   8b 4f 38 48 8b d3 48 8b 01 ff 50 20 84 c0 75 6c
0x00007ffa891fdf26:   38 05 35 12 8e 00 74 15 8b 53 08 8b 0d e1 64 89
0x00007ffa891fdf36:   00 48 d3 e2 48 03 15 cf 64 89 00 eb 04 48 8b 53
0x00007ffa891fdf46:   08 48 8b cb 48 89 5c 24 20 e8 ac 00 00 00 80 7f
0x00007ffa891fdf56:   30 00 48 63 c8 48 89 4c 24 28 0f 28 44 24 20 74
0x00007ffa891fdf66:   17 0f 11 86 98 03 00 00 48 8b 5c 24 40 48 8b 74
0x00007ffa891fdf76:   24 48 48 83 c4 30 5f c3 48 8b 07 48 8d 54 24 20
0x00007ffa891fdf86:   48 8b cf 66 0f 7f 44 24 20 ff 50 38 48 8b 5c 24
0x00007ffa891fdf96:   40 48 8b 74 24 48 48 83 c4 30 5f c3 cc cc cc cc
0x00007ffa891fdfa6:   cc cc cc cc cc cc cc cc cc cc 48 8b 49 38 48 8b
0x00007ffa891fdfb6:   01 48 ff 60 28 cc cc cc cc cc 80 3d 9a 11 8e 00
0x00007ffa891fdfc6:   00 48 8b c1 74 1b 8b 51 08 8b 0d 43 64 89 00 48
0x00007ffa891fdfd6:   d3 e2 48 8b c8 48 03 15 2e 64 89 00 e9 19 00 00
0x00007ffa891fdfe6:   00 48 8b 51 08 48 8b c8 e9 0d 00 00 00 cc cc cc
0x00007ffa891fdff6:   cc cc cc cc cc cc cc cc cc cc 4c 8b ca 48 8b d1
0x00007ffa891fe006:   45 8b 41 08 45 85 c0 7e 0e 41 f6 c0 01 75 56 41
0x00007ffa891fe016:   c1 f8 03 41 8b c0 c3 79 4c 80 3d 3b 11 8e 00 00
0x00007ffa891fe026:   b8 0c 00 00 00 b9 10 00 00 00 0f 45 c8 8b 05 2b
0x00007ffa891fe036:   96 87 00 ff c8 4c 63 c8 48 63 14 11 41 8b c8 83
0x00007ffa891fe046:   e1 3f 48 d3 e2 41 8b c8 48 c1 f9 10 0f b6 c1 49
0x00007ffa891fe056:   8d 0c 11 49 f7 d1 48 03 c1 49 c1 e9 03 48 c1 e8
0x00007ffa891fe066:   03 41 23 c1 c3 49 8b 01 49 8b c9 48 ff a0 10 01
0x00007ffa891fe076:   00 00 cc cc cc cc cc cc cc cc 48 8b c2 c3 cc cc
0x00007ffa891fe086:   cc cc cc cc cc cc cc cc cc cc 48 83 ec 38 0f 10
0x00007ffa891fe096:   02 48 8b 49 38 48 8d 54 24 20 0f 29 44 24 20 e8
0x00007ffa891fe0a6:   16 f0 ff ff 48 83 c4 38 c3 cc 48 83 ec 38 0f 10
0x00007ffa891fe0b6:   02 48 8b 01 48 8d 54 24 20 0f 29 44 24 20 ff 50
0x00007ffa891fe0c6:   38 48 83 c4 38 c3 cc cc cc cc 48 89 5c 24 08 55
0x00007ffa891fe0d6:   56 57 41 54 41 55 41 56 41 57 48 8d 6c 24 e0 48
0x00007ffa891fe0e6:   81 ec 20 01 00 00 48 8b 05 85 e9 8a 00 48 33 c4
0x00007ffa891fe0f6:   48 89 45 10 48 8b 05 4f 7e 8d 00 45 33 ed 4c 8b 


Stack slot to memory mapping:
stack at sp + 0 slots: 0x00007ffa8934a89d jvm.dll
stack at sp + 1 slots: 0x0 is NULL
stack at sp + 2 slots: 0x00000000000e4e1c is an unknown value
stack at sp + 3 slots: 0x00000000c34d19f0 is an oop: java.util.ArrayList 
{0x00000000c34d19f0} - klass: 'java/util/ArrayList'
stack at sp + 4 slots: 0x000001f8f2161070 points into unknown readable memory: 0x00007ffa89934300 | 00 43 93 89 fa 7f 00 00
stack at sp + 5 slots: 0x000001f8f215fc01 points into unknown readable memory: 00 00 00 00 00 00 00
stack at sp + 6 slots: 0x000001f8f2161070 points into unknown readable memory: 0x00007ffa89934300 | 00 43 93 89 fa 7f 00 00
stack at sp + 7 slots: 0x00000000c34d69e8 is pointing into object: java.util.concurrent.atomic.AtomicBoolean 
{0x00000000c34d69e0} - klass: 'java/util/concurrent/atomic/AtomicBoolean'


---------------  P R O C E S S  ---------------

Threads class SMR info:
_java_thread_list=0x000001f8953d5060, length=37, elements={
0x000001f8f2125000, 0x000001f8ffce9800, 0x000001f8ffcf3000, 0x000001f8ffd57800,
0x000001f8ffd59800, 0x000001f8ffd5b800, 0x000001f8ffd05800, 0x000001f8ffd8e000,
0x000001f8ffd0f000, 0x000001f88f151000, 0x000001f88f208000, 0x000001f88f4f9000,
0x000001f88f267000, 0x000001f88f52d800, 0x000001f88f760000, 0x000001f88f7ea000,
0x000001f894b86000, 0x000001f896946800, 0x000001f896947800, 0x000001f8985c8800,
0x000001f8985c6000, 0x000001f8985c6800, 0x000001f8985c5000, 0x000001f8985c3800,
0x000001f8985c7800, 0x000001f8985c2800, 0x000001f8985c4000, 0x000001f89b79b000,
0x000001f89b799800, 0x000001f89b79c000, 0x000001f89b79a800, 0x000001f89b796800,
0x000001f89b798800, 0x000001f89b79d000, 0x000001f89b797000, 0x000001f89b79d800,
0x000001f89b798000
}

Java Threads: ( => current thread )
  0x000001f8f2125000 JavaThread "main" [_thread_blocked, id=5472, stack(0x000000a6dcd00000,0x000000a6dce00000)]
  0x000001f8ffce9800 JavaThread "Reference Handler" daemon [_thread_blocked, id=10420, stack(0x000000a6dd500000,0x000000a6dd600000)]
  0x000001f8ffcf3000 JavaThread "Finalizer" daemon [_thread_blocked, id=2364, stack(0x000000a6dd600000,0x000000a6dd700000)]
  0x000001f8ffd57800 JavaThread "Signal Dispatcher" daemon [_thread_blocked, id=10532, stack(0x000000a6dd700000,0x000000a6dd800000)]
  0x000001f8ffd59800 JavaThread "Attach Listener" daemon [_thread_blocked, id=7116, stack(0x000000a6dd800000,0x000000a6dd900000)]
  0x000001f8ffd5b800 JavaThread "Service Thread" daemon [_thread_blocked, id=9776, stack(0x000000a6dd900000,0x000000a6dda00000)]
  0x000001f8ffd05800 JavaThread "C2 CompilerThread0" daemon [_thread_in_native, id=9296, stack(0x000000a6dda00000,0x000000a6ddb00000)]
  0x000001f8ffd8e000 JavaThread "C1 CompilerThread0" daemon [_thread_blocked, id=10740, stack(0x000000a6ddb00000,0x000000a6ddc00000)]
  0x000001f8ffd0f000 JavaThread "Sweeper thread" daemon [_thread_blocked, id=1668, stack(0x000000a6ddc00000,0x000000a6ddd00000)]
  0x000001f88f151000 JavaThread "Common-Cleaner" daemon [_thread_blocked, id=4532, stack(0x000000a6dde00000,0x000000a6ddf00000)]
  0x000001f88f208000 JavaThread "JavaFX-Launcher" [_thread_blocked, id=408, stack(0x000000a6ddf00000,0x000000a6de000000)]
  0x000001f88f4f9000 JavaThread "QuantumRenderer-0" daemon [_thread_blocked, id=6100, stack(0x000000a6de000000,0x000000a6de100000)]
  0x000001f88f267000 JavaThread "InvokeLaterDispatcher" daemon [_thread_blocked, id=1008, stack(0x000000a6de200000,0x000000a6de300000)]
  0x000001f88f52d800 JavaThread "JavaFX Application Thread" [_thread_in_native, id=5856, stack(0x000000a6de300000,0x000000a6de400000)]
  0x000001f88f760000 JavaThread "Thread-2" daemon [_thread_in_native, id=8180, stack(0x000000a6de600000,0x000000a6de700000)]
  0x000001f88f7ea000 JavaThread "subMain thread" [_thread_blocked, id=6960, stack(0x000000a6de700000,0x000000a6de800000)]
  0x000001f894b86000 JavaThread "Java2D Disposer" daemon [_thread_blocked, id=10180, stack(0x000000a6deb00000,0x000000a6dec00000)]
  0x000001f896946800 JavaThread "AWT-Shutdown" [_thread_blocked, id=11208, stack(0x000000a6dec00000,0x000000a6ded00000)]
  0x000001f896947800 JavaThread "AWT-Windows" daemon [_thread_in_native, id=6084, stack(0x000000a6ded00000,0x000000a6dee00000)]
  0x000001f8985c8800 JavaThread "Keep-Alive-Timer" daemon [_thread_blocked, id=3464, stack(0x000000a6df000000,0x000000a6df100000)]
  0x000001f8985c6000 JavaThread "AWT-EventQueue-0" [_thread_blocked, id=10584, stack(0x000000a6df200000,0x000000a6df300000)]
  0x000001f8985c6800 JavaThread "SwingNode Disposer" daemon [_thread_blocked, id=6488, stack(0x000000a6dee00000,0x000000a6def00000)]
  0x000001f8985c5000 JavaThread "Prism Font Disposer" daemon [_thread_blocked, id=10156, stack(0x000000a6def00000,0x000000a6df000000)]
  0x000001f8985c3800 JavaThread "Machine Loader" [_thread_blocked, id=10632, stack(0x000000a6df300000,0x000000a6df400000)]
  0x000001f8985c7800 JavaThread "pool-2-thread-1" [_thread_blocked, id=8128, stack(0x000000a6df400000,0x000000a6df500000)]
  0x000001f8985c2800 JavaThread "Import scanner" [_thread_blocked, id=6464, stack(0x000000a6df500000,0x000000a6df600000)]
  0x000001f8985c4000 JavaThread "Disposer" daemon [_thread_blocked, id=5852, stack(0x000000a6df600000,0x000000a6df700000)]
  0x000001f89b79b000 JavaThread "Cleaner-0" daemon [_thread_blocked, id=9888, stack(0x000000a6dff00000,0x000000a6e0000000)]
  0x000001f89b799800 JavaThread "BlueJ Compiler Thread" [_thread_blocked, id=10012, stack(0x000000a6e0000000,0x000000a6e0100000)]
  0x000001f89b79c000 JavaThread "JDI Internal Event Handler" daemon [_thread_blocked, id=4824, stack(0x000000a6df700000,0x000000a6df800000)]
  0x000001f89b79a800 JavaThread "JDI Target VM Interface" daemon [_thread_in_native, id=7548, stack(0x000000a6df800000,0x000000a6df900000)]
  0x000001f89b796800 JavaThread "BlueJ I/O Handler" [_thread_in_native, id=11228, stack(0x000000a6df900000,0x000000a6dfa00000)]
  0x000001f89b798800 JavaThread "BlueJ I/O Handler" [_thread_in_native, id=3432, stack(0x000000a6dfa00000,0x000000a6dfb00000)]
  0x000001f89b79d000 JavaThread "BlueJ I/O Handler" [_thread_blocked, id=9276, stack(0x000000a6dfb00000,0x000000a6dfc00000)]
  0x000001f89b797000 JavaThread "ClassGraph-worker-1" daemon [_thread_blocked, id=10788, stack(0x000000a6dfc00000,0x000000a6dfd00000)]
  0x000001f89b79d800 JavaThread "VM Event Handler Helper" [_thread_blocked, id=10892, stack(0x000000a6dfe00000,0x000000a6dff00000)]
  0x000001f89b798000 JavaThread "vm-event-handler" [_thread_blocked, id=11192, stack(0x000000a6e0100000,0x000000a6e0200000)]

Other Threads:
  0x000001f8ffce7800 VMThread "VM Thread" [stack: 0x000000a6dd400000,0x000000a6dd500000] [id=5288]
  0x000001f88f148000 WatcherThread [stack: 0x000000a6ddd00000,0x000000a6dde00000] [id=10440]
  0x000001f8f213c800 GCTaskThread "GC Thread#0" [stack: 0x000000a6dcf00000,0x000000a6dd000000] [id=10328]
  0x000001f88f655000 GCTaskThread "GC Thread#1" [stack: 0x000000a6de100000,0x000000a6de200000] [id=10284]
  0x000001f8f215c000 ConcurrentGCThread "G1 Main Marker" [stack: 0x000000a6dd000000,0x000000a6dd100000] [id=6820]
=>0x000001f8f215f000 ConcurrentGCThread "G1 Conc#0" [stack: 0x000000a6dd100000,0x000000a6dd200000] [id=8136]
  0x000001f8f21ad800 ConcurrentGCThread "G1 Refine#0" [stack: 0x000000a6dd200000,0x000000a6dd300000] [id=9360]
  0x000001f8f21b0000 ConcurrentGCThread "G1 Young RemSet Sampling" [stack: 0x000000a6dd300000,0x000000a6dd400000] [id=7212]

Threads with active compile tasks:
C2 CompilerThread0   6490 5657       4       jdk.internal.loader.ClassLoaders$AppClassLoader::loadClass (40 bytes)

VM state:not at safepoint (normal execution)

VM Mutex/Monitor currently owned by a thread:  ([mutex/lock_event])
[0x000001f8f2121c20] Heap_lock - owner thread: 0x000001f89b799800

Heap address: 0x00000000c1800000, size: 1000 MB, Compressed Oops mode: 32-bit
Narrow klass base: 0x0000000000000000, Narrow klass shift: 3
Compressed class space size: 1073741824 Address: 0x0000000100000000

Heap:
 garbage-first heap   total 116736K, used 44954K [0x00000000c1800000, 0x0000000100000000)
  region size 1024K, 7 young (7168K), 5 survivors (5120K)
 Metaspace       used 57868K, capacity 60427K, committed 60588K, reserved 1101824K
  class space    used 7774K, capacity 8847K, committed 8960K, reserved 1048576K
Heap Regions: E=young(eden), S=young(survivor), O=old, HS=humongous(starts), HC=humongous(continues), CS=collection set, F=free, A=archive, TAMS=top-at-mark-start (previous, next)
|   0|0x00000000c1800000, 0x00000000c1900000, 0x00000000c1900000|100%| O|  |TAMS 0x00000000c1900000, 0x00000000c1900000| Untracked 
|   1|0x00000000c1900000, 0x00000000c1a00000, 0x00000000c1a00000|100%|HS|  |TAMS 0x00000000c1a00000, 0x00000000c1a00000| Complete 
|   2|0x00000000c1a00000, 0x00000000c1b00000, 0x00000000c1b00000|100%| O|  |TAMS 0x00000000c1b00000, 0x00000000c1b00000| Untracked 
|   3|0x00000000c1b00000, 0x00000000c1c00000, 0x00000000c1c00000|100%| O|  |TAMS 0x00000000c1c00000, 0x00000000c1c00000| Untracked 
|   4|0x00000000c1c00000, 0x00000000c1d00000, 0x00000000c1d00000|100%| O|  |TAMS 0x00000000c1d00000, 0x00000000c1d00000| Untracked 
|   5|0x00000000c1d00000, 0x00000000c1e00000, 0x00000000c1e00000|100%| O|  |TAMS 0x00000000c1e00000, 0x00000000c1e00000| Untracked 
|   6|0x00000000c1e00000, 0x00000000c1f00000, 0x00000000c1f00000|100%| O|  |TAMS 0x00000000c1f00000, 0x00000000c1f00000| Untracked 
|   7|0x00000000c1f00000, 0x00000000c2000000, 0x00000000c2000000|100%| O|  |TAMS 0x00000000c2000000, 0x00000000c2000000| Untracked 
|   8|0x00000000c2000000, 0x00000000c2100000, 0x00000000c2100000|100%| O|  |TAMS 0x00000000c2100000, 0x00000000c2100000| Untracked 
|   9|0x00000000c2100000, 0x00000000c2200000, 0x00000000c2200000|100%| O|  |TAMS 0x00000000c2200000, 0x00000000c2200000| Untracked 
|  10|0x00000000c2200000, 0x00000000c2300000, 0x00000000c2300000|100%| O|  |TAMS 0x00000000c2228800, 0x00000000c2300000| Untracked 
|  11|0x00000000c2300000, 0x00000000c2400000, 0x00000000c2400000|100%| O|  |TAMS 0x00000000c2300000, 0x00000000c2400000| Untracked 
|  12|0x00000000c2400000, 0x00000000c2500000, 0x00000000c2500000|100%| O|  |TAMS 0x00000000c2400000, 0x00000000c2500000| Untracked 
|  13|0x00000000c2500000, 0x00000000c2600000, 0x00000000c2600000|100%| O|  |TAMS 0x00000000c2500000, 0x00000000c2600000| Untracked 
|  14|0x00000000c2600000, 0x00000000c2700000, 0x00000000c2700000|100%| O|  |TAMS 0x00000000c2600000, 0x00000000c2700000| Untracked 
|  15|0x00000000c2700000, 0x00000000c2800000, 0x00000000c2800000|100%| O|  |TAMS 0x00000000c2700000, 0x00000000c2800000| Untracked 
|  16|0x00000000c2800000, 0x00000000c2900000, 0x00000000c2900000|100%| O|  |TAMS 0x00000000c2800000, 0x00000000c2900000| Untracked 
|  17|0x00000000c2900000, 0x00000000c2a00000, 0x00000000c2a00000|100%| O|  |TAMS 0x00000000c2900000, 0x00000000c2a00000| Untracked 
|  18|0x00000000c2a00000, 0x00000000c2b00000, 0x00000000c2b00000|100%| O|  |TAMS 0x00000000c2a00000, 0x00000000c2b00000| Untracked 
|  19|0x00000000c2b00000, 0x00000000c2c00000, 0x00000000c2c00000|100%| O|  |TAMS 0x00000000c2b00000, 0x00000000c2c00000| Untracked 
|  20|0x00000000c2c00000, 0x00000000c2d00000, 0x00000000c2d00000|100%|HS|  |TAMS 0x00000000c2c00000, 0x00000000c2d00000| Complete 
|  21|0x00000000c2d00000, 0x00000000c2e00000, 0x00000000c2e00000|100%|HC|  |TAMS 0x00000000c2d00000, 0x00000000c2e00000| Complete 
|  22|0x00000000c2e00000, 0x00000000c2f00000, 0x00000000c2f00000|100%| O|  |TAMS 0x00000000c2e00000, 0x00000000c2f00000| Untracked 
|  23|0x00000000c2f00000, 0x00000000c3000000, 0x00000000c3000000|100%| O|  |TAMS 0x00000000c2f00000, 0x00000000c3000000| Untracked 
|  24|0x00000000c3000000, 0x00000000c3100000, 0x00000000c3100000|100%| O|  |TAMS 0x00000000c3000000, 0x00000000c3100000| Untracked 
|  25|0x00000000c3100000, 0x00000000c3200000, 0x00000000c3200000|100%| O|  |TAMS 0x00000000c3100000, 0x00000000c3200000| Untracked 
|  26|0x00000000c3200000, 0x00000000c3300000, 0x00000000c3300000|100%| O|  |TAMS 0x00000000c3200000, 0x00000000c3300000| Untracked 
|  27|0x00000000c3300000, 0x00000000c3400000, 0x00000000c3400000|100%| O|  |TAMS 0x00000000c3300000, 0x00000000c3400000| Untracked 
|  28|0x00000000c3400000, 0x00000000c3500000, 0x00000000c3500000|100%| O|  |TAMS 0x00000000c3400000, 0x00000000c3500000| Untracked 
|  29|0x00000000c3500000, 0x00000000c3600000, 0x00000000c3600000|100%| O|  |TAMS 0x00000000c3500000, 0x00000000c3600000| Untracked 
|  30|0x00000000c3600000, 0x00000000c3700000, 0x00000000c3700000|100%| O|  |TAMS 0x00000000c3600000, 0x00000000c3700000| Untracked 
|  31|0x00000000c3700000, 0x00000000c3800000, 0x00000000c3800000|100%| O|  |TAMS 0x00000000c3700000, 0x00000000c3800000| Untracked 
|  32|0x00000000c3800000, 0x00000000c3900000, 0x00000000c3900000|100%| O|  |TAMS 0x00000000c3800000, 0x00000000c3900000| Untracked 
|  33|0x00000000c3900000, 0x00000000c3a00000, 0x00000000c3a00000|100%| O|  |TAMS 0x00000000c3900000, 0x00000000c3a00000| Untracked 
|  34|0x00000000c3a00000, 0x00000000c3b00000, 0x00000000c3b00000|100%| O|  |TAMS 0x00000000c3a00000, 0x00000000c3b00000| Untracked 
|  35|0x00000000c3b00000, 0x00000000c3c00000, 0x00000000c3c00000|100%| O|  |TAMS 0x00000000c3b00000, 0x00000000c3c00000| Untracked 
|  36|0x00000000c3c00000, 0x00000000c3d00000, 0x00000000c3d00000|100%| O|  |TAMS 0x00000000c3c00000, 0x00000000c3d00000| Untracked 
|  37|0x00000000c3d00000, 0x00000000c3e00000, 0x00000000c3e00000|100%| O|  |TAMS 0x00000000c3d00000, 0x00000000c3e00000| Untracked 
|  38|0x00000000c3e00000, 0x00000000c3e9cc00, 0x00000000c3f00000| 61%| O|  |TAMS 0x00000000c3e00000, 0x00000000c3e9cc00| Untracked 
|  39|0x00000000c3f00000, 0x00000000c3f00000, 0x00000000c4000000|  0%| F|  |TAMS 0x00000000c3f00000, 0x00000000c3f00000| Untracked 
|  40|0x00000000c4000000, 0x00000000c4000000, 0x00000000c4100000|  0%| F|  |TAMS 0x00000000c4000000, 0x00000000c4000000| Untracked 
|  41|0x00000000c4100000, 0x00000000c4100000, 0x00000000c4200000|  0%| F|  |TAMS 0x00000000c4100000, 0x00000000c4100000| Untracked 
|  42|0x00000000c4200000, 0x00000000c4200000, 0x00000000c4300000|  0%| F|  |TAMS 0x00000000c4200000, 0x00000000c4200000| Untracked 
|  43|0x00000000c4300000, 0x00000000c4300000, 0x00000000c4400000|  0%| F|  |TAMS 0x00000000c4300000, 0x00000000c4300000| Untracked 
|  44|0x00000000c4400000, 0x00000000c4400000, 0x00000000c4500000|  0%| F|  |TAMS 0x00000000c4400000, 0x00000000c4400000| Untracked 
|  45|0x00000000c4500000, 0x00000000c4500000, 0x00000000c4600000|  0%| F|  |TAMS 0x00000000c4500000, 0x00000000c4500000| Untracked 
|  46|0x00000000c4600000, 0x00000000c4600000, 0x00000000c4700000|  0%| F|  |TAMS 0x00000000c4600000, 0x00000000c4600000| Untracked 
|  47|0x00000000c4700000, 0x00000000c4700000, 0x00000000c4800000|  0%| F|  |TAMS 0x00000000c4700000, 0x00000000c4700000| Untracked 
|  48|0x00000000c4800000, 0x00000000c4800000, 0x00000000c4900000|  0%| F|  |TAMS 0x00000000c4800000, 0x00000000c4800000| Untracked 
|  49|0x00000000c4900000, 0x00000000c4900000, 0x00000000c4a00000|  0%| F|  |TAMS 0x00000000c4900000, 0x00000000c4900000| Untracked 
|  50|0x00000000c4a00000, 0x00000000c4a00000, 0x00000000c4b00000|  0%| F|  |TAMS 0x00000000c4a00000, 0x00000000c4a00000| Untracked 
|  51|0x00000000c4b00000, 0x00000000c4b00000, 0x00000000c4c00000|  0%| F|  |TAMS 0x00000000c4b00000, 0x00000000c4b00000| Untracked 
|  52|0x00000000c4c00000, 0x00000000c4c00000, 0x00000000c4d00000|  0%| F|  |TAMS 0x00000000c4c00000, 0x00000000c4c00000| Untracked 
|  53|0x00000000c4d00000, 0x00000000c4d00000, 0x00000000c4e00000|  0%| F|  |TAMS 0x00000000c4d00000, 0x00000000c4d00000| Untracked 
|  54|0x00000000c4e00000, 0x00000000c4e00000, 0x00000000c4f00000|  0%| F|  |TAMS 0x00000000c4e00000, 0x00000000c4e00000| Untracked 
|  55|0x00000000c4f00000, 0x00000000c4f00000, 0x00000000c5000000|  0%| F|  |TAMS 0x00000000c4f00000, 0x00000000c4f00000| Untracked 
|  56|0x00000000c5000000, 0x00000000c5000000, 0x00000000c5100000|  0%| F|  |TAMS 0x00000000c5000000, 0x00000000c5000000| Untracked 
|  57|0x00000000c5100000, 0x00000000c5100000, 0x00000000c5200000|  0%| F|  |TAMS 0x00000000c5100000, 0x00000000c5100000| Untracked 
|  58|0x00000000c5200000, 0x00000000c5200000, 0x00000000c5300000|  0%| F|  |TAMS 0x00000000c5200000, 0x00000000c5200000| Untracked 
|  59|0x00000000c5300000, 0x00000000c5300000, 0x00000000c5400000|  0%| F|  |TAMS 0x00000000c5300000, 0x00000000c5300000| Untracked 
|  60|0x00000000c5400000, 0x00000000c5400000, 0x00000000c5500000|  0%| F|  |TAMS 0x00000000c5400000, 0x00000000c5400000| Untracked 
|  61|0x00000000c5500000, 0x00000000c5500000, 0x00000000c5600000|  0%| F|  |TAMS 0x00000000c5500000, 0x00000000c5500000| Untracked 
|  62|0x00000000c5600000, 0x00000000c5600000, 0x00000000c5700000|  0%| F|  |TAMS 0x00000000c5600000, 0x00000000c5600000| Untracked 
|  63|0x00000000c5700000, 0x00000000c5700000, 0x00000000c5800000|  0%| F|  |TAMS 0x00000000c5700000, 0x00000000c5700000| Untracked 
|  64|0x00000000c5800000, 0x00000000c5800000, 0x00000000c5900000|  0%| F|  |TAMS 0x00000000c5800000, 0x00000000c5800000| Untracked 
|  65|0x00000000c5900000, 0x00000000c5900000, 0x00000000c5a00000|  0%| F|  |TAMS 0x00000000c5900000, 0x00000000c5900000| Untracked 
|  66|0x00000000c5a00000, 0x00000000c5a00000, 0x00000000c5b00000|  0%| F|  |TAMS 0x00000000c5a00000, 0x00000000c5a00000| Untracked 
|  67|0x00000000c5b00000, 0x00000000c5b00000, 0x00000000c5c00000|  0%| F|  |TAMS 0x00000000c5b00000, 0x00000000c5b00000| Untracked 
|  68|0x00000000c5c00000, 0x00000000c5c00000, 0x00000000c5d00000|  0%| F|  |TAMS 0x00000000c5c00000, 0x00000000c5c00000| Untracked 
|  69|0x00000000c5d00000, 0x00000000c5d00000, 0x00000000c5e00000|  0%| F|  |TAMS 0x00000000c5d00000, 0x00000000c5d00000| Untracked 
|  70|0x00000000c5e00000, 0x00000000c5e00000, 0x00000000c5f00000|  0%| F|  |TAMS 0x00000000c5e00000, 0x00000000c5e00000| Untracked 
|  71|0x00000000c5f00000, 0x00000000c5f00000, 0x00000000c6000000|  0%| F|  |TAMS 0x00000000c5f00000, 0x00000000c5f00000| Untracked 
|  72|0x00000000c6000000, 0x00000000c6000000, 0x00000000c6100000|  0%| F|  |TAMS 0x00000000c6000000, 0x00000000c6000000| Untracked 
|  73|0x00000000c6100000, 0x00000000c6100000, 0x00000000c6200000|  0%| F|  |TAMS 0x00000000c6100000, 0x00000000c6100000| Untracked 
|  74|0x00000000c6200000, 0x00000000c6200000, 0x00000000c6300000|  0%| F|  |TAMS 0x00000000c6200000, 0x00000000c6200000| Untracked 
|  75|0x00000000c6300000, 0x00000000c6300000, 0x00000000c6400000|  0%| F|  |TAMS 0x00000000c6300000, 0x00000000c6300000| Untracked 
|  76|0x00000000c6400000, 0x00000000c6400000, 0x00000000c6500000|  0%| F|  |TAMS 0x00000000c6400000, 0x00000000c6400000| Untracked 
|  77|0x00000000c6500000, 0x00000000c6500000, 0x00000000c6600000|  0%| F|  |TAMS 0x00000000c6500000, 0x00000000c6500000| Untracked 
|  78|0x00000000c6600000, 0x00000000c6600000, 0x00000000c6700000|  0%| F|  |TAMS 0x00000000c6600000, 0x00000000c6600000| Untracked 
|  79|0x00000000c6700000, 0x00000000c6749da8, 0x00000000c6800000| 28%| S|CS|TAMS 0x00000000c6700000, 0x00000000c6700000| Complete 
|  80|0x00000000c6800000, 0x00000000c6900000, 0x00000000c6900000|100%| S|CS|TAMS 0x00000000c6800000, 0x00000000c6800000| Complete 
|  81|0x00000000c6900000, 0x00000000c6a00000, 0x00000000c6a00000|100%| S|CS|TAMS 0x00000000c6900000, 0x00000000c6900000| Complete 
|  82|0x00000000c6a00000, 0x00000000c6b00000, 0x00000000c6b00000|100%| S|CS|TAMS 0x00000000c6a00000, 0x00000000c6a00000| Complete 
|  83|0x00000000c6b00000, 0x00000000c6c00000, 0x00000000c6c00000|100%| S|CS|TAMS 0x00000000c6b00000, 0x00000000c6b00000| Complete 
|  84|0x00000000c6c00000, 0x00000000c6c00000, 0x00000000c6d00000|  0%| F|  |TAMS 0x00000000c6c00000, 0x00000000c6c00000| Untracked 
|  85|0x00000000c6d00000, 0x00000000c6d00000, 0x00000000c6e00000|  0%| F|  |TAMS 0x00000000c6d00000, 0x00000000c6d00000| Untracked 
|  86|0x00000000c6e00000, 0x00000000c6e00000, 0x00000000c6f00000|  0%| F|  |TAMS 0x00000000c6e00000, 0x00000000c6e00000| Untracked 
|  87|0x00000000c6f00000, 0x00000000c6f00000, 0x00000000c7000000|  0%| F|  |TAMS 0x00000000c6f00000, 0x00000000c6f00000| Untracked 
|  88|0x00000000c7000000, 0x00000000c7000000, 0x00000000c7100000|  0%| F|  |TAMS 0x00000000c7000000, 0x00000000c7000000| Untracked 
|  89|0x00000000c7100000, 0x00000000c7100000, 0x00000000c7200000|  0%| F|  |TAMS 0x00000000c7100000, 0x00000000c7100000| Untracked 
|  90|0x00000000c7200000, 0x00000000c7200000, 0x00000000c7300000|  0%| F|  |TAMS 0x00000000c7200000, 0x00000000c7200000| Untracked 
|  91|0x00000000c7300000, 0x00000000c7300000, 0x00000000c7400000|  0%| F|  |TAMS 0x00000000c7300000, 0x00000000c7300000| Untracked 
|  92|0x00000000c7400000, 0x00000000c7400000, 0x00000000c7500000|  0%| F|  |TAMS 0x00000000c7400000, 0x00000000c7400000| Untracked 
|  93|0x00000000c7500000, 0x00000000c7500000, 0x00000000c7600000|  0%| F|  |TAMS 0x00000000c7500000, 0x00000000c7500000| Untracked 
|  94|0x00000000c7600000, 0x00000000c7600000, 0x00000000c7700000|  0%| F|  |TAMS 0x00000000c7600000, 0x00000000c7600000| Untracked 
|  95|0x00000000c7700000, 0x00000000c7700000, 0x00000000c7800000|  0%| F|  |TAMS 0x00000000c7700000, 0x00000000c7700000| Untracked 
|  96|0x00000000c7800000, 0x00000000c7800000, 0x00000000c7900000|  0%| F|  |TAMS 0x00000000c7800000, 0x00000000c7800000| Untracked 
|  97|0x00000000c7900000, 0x00000000c7900000, 0x00000000c7a00000|  0%| F|  |TAMS 0x00000000c7900000, 0x00000000c7900000| Untracked 
|  98|0x00000000c7a00000, 0x00000000c7a00000, 0x00000000c7b00000|  0%| F|  |TAMS 0x00000000c7a00000, 0x00000000c7a00000| Untracked 
|  99|0x00000000c7b00000, 0x00000000c7b00000, 0x00000000c7c00000|  0%| F|  |TAMS 0x00000000c7b00000, 0x00000000c7b00000| Untracked 
| 100|0x00000000c7c00000, 0x00000000c7c00000, 0x00000000c7d00000|  0%| F|  |TAMS 0x00000000c7c00000, 0x00000000c7c00000| Untracked 
| 101|0x00000000c7d00000, 0x00000000c7d00000, 0x00000000c7e00000|  0%| F|  |TAMS 0x00000000c7d00000, 0x00000000c7d00000| Untracked 
| 102|0x00000000c7e00000, 0x00000000c7e00000, 0x00000000c7f00000|  0%| F|  |TAMS 0x00000000c7e00000, 0x00000000c7e00000| Untracked 
| 103|0x00000000c7f00000, 0x00000000c7f00000, 0x00000000c8000000|  0%| F|  |TAMS 0x00000000c7f00000, 0x00000000c7f00000| Untracked 
| 104|0x00000000c8000000, 0x00000000c8000000, 0x00000000c8100000|  0%| F|  |TAMS 0x00000000c8000000, 0x00000000c8000000| Untracked 
| 105|0x00000000c8100000, 0x00000000c8100000, 0x00000000c8200000|  0%| F|  |TAMS 0x00000000c8100000, 0x00000000c8100000| Untracked 
| 106|0x00000000c8200000, 0x00000000c8200000, 0x00000000c8300000|  0%| F|  |TAMS 0x00000000c8200000, 0x00000000c8200000| Untracked 
| 107|0x00000000c8300000, 0x00000000c8300000, 0x00000000c8400000|  0%| F|  |TAMS 0x00000000c8300000, 0x00000000c8300000| Untracked 
| 108|0x00000000c8400000, 0x00000000c8400000, 0x00000000c8500000|  0%| F|  |TAMS 0x00000000c8400000, 0x00000000c8400000| Untracked 
| 109|0x00000000c8500000, 0x00000000c8500000, 0x00000000c8600000|  0%| F|  |TAMS 0x00000000c8500000, 0x00000000c8500000| Untracked 
| 110|0x00000000c8600000, 0x00000000c8600000, 0x00000000c8700000|  0%| F|  |TAMS 0x00000000c8600000, 0x00000000c8600000| Untracked 
| 111|0x00000000c8700000, 0x00000000c8700000, 0x00000000c8800000|  0%| F|  |TAMS 0x00000000c8700000, 0x00000000c8700000| Untracked 
| 112|0x00000000c8800000, 0x00000000c882b9d0, 0x00000000c8900000| 17%| E|  |TAMS 0x00000000c8800000, 0x00000000c8800000| Complete 
| 113|0x00000000c8900000, 0x00000000c8a00000, 0x00000000c8a00000|100%| E|CS|TAMS 0x00000000c8900000, 0x00000000c8900000| Complete 

Card table byte_map: [0x000001f8fae20000,0x000001f8fb020000] _byte_map_base: 0x000001f8fa814000

Marking Bits (Prev, Next): (CMBitMap*) 0x000001f8f2157558, (CMBitMap*) 0x000001f8f2157590
 Prev Bits: [0x000001f8fb220000, 0x000001f8fc1c0000)
 Next Bits: [0x000001f8fc1c0000, 0x000001f8fd160000)

Polling page: 0x000001f8f0900000

Metaspace:

Usage:
  Non-class:     50.37 MB capacity,    48.92 MB ( 97%) used,     1.17 MB (  2%) free+waste,   283.94 KB ( <1%) overhead. 
      Class:      8.64 MB capacity,     7.59 MB ( 88%) used,   926.75 KB ( 10%) free+waste,   145.81 KB (  2%) overhead. 
       Both:     59.01 MB capacity,    56.51 MB ( 96%) used,     2.08 MB (  4%) free+waste,   429.75 KB ( <1%) overhead. 

Virtual space:
  Non-class space:       52.00 MB reserved,      50.42 MB ( 97%) committed 
      Class space:        1.00 GB reserved,       8.75 MB ( <1%) committed 
             Both:        1.05 GB reserved,      59.17 MB (  5%) committed 

Chunk freelists:
   Non-Class:  48.00 KB
       Class:  17.00 KB
        Both:  65.00 KB

MaxMetaspaceSize: 17179869184.00 GB
CompressedClassSpaceSize: 1.00 GB

CodeHeap 'non-profiled nmethods': size=120064Kb used=2271Kb max_used=2271Kb free=117792Kb
 bounds [0x000001f887ac0000, 0x000001f887d30000, 0x000001f88f000000]
CodeHeap 'profiled nmethods': size=120000Kb used=11255Kb max_used=11255Kb free=108744Kb
 bounds [0x000001f880590000, 0x000001f881090000, 0x000001f887ac0000]
CodeHeap 'non-nmethods': size=5696Kb used=1521Kb max_used=1564Kb free=4174Kb
 bounds [0x000001f880000000, 0x000001f880270000, 0x000001f880590000]
 total_blobs=6680 nmethods=5617 adapters=973
 compilation: enabled
              stopped_count=0, restarted_count=0
 full_count=0

Compilation events (20 events):
Event: 6.162 Thread 0x000001f8ffd05800 nmethod 5647 0x000001f887cf1f90 code [0x000001f887cf2160, 0x000001f887cf27e8]
Event: 6.162 Thread 0x000001f8ffd05800 5648       4       java.util.regex.Pattern$$Lambda$11/0x0000000100062840::is (9 bytes)
Event: 6.162 Thread 0x000001f8ffd05800 nmethod 5648 0x000001f887cf2d90 code [0x000001f887cf2f20, 0x000001f887cf2fd8]
Event: 6.162 Thread 0x000001f8ffd05800 5649       4       java.util.concurrent.locks.AbstractQueuedSynchronizer::compareAndSetState (10 bytes)
Event: 6.163 Thread 0x000001f8ffd05800 nmethod 5649 0x000001f887cf3110 code [0x000001f887cf32a0, 0x000001f887cf3318]
Event: 6.166 Thread 0x000001f8ffd05800 5651       4       java.nio.MappedByteBuffer::position (6 bytes)
Event: 6.167 Thread 0x000001f8ffd05800 nmethod 5651 0x000001f887cf3390 code [0x000001f887cf3520, 0x000001f887cf35d8]
Event: 6.167 Thread 0x000001f8ffd05800 5652       4       java.nio.MappedByteBuffer::limit (6 bytes)
Event: 6.167 Thread 0x000001f8ffd8e000 5653       3       jdk.internal.jimage.ImageLocation::getAttribute (44 bytes)
Event: 6.168 Thread 0x000001f8ffd8e000 nmethod 5653 0x000001f881087e10 code [0x000001f881088080, 0x000001f881088958]
Event: 6.168 Thread 0x000001f8ffd05800 nmethod 5652 0x000001f887cf3710 code [0x000001f887cf38a0, 0x000001f887cf3978]
Event: 6.168 Thread 0x000001f8ffd05800 5654       4       java.nio.DirectByteBuffer::<init> (35 bytes)
Event: 6.171 Thread 0x000001f8ffd05800 nmethod 5654 0x000001f887cf3a90 code [0x000001f887cf3c40, 0x000001f887cf4038]
Event: 6.171 Thread 0x000001f8ffd05800 5655       4       java.nio.DirectByteBufferR::slice (62 bytes)
Event: 6.174 Thread 0x000001f8ffd05800 nmethod 5655 0x000001f887cf4310 code [0x000001f887cf44c0, 0x000001f887cf46b8]
Event: 6.174 Thread 0x000001f8ffd05800 5656   !   4       java.util.concurrent.ConcurrentHashMap::computeIfAbsent (576 bytes)
Event: 6.213 Thread 0x000001f8ffd05800 nmethod 5656 0x000001f887cf4990 code [0x000001f887cf4be0, 0x000001f887cf6c88]
Event: 6.213 Thread 0x000001f8ffd05800 5657       4       jdk.internal.loader.ClassLoaders$AppClassLoader::loadClass (40 bytes)
Event: 6.233 Thread 0x000001f8ffd8e000 5658       3       java.util.Arrays::hashCode (56 bytes)
Event: 6.233 Thread 0x000001f8ffd8e000 nmethod 5658 0x000001f881088d10 code [0x000001f881088ee0, 0x000001f881089208]

GC Heap History (20 events):
Event: 5.394 GC heap before
{Heap before GC invocations=12 (full 0):
 garbage-first heap   total 95232K, used 63762K [0x00000000c1800000, 0x0000000100000000)
  region size 1024K, 37 young (37888K), 5 survivors (5120K)
 Metaspace       used 53621K, capacity 56128K, committed 56192K, reserved 1097728K
  class space    used 7198K, capacity 8288K, committed 8320K, reserved 1048576K
}
Event: 5.404 GC heap after
{Heap after GC invocations=13 (full 0):
 garbage-first heap   total 95232K, used 34093K [0x00000000c1800000, 0x0000000100000000)
  region size 1024K, 2 young (2048K), 2 survivors (2048K)
 Metaspace       used 53621K, capacity 56128K, committed 56192K, reserved 1097728K
  class space    used 7198K, capacity 8288K, committed 8320K, reserved 1048576K
}
Event: 5.480 GC heap before
{Heap before GC invocations=13 (full 0):
 garbage-first heap   total 95232K, used 66861K [0x00000000c1800000, 0x0000000100000000)
  region size 1024K, 34 young (34816K), 2 survivors (2048K)
 Metaspace       used 53681K, capacity 56195K, committed 56448K, reserved 1097728K
  class space    used 7202K, capacity 8289K, committed 8320K, reserved 1048576K
}
Event: 5.483 GC heap after
{Heap after GC invocations=14 (full 0):
 garbage-first heap   total 95232K, used 34588K [0x00000000c1800000, 0x0000000100000000)
  region size 1024K, 3 young (3072K), 3 survivors (3072K)
 Metaspace       used 53681K, capacity 56195K, committed 56448K, reserved 1097728K
  class space    used 7202K, capacity 8289K, committed 8320K, reserved 1048576K
}
Event: 5.633 GC heap before
{Heap before GC invocations=14 (full 0):
 garbage-first heap   total 95232K, used 68380K [0x00000000c1800000, 0x0000000100000000)
  region size 1024K, 37 young (37888K), 3 survivors (3072K)
 Metaspace       used 55035K, capacity 57612K, committed 57728K, reserved 1097728K
  class space    used 7376K, capacity 8463K, committed 8576K, reserved 1048576K
}
Event: 5.636 GC heap after
{Heap after GC invocations=15 (full 0):
 garbage-first heap   total 95232K, used 35863K [0x00000000c1800000, 0x0000000100000000)
  region size 1024K, 4 young (4096K), 4 survivors (4096K)
 Metaspace       used 55035K, capacity 57612K, committed 57728K, reserved 1097728K
  class space    used 7376K, capacity 8463K, committed 8576K, reserved 1048576K
}
Event: 5.718 GC heap before
{Heap before GC invocations=15 (full 0):
 garbage-first heap   total 95232K, used 70679K [0x00000000c1800000, 0x0000000100000000)
  region size 1024K, 38 young (38912K), 4 survivors (4096K)
 Metaspace       used 55165K, capacity 57709K, committed 57984K, reserved 1099776K
  class space    used 7405K, capacity 8495K, committed 8576K, reserved 1048576K
}
Event: 5.722 GC heap after
{Heap after GC invocations=16 (full 0):
 garbage-first heap   total 95232K, used 36733K [0x00000000c1800000, 0x0000000100000000)
  region size 1024K, 4 young (4096K), 4 survivors (4096K)
 Metaspace       used 55165K, capacity 57709K, committed 57984K, reserved 1099776K
  class space    used 7405K, capacity 8495K, committed 8576K, reserved 1048576K
}
Event: 5.797 GC heap before
{Heap before GC invocations=16 (full 0):
 garbage-first heap   total 95232K, used 71549K [0x00000000c1800000, 0x0000000100000000)
  region size 1024K, 38 young (38912K), 4 survivors (4096K)
 Metaspace       used 55199K, capacity 57709K, committed 57984K, reserved 1099776K
  class space    used 7411K, capacity 8495K, committed 8576K, reserved 1048576K
}
Event: 5.800 GC heap after
{Heap after GC invocations=17 (full 0):
 garbage-first heap   total 95232K, used 37828K [0x00000000c1800000, 0x0000000100000000)
  region size 1024K, 4 young (4096K), 4 survivors (4096K)
 Metaspace       used 55199K, capacity 57709K, committed 57984K, reserved 1099776K
  class space    used 7411K, capacity 8495K, committed 8576K, reserved 1048576K
}
Event: 5.857 GC heap before
{Heap before GC invocations=17 (full 0):
 garbage-first heap   total 95232K, used 73668K [0x00000000c1800000, 0x0000000100000000)
  region size 1024K, 39 young (39936K), 4 survivors (4096K)
 Metaspace       used 55199K, capacity 57709K, committed 57984K, reserved 1099776K
  class space    used 7411K, capacity 8495K, committed 8576K, reserved 1048576K
}
Event: 5.861 GC heap after
{Heap after GC invocations=18 (full 0):
 garbage-first heap   total 95232K, used 39116K [0x00000000c1800000, 0x0000000100000000)
  region size 1024K, 4 young (4096K), 4 survivors (4096K)
 Metaspace       used 55199K, capacity 57709K, committed 57984K, reserved 1099776K
  class space    used 7411K, capacity 8495K, committed 8576K, reserved 1048576K
}
Event: 5.908 GC heap before
{Heap before GC invocations=18 (full 0):
 garbage-first heap   total 95232K, used 74956K [0x00000000c1800000, 0x0000000100000000)
  region size 1024K, 39 young (39936K), 4 survivors (4096K)
 Metaspace       used 55202K, capacity 57709K, committed 57984K, reserved 1099776K
  class space    used 7411K, capacity 8495K, committed 8576K, reserved 1048576K
}
Event: 5.912 GC heap after
{Heap after GC invocations=19 (full 0):
 garbage-first heap   total 95232K, used 40211K [0x00000000c1800000, 0x0000000100000000)
  region size 1024K, 4 young (4096K), 4 survivors (4096K)
 Metaspace       used 55202K, capacity 57709K, committed 57984K, reserved 1099776K
  class space    used 7411K, capacity 8495K, committed 8576K, reserved 1048576K
}
Event: 5.958 GC heap before
{Heap before GC invocations=19 (full 0):
 garbage-first heap   total 95232K, used 75027K [0x00000000c1800000, 0x0000000100000000)
  region size 1024K, 39 young (39936K), 4 survivors (4096K)
 Metaspace       used 55202K, capacity 57709K, committed 57984K, reserved 1099776K
  class space    used 7411K, capacity 8495K, committed 8576K, reserved 1048576K
}
Event: 5.961 GC heap after
{Heap after GC invocations=20 (full 0):
 garbage-first heap   total 95232K, used 41377K [0x00000000c1800000, 0x0000000100000000)
  region size 1024K, 4 young (4096K), 4 survivors (4096K)
 Metaspace       used 55202K, capacity 57709K, committed 57984K, reserved 1099776K
  class space    used 7411K, capacity 8495K, committed 8576K, reserved 1048576K
}
Event: 6.067 GC heap before
{Heap before GC invocations=20 (full 0):
 garbage-first heap   total 95232K, used 77217K [0x00000000c1800000, 0x0000000100000000)
  region size 1024K, 39 young (39936K), 4 survivors (4096K)
 Metaspace       used 55737K, capacity 58257K, committed 58496K, reserved 1099776K
  class space    used 7484K, capacity 8572K, committed 8576K, reserved 1048576K
}
Event: 6.071 GC heap after
{Heap after GC invocations=21 (full 0):
 garbage-first heap   total 95232K, used 42484K [0x00000000c1800000, 0x0000000100000000)
  region size 1024K, 4 young (4096K), 4 survivors (4096K)
 Metaspace       used 55737K, capacity 58257K, committed 58496K, reserved 1099776K
  class space    used 7484K, capacity 8572K, committed 8576K, reserved 1048576K
}
Event: 6.203 GC heap before
{Heap before GC invocations=21 (full 0):
 garbage-first heap   total 95232K, used 49652K [0x00000000c1800000, 0x0000000100000000)
  region size 1024K, 13 young (13312K), 4 survivors (4096K)
 Metaspace       used 57286K, capacity 59829K, committed 59948K, reserved 1099776K
  class space    used 7715K, capacity 8775K, committed 8832K, reserved 1048576K
}
Event: 6.211 GC heap after
{Heap after GC invocations=22 (full 0):
 garbage-first heap   total 116736K, used 43930K [0x00000000c1800000, 0x0000000100000000)
  region size 1024K, 5 young (5120K), 5 survivors (5120K)
 Metaspace       used 57286K, capacity 59829K, committed 59948K, reserved 1099776K
  class space    used 7715K, capacity 8775K, committed 8832K, reserved 1048576K
}

Deoptimization events (20 events):
Event: 6.073 Thread 0x000001f89b798000 Uncommon trap: trap_request=0xffffff4d fr.pc=0x000001f887cb60e8 relative=0x0000000000000428
Event: 6.073 Thread 0x000001f89b798000 Uncommon trap: reason=unstable_if action=reinterpret pc=0x000001f887cb60e8 method=java.lang.Math.min(JJ)J @ 3 c2
Event: 6.073 Thread 0x000001f89b798000 DEOPT PACKING pc=0x000001f887cb60e8 sp=0x000000a6dfefeab0
Event: 6.073 Thread 0x000001f89b798000 DEOPT UNPACKING pc=0x000001f880026ca9 sp=0x000000a6dfefe968 mode 2
Event: 6.090 Thread 0x000001f89b798000 Uncommon trap: trap_request=0xffffffde fr.pc=0x000001f887b91794 relative=0x0000000000000214
Event: 6.090 Thread 0x000001f89b798000 Uncommon trap: reason=class_check action=maybe_recompile pc=0x000001f887b91794 method=java.util.HashMap.putVal(ILjava/lang/Object;Ljava/lang/Object;ZZ)Ljava/lang/Object; @ 253 c2
Event: 6.090 Thread 0x000001f89b798000 DEOPT PACKING pc=0x000001f887b91794 sp=0x000000a6dfefeeb0
Event: 6.090 Thread 0x000001f89b798000 DEOPT UNPACKING pc=0x000001f880026ca9 sp=0x000000a6dfefee30 mode 2
Event: 6.090 Thread 0x000001f89b798000 Uncommon trap: trap_request=0xffffffde fr.pc=0x000001f887b91794 relative=0x0000000000000214
Event: 6.090 Thread 0x000001f89b798000 Uncommon trap: reason=class_check action=maybe_recompile pc=0x000001f887b91794 method=java.util.HashMap.putVal(ILjava/lang/Object;Ljava/lang/Object;ZZ)Ljava/lang/Object; @ 253 c2
Event: 6.090 Thread 0x000001f89b798000 DEOPT PACKING pc=0x000001f887b91794 sp=0x000000a6dfefeeb0
Event: 6.090 Thread 0x000001f89b798000 DEOPT UNPACKING pc=0x000001f880026ca9 sp=0x000000a6dfefee30 mode 2
Event: 6.090 Thread 0x000001f89b798000 Uncommon trap: trap_request=0xffffffde fr.pc=0x000001f887b91794 relative=0x0000000000000214
Event: 6.090 Thread 0x000001f89b798000 Uncommon trap: reason=class_check action=maybe_recompile pc=0x000001f887b91794 method=java.util.HashMap.putVal(ILjava/lang/Object;Ljava/lang/Object;ZZ)Ljava/lang/Object; @ 253 c2
Event: 6.090 Thread 0x000001f89b798000 DEOPT PACKING pc=0x000001f887b91794 sp=0x000000a6dfefeeb0
Event: 6.090 Thread 0x000001f89b798000 DEOPT UNPACKING pc=0x000001f880026ca9 sp=0x000000a6dfefee30 mode 2
Event: 6.090 Thread 0x000001f89b798000 Uncommon trap: trap_request=0xffffffde fr.pc=0x000001f887b91794 relative=0x0000000000000214
Event: 6.090 Thread 0x000001f89b798000 Uncommon trap: reason=class_check action=maybe_recompile pc=0x000001f887b91794 method=java.util.HashMap.putVal(ILjava/lang/Object;Ljava/lang/Object;ZZ)Ljava/lang/Object; @ 253 c2
Event: 6.090 Thread 0x000001f89b798000 DEOPT PACKING pc=0x000001f887b91794 sp=0x000000a6dfefeeb0
Event: 6.090 Thread 0x000001f89b798000 DEOPT UNPACKING pc=0x000001f880026ca9 sp=0x000000a6dfefee30 mode 2

Classes redefined (0 events):
No events

Internal exceptions (20 events):
Event: 6.055 Thread 0x000001f89b798000 Exception <a 'sun/nio/fs/WindowsException'{0x00000000c5980e90}> (0x00000000c5980e90) thrown at [./src/hotspot/share/prims/jni.cpp, line 615]
Event: 6.055 Thread 0x000001f89b798000 Exception <a 'sun/nio/fs/WindowsException'{0x00000000c599b3f0}> (0x00000000c599b3f0) thrown at [./src/hotspot/share/prims/jni.cpp, line 615]
Event: 6.055 Thread 0x000001f89b798000 Exception <a 'sun/nio/fs/WindowsException'{0x00000000c599b750}> (0x00000000c599b750) thrown at [./src/hotspot/share/prims/jni.cpp, line 615]
Event: 6.055 Thread 0x000001f89b798000 Exception <a 'sun/nio/fs/WindowsException'{0x00000000c59b1708}> (0x00000000c59b1708) thrown at [./src/hotspot/share/prims/jni.cpp, line 615]
Event: 6.055 Thread 0x000001f89b798000 Exception <a 'sun/nio/fs/WindowsException'{0x00000000c59b1a58}> (0x00000000c59b1a58) thrown at [./src/hotspot/share/prims/jni.cpp, line 615]
Event: 6.058 Thread 0x000001f89b798000 Exception <a 'sun/nio/fs/WindowsException'{0x00000000c57a7e28}> (0x00000000c57a7e28) thrown at [./src/hotspot/share/prims/jni.cpp, line 615]
Event: 6.058 Thread 0x000001f89b798000 Exception <a 'sun/nio/fs/WindowsException'{0x00000000c57a8158}> (0x00000000c57a8158) thrown at [./src/hotspot/share/prims/jni.cpp, line 615]
Event: 6.058 Thread 0x000001f89b798000 Exception <a 'sun/nio/fs/WindowsException'{0x00000000c57f3b60}> (0x00000000c57f3b60) thrown at [./src/hotspot/share/prims/jni.cpp, line 615]
Event: 6.058 Thread 0x000001f89b798000 Exception <a 'sun/nio/fs/WindowsException'{0x00000000c57f3e80}> (0x00000000c57f3e80) thrown at [./src/hotspot/share/prims/jni.cpp, line 615]
Event: 6.082 Thread 0x000001f89b798000 Exception <a 'sun/nio/fs/WindowsException'{0x00000000c7310450}> (0x00000000c7310450) thrown at [./src/hotspot/share/prims/jni.cpp, line 615]
Event: 6.082 Thread 0x000001f89b798000 Exception <a 'sun/nio/fs/WindowsException'{0x00000000c73107a0}> (0x00000000c73107a0) thrown at [./src/hotspot/share/prims/jni.cpp, line 615]
Event: 6.155 Thread 0x000001f8985c2800 Exception <a 'java/lang/ClassNotFoundException'{0x00000000c6dd16d8}: sun/net/www/protocol/c/Handler> (0x00000000c6dd16d8) thrown at [./src/hotspot/share/classfile/systemDictionary.cpp, line 231]
Event: 6.155 Thread 0x000001f8985c2800 Exception <a 'java/lang/ClassNotFoundException'{0x00000000c6dd3b98}: sun/net/www/protocol/c/Handler> (0x00000000c6dd3b98) thrown at [./src/hotspot/share/classfile/systemDictionary.cpp, line 231]
Event: 6.155 Thread 0x000001f8985c2800 Exception <a 'java/lang/ClassNotFoundException'{0x00000000c6dd63c0}: sun/net/www/protocol/c/Handler> (0x00000000c6dd63c0) thrown at [./src/hotspot/share/classfile/systemDictionary.cpp, line 231]
Event: 6.155 Thread 0x000001f8985c2800 Exception <a 'java/lang/ClassNotFoundException'{0x00000000c6dd8990}: sun/net/www/protocol/c/Handler> (0x00000000c6dd8990) thrown at [./src/hotspot/share/classfile/systemDictionary.cpp, line 231]
Event: 6.156 Thread 0x000001f8985c2800 Exception <a 'java/lang/ClassNotFoundException'{0x00000000c6ddaf68}: sun/net/www/protocol/c/Handler> (0x00000000c6ddaf68) thrown at [./src/hotspot/share/classfile/systemDictionary.cpp, line 231]
Event: 6.156 Thread 0x000001f8985c2800 Exception <a 'java/lang/ClassNotFoundException'{0x00000000c6ddd538}: sun/net/www/protocol/c/Handler> (0x00000000c6ddd538) thrown at [./src/hotspot/share/classfile/systemDictionary.cpp, line 231]
Event: 6.156 Thread 0x000001f8985c2800 Exception <a 'java/lang/ClassNotFoundException'{0x00000000c6ddfd50}: sun/net/www/protocol/c/Handler> (0x00000000c6ddfd50) thrown at [./src/hotspot/share/classfile/systemDictionary.cpp, line 231]
Event: 6.156 Thread 0x000001f8985c2800 Exception <a 'java/lang/ClassNotFoundException'{0x00000000c6de2320}: sun/net/www/protocol/c/Handler> (0x00000000c6de2320) thrown at [./src/hotspot/share/classfile/systemDictionary.cpp, line 231]
Event: 6.156 Thread 0x000001f8985c2800 Exception <a 'java/lang/ClassNotFoundException'{0x00000000c6de48b8}: sun/net/www/protocol/c/Handler> (0x00000000c6de48b8) thrown at [./src/hotspot/share/classfile/systemDictionary.cpp, line 231]

Events (20 events):
Event: 6.233 loading class com/sun/tools/javac/util/Name
Event: 6.233 loading class com/sun/tools/javac/util/Name done
Event: 6.233 loading class com/sun/tools/javac/util/Name
Event: 6.233 loading class com/sun/tools/javac/util/Name done
Event: 6.233 loading class com/sun/tools/javac/code/Symbol
Event: 6.233 loading class com/sun/tools/javac/code/Symbol done
Event: 6.234 loading class com/sun/tools/javac/code/Symbol
Event: 6.234 loading class com/sun/tools/javac/code/Symbol done
Event: 6.234 loading class com/sun/tools/javac/code/Symtab
Event: 6.234 loading class com/sun/tools/javac/code/Symtab done
Event: 6.234 loading class com/sun/tools/javac/code/Symbol
Event: 6.234 loading class com/sun/tools/javac/code/Symbol done
Event: 6.234 loading class com/sun/tools/javac/code/Symtab
Event: 6.234 loading class com/sun/tools/javac/code/Symtab done
Event: 6.241 loading class com/sun/tools/javac/code/Symbol$ModuleSymbol
Event: 6.241 loading class com/sun/tools/javac/code/Symbol$ModuleSymbol done
Event: 6.241 loading class com/sun/tools/javac/code/Symbol$ModuleSymbol
Event: 6.241 loading class com/sun/tools/javac/code/Symbol$ModuleSymbol done
Event: 6.243 Executing VM operation: CollectForMetadataAllocation
Event: 6.243 Executing VM operation: CollectForMetadataAllocation done


Dynamic libraries:
0x00007ff77cdf0000 - 0x00007ff77cdfd000 	C:\Program Files\BlueJ\jdk\bin\javaw.exe
0x00007ffad3850000 - 0x00007ffad3a47000 	C:\Windows\SYSTEM32\ntdll.dll
0x00007ffad2c50000 - 0x00007ffad2d0d000 	C:\Windows\System32\KERNEL32.DLL
0x00007ffad1240000 - 0x00007ffad150d000 	C:\Windows\System32\KERNELBASE.dll
0x00007ffad1780000 - 0x00007ffad1880000 	C:\Windows\System32\ucrtbase.dll
0x00007ffac24b0000 - 0x00007ffac24c7000 	C:\Program Files\BlueJ\jdk\bin\jli.dll
0x00007ffad2aa0000 - 0x00007ffad2c40000 	C:\Windows\System32\USER32.dll
0x00007ffad1670000 - 0x00007ffad1692000 	C:\Windows\System32\win32u.dll
0x00007ffad1e80000 - 0x00007ffad1eaa000 	C:\Windows\System32\GDI32.dll
0x00007ffad0f70000 - 0x00007ffad107b000 	C:\Windows\System32\gdi32full.dll
0x00007ffad11a0000 - 0x00007ffad123d000 	C:\Windows\System32\msvcp_win.dll
0x00007ffabdf20000 - 0x00007ffabdf35000 	C:\Program Files\BlueJ\jdk\bin\VCRUNTIME140.dll
0x00007ffabbc80000 - 0x00007ffabbf1a000 	C:\Windows\WinSxS\amd64_microsoft.windows.common-controls_6595b64144ccf1df_6.0.19041.1110_none_60b5254171f9507e\COMCTL32.dll
0x00007ffad2000000 - 0x00007ffad209e000 	C:\Windows\System32\msvcrt.dll
0x00007ffad23d0000 - 0x00007ffad2400000 	C:\Windows\System32\IMM32.DLL
0x00007ffa89bc0000 - 0x00007ffa89c5b000 	C:\Program Files\BlueJ\jdk\bin\msvcp140.dll
0x00007ffa89070000 - 0x00007ffa89bb3000 	C:\Program Files\BlueJ\jdk\bin\server\jvm.dll
0x00007ffad2320000 - 0x00007ffad23ce000 	C:\Windows\System32\ADVAPI32.dll
0x00007ffad1eb0000 - 0x00007ffad1f4c000 	C:\Windows\System32\sechost.dll
0x00007ffad21f0000 - 0x00007ffad2315000 	C:\Windows\System32\RPCRT4.dll
0x00007ffad21e0000 - 0x00007ffad21e8000 	C:\Windows\System32\PSAPI.DLL
0x00007ffac13d0000 - 0x00007ffac13d9000 	C:\Windows\SYSTEM32\WSOCK32.dll
0x00007ffad1d40000 - 0x00007ffad1dab000 	C:\Windows\System32\WS2_32.dll
0x00007ffabf890000 - 0x00007ffabf8b7000 	C:\Windows\SYSTEM32\WINMM.dll
0x00007ffac9aa0000 - 0x00007ffac9aaa000 	C:\Windows\SYSTEM32\VERSION.dll
0x00007ffacee90000 - 0x00007ffaceea2000 	C:\Windows\SYSTEM32\kernel.appcore.dll
0x00007ffac1220000 - 0x00007ffac1230000 	C:\Program Files\BlueJ\jdk\bin\verify.dll
0x00007fface320000 - 0x00007fface504000 	C:\Windows\SYSTEM32\DBGHELP.DLL
0x00007fface790000 - 0x00007fface7bc000 	C:\Windows\SYSTEM32\dbgcore.DLL
0x00007ffad16a0000 - 0x00007ffad1722000 	C:\Windows\System32\bcryptPrimitives.dll
0x00007ffab04f0000 - 0x00007ffab0518000 	C:\Program Files\BlueJ\jdk\bin\java.dll
0x00007ffaba2d0000 - 0x00007ffaba2da000 	C:\Program Files\BlueJ\jdk\bin\jimage.dll
0x00007ffab04d0000 - 0x00007ffab04e7000 	C:\Program Files\BlueJ\jdk\bin\zip.dll
0x00007ffad30b0000 - 0x00007ffad37f4000 	C:\Windows\System32\SHELL32.dll
0x00007ffacf090000 - 0x00007ffacf824000 	C:\Windows\SYSTEM32\windows.storage.dll
0x00007ffad19e0000 - 0x00007ffad1d34000 	C:\Windows\System32\combase.dll
0x00007ffad0900000 - 0x00007ffad092c000 	C:\Windows\SYSTEM32\Wldp.dll
0x00007ffad1f50000 - 0x00007ffad1ffd000 	C:\Windows\System32\SHCORE.dll
0x00007ffad2ea0000 - 0x00007ffad2ef5000 	C:\Windows\System32\shlwapi.dll
0x00007ffad0eb0000 - 0x00007ffad0ecf000 	C:\Windows\SYSTEM32\profapi.dll
0x00007ffab0150000 - 0x00007ffab0169000 	C:\Program Files\BlueJ\jdk\bin\net.dll
0x00007ffac0af0000 - 0x00007ffac0bfa000 	C:\Windows\SYSTEM32\WINHTTP.dll
0x00007ffad0660000 - 0x00007ffad06ca000 	C:\Windows\system32\mswsock.dll
0x00007ffab0130000 - 0x00007ffab0142000 	C:\Program Files\BlueJ\jdk\bin\nio.dll
0x000001f8ffed0000 - 0x000001f8ffed3000 	C:\Program Files\BlueJ\lib\javafx\bin\api-ms-win-core-console-l1-1-0.dll
0x000001f8ffee0000 - 0x000001f8ffee3000 	C:\Program Files\BlueJ\lib\javafx\bin\api-ms-win-core-datetime-l1-1-0.dll
0x000001f8ffef0000 - 0x000001f8ffef3000 	C:\Program Files\BlueJ\lib\javafx\bin\api-ms-win-core-debug-l1-1-0.dll
0x000001f8fff00000 - 0x000001f8fff03000 	C:\Program Files\BlueJ\lib\javafx\bin\api-ms-win-core-errorhandling-l1-1-0.dll
0x000001f8fff10000 - 0x000001f8fff14000 	C:\Program Files\BlueJ\lib\javafx\bin\api-ms-win-core-file-l1-1-0.dll
0x000001f8fff20000 - 0x000001f8fff23000 	C:\Program Files\BlueJ\lib\javafx\bin\api-ms-win-core-file-l1-2-0.dll
0x000001f8fff30000 - 0x000001f8fff33000 	C:\Program Files\BlueJ\lib\javafx\bin\api-ms-win-core-file-l2-1-0.dll
0x000001f8fff40000 - 0x000001f8fff43000 	C:\Program Files\BlueJ\lib\javafx\bin\api-ms-win-core-handle-l1-1-0.dll
0x000001f8fff50000 - 0x000001f8fff53000 	C:\Program Files\BlueJ\lib\javafx\bin\api-ms-win-core-heap-l1-1-0.dll
0x000001f8fff60000 - 0x000001f8fff63000 	C:\Program Files\BlueJ\lib\javafx\bin\api-ms-win-core-interlocked-l1-1-0.dll
0x000001f8fff70000 - 0x000001f8fff73000 	C:\Program Files\BlueJ\lib\javafx\bin\api-ms-win-core-libraryloader-l1-1-0.dll
0x000001f8fff80000 - 0x000001f8fff83000 	C:\Program Files\BlueJ\lib\javafx\bin\api-ms-win-core-localization-l1-2-0.dll
0x000001f8fff90000 - 0x000001f8fff93000 	C:\Program Files\BlueJ\lib\javafx\bin\api-ms-win-core-memory-l1-1-0.dll
0x000001f8fffa0000 - 0x000001f8fffa3000 	C:\Program Files\BlueJ\lib\javafx\bin\api-ms-win-core-namedpipe-l1-1-0.dll
0x000001f8fffb0000 - 0x000001f8fffb3000 	C:\Program Files\BlueJ\lib\javafx\bin\api-ms-win-core-processenvironment-l1-1-0.dll
0x000001f8fffc0000 - 0x000001f8fffc3000 	C:\Program Files\BlueJ\lib\javafx\bin\api-ms-win-core-processthreads-l1-1-0.dll
0x000001f8fffd0000 - 0x000001f8fffd3000 	C:\Program Files\BlueJ\lib\javafx\bin\api-ms-win-core-processthreads-l1-1-1.dll
0x000001f8fffe0000 - 0x000001f8fffe3000 	C:\Program Files\BlueJ\lib\javafx\bin\api-ms-win-core-profile-l1-1-0.dll
0x000001f8ffff0000 - 0x000001f8ffff3000 	C:\Program Files\BlueJ\lib\javafx\bin\api-ms-win-core-rtlsupport-l1-1-0.dll
0x000001f88fc00000 - 0x000001f88fc03000 	C:\Program Files\BlueJ\lib\javafx\bin\api-ms-win-core-string-l1-1-0.dll
0x000001f88fc10000 - 0x000001f88fc13000 	C:\Program Files\BlueJ\lib\javafx\bin\api-ms-win-core-synch-l1-1-0.dll
0x000001f88fc20000 - 0x000001f88fc23000 	C:\Program Files\BlueJ\lib\javafx\bin\api-ms-win-core-synch-l1-2-0.dll
0x000001f88fc30000 - 0x000001f88fc33000 	C:\Program Files\BlueJ\lib\javafx\bin\api-ms-win-core-sysinfo-l1-1-0.dll
0x000001f88fc40000 - 0x000001f88fc43000 	C:\Program Files\BlueJ\lib\javafx\bin\api-ms-win-core-timezone-l1-1-0.dll
0x000001f88fc50000 - 0x000001f88fc53000 	C:\Program Files\BlueJ\lib\javafx\bin\api-ms-win-core-util-l1-1-0.dll
0x000001f88fc60000 - 0x000001f88fc63000 	C:\Program Files\BlueJ\lib\javafx\bin\api-ms-win-crt-conio-l1-1-0.dll
0x000001f88fc70000 - 0x000001f88fc74000 	C:\Program Files\BlueJ\lib\javafx\bin\api-ms-win-crt-convert-l1-1-0.dll
0x000001f88fc80000 - 0x000001f88fc83000 	C:\Program Files\BlueJ\lib\javafx\bin\api-ms-win-crt-environment-l1-1-0.dll
0x000001f88fc90000 - 0x000001f88fc93000 	C:\Program Files\BlueJ\lib\javafx\bin\api-ms-win-crt-filesystem-l1-1-0.dll
0x000001f88fca0000 - 0x000001f88fca3000 	C:\Program Files\BlueJ\lib\javafx\bin\api-ms-win-crt-heap-l1-1-0.dll
0x000001f88fcb0000 - 0x000001f88fcb3000 	C:\Program Files\BlueJ\lib\javafx\bin\api-ms-win-crt-locale-l1-1-0.dll
0x000001f88fcc0000 - 0x000001f88fcc5000 	C:\Program Files\BlueJ\lib\javafx\bin\api-ms-win-crt-math-l1-1-0.dll
0x000001f88fcd0000 - 0x000001f88fcd5000 	C:\Program Files\BlueJ\lib\javafx\bin\api-ms-win-crt-multibyte-l1-1-0.dll
0x000001f88fce0000 - 0x000001f88fcf0000 	C:\Program Files\BlueJ\lib\javafx\bin\api-ms-win-crt-private-l1-1-0.dll
0x000001f88fcf0000 - 0x000001f88fcf3000 	C:\Program Files\BlueJ\lib\javafx\bin\api-ms-win-crt-process-l1-1-0.dll
0x000001f88fd00000 - 0x000001f88fd04000 	C:\Program Files\BlueJ\lib\javafx\bin\api-ms-win-crt-runtime-l1-1-0.dll
0x000001f88fd10000 - 0x000001f88fd14000 	C:\Program Files\BlueJ\lib\javafx\bin\api-ms-win-crt-stdio-l1-1-0.dll
0x000001f88fd20000 - 0x000001f88fd24000 	C:\Program Files\BlueJ\lib\javafx\bin\api-ms-win-crt-string-l1-1-0.dll
0x000001f88fd30000 - 0x000001f88fd33000 	C:\Program Files\BlueJ\lib\javafx\bin\api-ms-win-crt-time-l1-1-0.dll
0x000001f88fd40000 - 0x000001f88fd43000 	C:\Program Files\BlueJ\lib\javafx\bin\api-ms-win-crt-utility-l1-1-0.dll
0x00007ffa88cb0000 - 0x00007ffa88daa000 	C:\Program Files\BlueJ\lib\javafx\bin\ucrtbase.dll
0x00007ffaae190000 - 0x00007ffaae1a6000 	C:\Program Files\BlueJ\lib\javafx\bin\vcruntime140.dll
0x00007ffa88c00000 - 0x00007ffa88ca6000 	C:\Program Files\BlueJ\lib\javafx\bin\msvcp140.dll
0x00007ffaadd10000 - 0x00007ffaadd61000 	C:\Program Files\BlueJ\lib\javafx\bin\concrt140.dll
0x00007ffaad9b0000 - 0x00007ffaad9d3000 	C:\Program Files\BlueJ\lib\javafx\bin\prism_d3d.dll
0x00007ffaaebc0000 - 0x00007ffaaed8f000 	C:\Windows\system32\d3d9.dll
0x00007ffacec80000 - 0x00007ffacecaf000 	C:\Windows\SYSTEM32\dwmapi.dll
0x00007fface9b0000 - 0x00007ffacea4e000 	C:\Windows\system32\uxtheme.dll
0x00007ffa88a50000 - 0x00007ffa88bf2000 	C:\Windows\System32\DriverStore\FileRepository\iigd_dch.inf_amd64_1dc9fc8d5e442f6a\igdumdim64.dll
0x00007ffad2d70000 - 0x00007ffad2e9a000 	C:\Windows\System32\ole32.dll
0x00007ffad1880000 - 0x00007ffad18a7000 	C:\Windows\System32\bcrypt.dll
0x00007ffa7fb70000 - 0x00007ffa83780000 	C:\Windows\System32\DriverStore\FileRepository\iigd_dch.inf_amd64_1dc9fc8d5e442f6a\igd9dxva64.dll
0x00007ffad1db0000 - 0x00007ffad1e7d000 	C:\Windows\System32\OLEAUT32.dll
0x00007ffad2480000 - 0x00007ffad28ef000 	C:\Windows\System32\SETUPAPI.dll
0x00007ffad1730000 - 0x00007ffad177e000 	C:\Windows\System32\cfgmgr32.dll
0x00007ffac7170000 - 0x00007ffac7537000 	C:\Windows\System32\DriverStore\FileRepository\iigd_dch.inf_amd64_1dc9fc8d5e442f6a\igdgmm64.dll
0x00007ffaae270000 - 0x00007ffaae2b5000 	C:\Program Files\BlueJ\lib\javafx\bin\glass.dll
0x00007ffad20a0000 - 0x00007ffad217b000 	C:\Windows\System32\COMDLG32.dll
0x00007ffad2f00000 - 0x00007ffad3015000 	C:\Windows\System32\MSCTF.dll
0x00007ffa9cce0000 - 0x00007ffa9cd07000 	C:\Windows\System32\DriverStore\FileRepository\iigd_dch.inf_amd64_1dc9fc8d5e442f6a\igdinfo64.dll
0x00007ffac2ee0000 - 0x00007ffac6492000 	C:\Windows\System32\DriverStore\FileRepository\iigd_dch.inf_amd64_1dc9fc8d5e442f6a\igc64.dll
0x00007ffaca2d0000 - 0x00007ffaca30b000 	C:\Windows\SYSTEM32\dxcore.dll
0x00007ffaae250000 - 0x00007ffaae264000 	C:\Program Files\BlueJ\lib\javafx\bin\javafx_font.dll
0x00007ffaa6ed0000 - 0x00007ffaa714f000 	C:\Windows\SYSTEM32\dwrite.dll
0x00007ffad1930000 - 0x00007ffad19d9000 	C:\Windows\System32\clbcatq.dll
0x00007ffac9520000 - 0x00007ffac96d4000 	C:\Windows\SYSTEM32\WindowsCodecs.dll
0x00007ffaae890000 - 0x00007ffaae8ce000 	C:\Windows\system32\dataexchange.dll
0x00007ffacd350000 - 0x00007ffacd5b3000 	C:\Windows\system32\d3d11.dll
0x00007ffacdaa0000 - 0x00007ffacdc84000 	C:\Windows\system32\dcomp.dll
0x00007ffacf870000 - 0x00007ffacf963000 	C:\Windows\system32\dxgi.dll
0x00007ffacbff0000 - 0x00007ffacc1f0000 	C:\Windows\system32\twinapi.appcore.dll
0x00007ffaa9750000 - 0x00007ffaa9784000 	C:\Program Files\Common Files\Microsoft Shared\Ink\rtscom.dll
0x00007ffacc490000 - 0x00007ffacc589000 	C:\Windows\SYSTEM32\textinputframework.dll
0x00007ffacdc90000 - 0x00007ffacdfee000 	C:\Windows\System32\CoreUIComponents.dll
0x00007fface060000 - 0x00007fface152000 	C:\Windows\System32\CoreMessaging.dll
0x00007ffacfc70000 - 0x00007ffacfca3000 	C:\Windows\SYSTEM32\ntmarta.dll
0x00007ffacd5c0000 - 0x00007ffacd714000 	C:\Windows\SYSTEM32\wintypes.dll
0x00007ffa88ed0000 - 0x00007ffa89069000 	C:\Program Files\BlueJ\jdk\bin\awt.dll
0x00007fface5b0000 - 0x00007fface640000 	C:\Windows\SYSTEM32\apphelp.dll
0x00007ffabf6f0000 - 0x00007ffabf816000 	C:\Windows\system32\opengl32.dll
0x00007ffabe8a0000 - 0x00007ffabe8cc000 	C:\Windows\SYSTEM32\GLU32.dll
0x00007ffaba2c0000 - 0x00007ffaba2ce000 	C:\Program Files\BlueJ\jdk\bin\sunmscapi.dll
0x00007ffad1510000 - 0x00007ffad1666000 	C:\Windows\System32\CRYPT32.dll
0x00007ffad0970000 - 0x00007ffad0997000 	C:\Windows\SYSTEM32\ncrypt.dll

dbghelp: loaded successfully - version: 4.0.5 - missing functions: none
symbol engine: initialized successfully - sym options: 0x614 - pdb path: .;C:\Program Files\BlueJ\jdk\bin;C:\Windows\SYSTEM32;C:\Windows\WinSxS\amd64_microsoft.windows.common-controls_6595b64144ccf1df_6.0.19041.1110_none_60b5254171f9507e;C:\Program Files\BlueJ\jdk\bin\server;C:\Program Files\BlueJ\lib\javafx\bin;C:\Windows\System32\DriverStore\FileRepository\iigd_dch.inf_amd64_1dc9fc8d5e442f6a;C:\Program Files\Common Files\Microsoft Shared\Ink

VM Arguments:
jvm_args: -Dhttps.protocols=TLSv1,TLSv1.1,TLSv1.2 
java_command: bluej.Boot T:\Angelina Pilkenrodt\Schule\Info\Bankanwendung-copy\package.bluej
java_class_path (initial): C:\Program Files\BlueJ\lib\bluej.jar;C:\Program Files\BlueJ\lib\javafx\lib\javafx.base.jar;C:\Program Files\BlueJ\lib\javafx\lib\javafx.controls.jar;C:\Program Files\BlueJ\lib\javafx\lib\javafx.fxml.jar;C:\Program Files\BlueJ\lib\javafx\lib\javafx.graphics.jar;C:\Program Files\BlueJ\lib\javafx\lib\javafx.media.jar;C:\Program Files\BlueJ\lib\javafx\lib\javafx.properties.jar;C:\Program Files\BlueJ\lib\javafx\lib\javafx.swing.jar;C:\Program Files\BlueJ\lib\javafx\lib\javafx.web.jar
Launcher Type: SUN_STANDARD

[Global flags]
     intx CICompilerCount                          = 2                                         {product} {ergonomic}
     uint ConcGCThreads                            = 1                                         {product} {ergonomic}
     uint G1ConcRefinementThreads                  = 2                                         {product} {ergonomic}
   size_t G1HeapRegionSize                         = 1048576                                   {product} {ergonomic}
    uintx GCDrainStackTargetSize                   = 64                                        {product} {ergonomic}
   size_t InitialHeapSize                          = 67108864                                  {product} {ergonomic}
   size_t MarkStackSize                            = 4194304                                   {product} {ergonomic}
   size_t MaxHeapSize                              = 1048576000                                {product} {ergonomic}
   size_t MaxNewSize                               = 629145600                                 {product} {ergonomic}
   size_t MinHeapDeltaBytes                        = 1048576                                   {product} {ergonomic}
    uintx NonNMethodCodeHeapSize                   = 5825164                                {pd product} {ergonomic}
    uintx NonProfiledCodeHeapSize                  = 122916538                              {pd product} {ergonomic}
    uintx ProfiledCodeHeapSize                     = 122916538                              {pd product} {ergonomic}
    uintx ReservedCodeCacheSize                    = 251658240                              {pd product} {ergonomic}
     bool SegmentedCodeCache                       = true                                      {product} {ergonomic}
     bool UseCompressedClassPointers               = true                                 {lp64_product} {ergonomic}
     bool UseCompressedOops                        = true                                 {lp64_product} {ergonomic}
     bool UseG1GC                                  = true                                      {product} {ergonomic}
     bool UseLargePagesIndividualAllocation        = false                                  {pd product} {ergonomic}

Logging:
Log output configuration:
 #0: stdout all=warning uptime,level,tags
 #1: stderr all=off uptime,level,tags

Environment Variables:
JAVA_HOME=c:\Program Files\openJDK\openJDK 11\
JRE_HOME=C:\Program Files\Java\jre1.8\
PATH=C:\Windows\system32;C:\Windows;C:\Windows\System32\Wbem;C:\Windows\System32\WindowsPowerShell\v1.0\;C:\Windows\System32\OpenSSH\;C:\Windows\Microsoft.NET\Framework\v4.0.30319;C:\Program Files (x86)\QT Lite\QTSystem;c:\Program Files (x86)\openJDK\openJDK1.8\bin;c:\Program Files (x86)\openJDK\openJDK1.8\jre\bin;C:\Windows\system32\config\systemprofile\AppData\Local\Microsoft\WindowsApps;C:\Program Files\Java\jre1.8\bin;C:\Program Files (x86)\Windows Live\Shared;c:\Program Files\openJDK\openJDK1.8\jre\bin;c:\Program Files\openJDK\openJDK 11\bin;c:\Program Files\openJDK\openJDK1.8\bin;C:\Users\angelina.pilkenrodt\AppData\Local\Microsoft\WindowsApps;
USERNAME=angelina.pilkenrodt
OS=Windows_NT
PROCESSOR_IDENTIFIER=Intel64 Family 6 Model 94 Stepping 3, GenuineIntel



---------------  S Y S T E M  ---------------

OS: Windows 10 , 64 bit Build 19041 (10.0.19041.1741)
OS uptime: 0 days 1:07 hours

CPU:total 2 (initial active 2) (2 cores per cpu, 1 threads per core) family 6 model 94 stepping 3 microcode 0xcc, cmov, cx8, fxsr, mmx, sse, sse2, sse3, ssse3, sse4.1, sse4.2, popcnt, aes, clmul, erms, 3dnowpref, lzcnt, tsc, tscinvbit

Memory: 4k page, system-wide physical 3999M (939M free)
TotalPageFile size 8607M (AvailPageFile size 2044M)
current process WorkingSet (physical memory assigned to process): 349M, peak: 349M
current process commit charge ("private bytes"): 384M, peak: 384M

vm_info: OpenJDK 64-Bit Server VM (11.0.10+9) for windows-amd64 JRE (11.0.10+9), built on Jan 20 2021 06:07:07 by "" with MS VC++ 15.9 (VS2017)

END.
